<?xml version="1.0" encoding="utf-8"?>
<TestRun id="a61a4526-49f0-40ce-a0bb-9920c3ac4166" name="DKSR-EFI-06$@DKSR-EFI-06 2024-01-09 15:46:00" runUser="NT AUTHORITY\NETWORK SERVICE" xmlns="http://microsoft.com/schemas/VisualStudio/TeamTest/2010">
  <Times creation="2024-01-09T15:46:00.1269149+01:00" queuing="2024-01-09T15:46:00.1269149+01:00" start="2024-01-09T15:45:57.7045157+01:00" finish="2024-01-09T15:46:36.6834624+01:00" />
  <TestSettings name="default" id="843f771f-12d7-4751-af0b-13019b5bfbfd">
    <Deployment runDeploymentRoot="DKSR-EFI-06$_DKSR-EFI-06_2024-01-09_15_46_00" />
  </TestSettings>
  <Results>
    <UnitTestResult executionId="78f780ce-a3bb-4e0c-b5c4-edd7427d6eca" testId="6717228d-b0db-29cf-2f7d-7fb9f7b75e75" testName="Execute_GivenInvalidAppConfiguration_ShouldLogAndReturnFalse" computerName="DKSR-EFI-06" duration="00:00:00.2184104" startTime="2024-01-09T15:45:58.7552521+01:00" endTime="2024-01-09T15:45:58.9942031+01:00" testType="13cdc9d9-ddb5-4fa4-a97d-d965ccfc6d4b" outcome="Passed" testListId="8c84fa94-04c1-424b-9868-57a2d4851a1d" relativeResultsDirectory="78f780ce-a3bb-4e0c-b5c4-edd7427d6eca" />
    <UnitTestResult executionId="f42d8571-778d-48ab-afcb-1b1e0c479897" testId="c88add81-88bd-8ea9-989f-db2dfc287771" testName="CreateEmbedded_GivenExistingScriptName_ShouldReturnValidScript" computerName="DKSR-EFI-06" duration="00:00:00.0008599" startTime="2024-01-09T15:46:36.5299821+01:00" endTime="2024-01-09T15:46:36.5309078+01:00" testType="13cdc9d9-ddb5-4fa4-a97d-d965ccfc6d4b" outcome="Passed" testListId="8c84fa94-04c1-424b-9868-57a2d4851a1d" relativeResultsDirectory="f42d8571-778d-48ab-afcb-1b1e0c479897" />
    <UnitTestResult executionId="5b77b537-63f3-4f17-8901-ee162558f006" testId="b6a84fc9-b8af-7638-b578-e83dde990014" testName="CreateAndUpgradeVmsDatabaseToNewVersion" computerName="DKSR-EFI-06" duration="00:00:02.1015671" startTime="2024-01-09T15:46:15.2430880+01:00" endTime="2024-01-09T15:46:17.3456192+01:00" testType="13cdc9d9-ddb5-4fa4-a97d-d965ccfc6d4b" outcome="Passed" testListId="8c84fa94-04c1-424b-9868-57a2d4851a1d" relativeResultsDirectory="5b77b537-63f3-4f17-8901-ee162558f006">
      <Output>
        <StdOut>Executing Baseline scripts&#xD;
Script content has been replaced. Key: {NewDatabaseLicenseTlsData}&#xD;
Script content has been replaced. Key: {NewDatabaseHomeSiteId}&#xD;
Script content has been replaced. Key: {NewDatabaseHomeSiteId}&#xD;
Script content has been replaced. Key: {NewDatabaseHomeSiteId}&#xD;
Baseline scripts have been executed&#xD;
&#xD;
Retrieving all sql files from: SomePath; Current DB version: 23.3.8&#xD;
Script 21.1.1.SomeScriptName.sql version 21.1.1 is lower than current VMS DB version 23.3.8&#xD;
1 sql files found.&#xD;
Retrieving all sql files from: SomePath\Temp&#xD;
0 sql files found.&#xD;
Retrieving all sql files from: SomePath\StoredProcedures&#xD;
0 sql files found.&#xD;
System table set to version: 55.3.9</StdOut>
      </Output>
    </UnitTestResult>
    <UnitTestResult executionId="9351c9f6-f780-4a2e-81b5-292e08f6a276" testId="bba149cc-081a-f1aa-47df-144245184e0e" testName="GetLogLevel_NoneLogLevel_Success" computerName="DKSR-EFI-06" duration="00:00:00.0004699" startTime="2024-01-09T15:46:36.5913298+01:00" endTime="2024-01-09T15:46:36.5918932+01:00" testType="13cdc9d9-ddb5-4fa4-a97d-d965ccfc6d4b" outcome="Passed" testListId="8c84fa94-04c1-424b-9868-57a2d4851a1d" relativeResultsDirectory="9351c9f6-f780-4a2e-81b5-292e08f6a276" />
    <UnitTestResult executionId="cae13bd5-37e4-48d3-a86c-796e4847daa7" testId="9bfeb736-ca4e-5e91-b7a2-4db35809c59a" testName="IsReadyToExecute_UpdateScenario_HappyPath_ShouldReturnTrue" computerName="DKSR-EFI-06" duration="00:00:00.0050564" startTime="2024-01-09T15:46:36.5046711+01:00" endTime="2024-01-09T15:46:36.5098349+01:00" testType="13cdc9d9-ddb5-4fa4-a97d-d965ccfc6d4b" outcome="Passed" testListId="8c84fa94-04c1-424b-9868-57a2d4851a1d" relativeResultsDirectory="cae13bd5-37e4-48d3-a86c-796e4847daa7" />
    <UnitTestResult executionId="bbb21238-ab35-4944-ac00-8c0e16c02b46" testId="702645e6-7396-cb60-9de0-cccaae422d3f" testName="Get_GivenCommandLineArgs_ShouldReturnCorrectAppConfig" computerName="DKSR-EFI-06" duration="00:00:00.0037870" startTime="2024-01-09T15:46:36.6080602+01:00" endTime="2024-01-09T15:46:36.6119119+01:00" testType="13cdc9d9-ddb5-4fa4-a97d-d965ccfc6d4b" outcome="Passed" testListId="8c84fa94-04c1-424b-9868-57a2d4851a1d" relativeResultsDirectory="bbb21238-ab35-4944-ac00-8c0e16c02b46" />
    <UnitTestResult executionId="ad6a14f4-746a-4d97-a17d-f985f42e8aa4" testId="3e39c4fd-e569-1a52-6db5-663e0f313655" testName="Execute_GivenScriptContentReplacements_ShouldExecuteScriptWithReplacedContent" computerName="DKSR-EFI-06" duration="00:00:00.0035799" startTime="2024-01-09T15:46:36.5678321+01:00" endTime="2024-01-09T15:46:36.5714909+01:00" testType="13cdc9d9-ddb5-4fa4-a97d-d965ccfc6d4b" outcome="Passed" testListId="8c84fa94-04c1-424b-9868-57a2d4851a1d" relativeResultsDirectory="ad6a14f4-746a-4d97-a17d-f985f42e8aa4" />
    <UnitTestResult executionId="23db7991-78af-4b8f-b37d-a1de9a56b508" testId="9b464051-17df-e8a9-ef0d-733218e9a3ee" testName="Constructor_NoNulls_Success" computerName="DKSR-EFI-06" duration="00:00:00.0001888" startTime="2024-01-09T15:46:36.4892130+01:00" endTime="2024-01-09T15:46:36.4894614+01:00" testType="13cdc9d9-ddb5-4fa4-a97d-d965ccfc6d4b" outcome="Passed" testListId="8c84fa94-04c1-424b-9868-57a2d4851a1d" relativeResultsDirectory="23db7991-78af-4b8f-b37d-a1de9a56b508" />
    <UnitTestResult executionId="cf141409-622e-4b23-8679-6ce982ebd606" testId="7e1833b0-8b42-2c29-a2eb-b5a87e60f73a" testName="ShouldExecute_NoVmsConnectionString_ShouldReturnFalse" computerName="DKSR-EFI-06" duration="00:00:00.0002053" startTime="2024-01-09T15:46:36.4894825+01:00" endTime="2024-01-09T15:46:36.4897276+01:00" testType="13cdc9d9-ddb5-4fa4-a97d-d965ccfc6d4b" outcome="Passed" testListId="8c84fa94-04c1-424b-9868-57a2d4851a1d" relativeResultsDirectory="cf141409-622e-4b23-8679-6ce982ebd606" />
    <UnitTestResult executionId="728025a7-5289-406a-8583-ca00feae64a0" testId="ab19b7bf-ad07-089f-53a1-3d3dbecbc8f5" testName="Execute_GivenHelpArg_ShouldLogHelpAndReturnTrue" computerName="DKSR-EFI-06" duration="00:00:00.0121299" startTime="2024-01-09T15:45:59.0035360+01:00" endTime="2024-01-09T15:45:59.0160633+01:00" testType="13cdc9d9-ddb5-4fa4-a97d-d965ccfc6d4b" outcome="Passed" testListId="8c84fa94-04c1-424b-9868-57a2d4851a1d" relativeResultsDirectory="728025a7-5289-406a-8583-ca00feae64a0" />
    <UnitTestResult executionId="aa1ef44d-364f-4cfe-93cf-07966d300459" testId="5b23e67a-a2a0-c3c3-cce5-1e6575c01c9d" testName="Create_GivenScriptWithoutValidStatements_ShouldReturnScriptWithoutStatements" computerName="DKSR-EFI-06" duration="00:00:00.0014142" startTime="2024-01-09T15:46:36.5205472+01:00" endTime="2024-01-09T15:46:36.5220244+01:00" testType="13cdc9d9-ddb5-4fa4-a97d-d965ccfc6d4b" outcome="Passed" testListId="8c84fa94-04c1-424b-9868-57a2d4851a1d" relativeResultsDirectory="aa1ef44d-364f-4cfe-93cf-07966d300459" />
    <UnitTestResult executionId="7795cce1-2f00-4691-ae28-90ca19e36cda" testId="bc65ce97-e1cb-7cff-0568-18a39fed20c2" testName="CreateEmbedded_GivenNonExistingScriptName_ShouldThrow" computerName="DKSR-EFI-06" duration="00:00:00.0013779" startTime="2024-01-09T15:46:36.5284873+01:00" endTime="2024-01-09T15:46:36.5299564+01:00" testType="13cdc9d9-ddb5-4fa4-a97d-d965ccfc6d4b" outcome="Passed" testListId="8c84fa94-04c1-424b-9868-57a2d4851a1d" relativeResultsDirectory="7795cce1-2f00-4691-ae28-90ca19e36cda" />
    <UnitTestResult executionId="8f5479d8-e093-45ca-ae72-31da8c9891bc" testId="fb86b757-bded-c0b9-e792-10e606c289de" testName="GetScripts_GivenInvalidScripts_ShouldThrow" computerName="DKSR-EFI-06" duration="00:00:00.0025173" startTime="2024-01-09T15:46:36.5536361+01:00" endTime="2024-01-09T15:46:36.5562226+01:00" testType="13cdc9d9-ddb5-4fa4-a97d-d965ccfc6d4b" outcome="Passed" testListId="8c84fa94-04c1-424b-9868-57a2d4851a1d" relativeResultsDirectory="8f5479d8-e093-45ca-ae72-31da8c9891bc" />
    <UnitTestResult executionId="7a1b915a-8fa6-4d83-891d-572be6711519" testId="78c43138-7ef9-3133-dade-14b848c3191c" testName="Create_GivenVersionedScript_ShouldReturnScriptWithVersion" computerName="DKSR-EFI-06" duration="00:00:00.0012694" startTime="2024-01-09T15:46:36.5248607+01:00" endTime="2024-01-09T15:46:36.5261877+01:00" testType="13cdc9d9-ddb5-4fa4-a97d-d965ccfc6d4b" outcome="Passed" testListId="8c84fa94-04c1-424b-9868-57a2d4851a1d" relativeResultsDirectory="7a1b915a-8fa6-4d83-891d-572be6711519" />
    <UnitTestResult executionId="1cee70b9-8548-4b10-b85b-60d5dd9c9f77" testId="ac9ae4b8-5b59-bf17-6036-8874e550ac26" testName="CreateVmsDatabase" computerName="DKSR-EFI-06" duration="00:00:04.7141173" startTime="2024-01-09T15:45:59.0161779+01:00" endTime="2024-01-09T15:46:03.7323088+01:00" testType="13cdc9d9-ddb5-4fa4-a97d-d965ccfc6d4b" outcome="Passed" testListId="8c84fa94-04c1-424b-9868-57a2d4851a1d" relativeResultsDirectory="1cee70b9-8548-4b10-b85b-60d5dd9c9f77">
      <Output>
        <StdOut>Executing Baseline scripts&#xD;
Script content has been replaced. Key: {NewDatabaseLicenseTlsData}&#xD;
Script content has been replaced. Key: {NewDatabaseHomeSiteId}&#xD;
Script content has been replaced. Key: {NewDatabaseHomeSiteId}&#xD;
Script content has been replaced. Key: {NewDatabaseHomeSiteId}&#xD;
Baseline scripts have been executed&#xD;
&#xD;
Retrieving all sql files from: ; Current DB version: 23.3.8&#xD;
0 sql files found.&#xD;
Retrieving all sql files from: Temp&#xD;
0 sql files found.&#xD;
Retrieving all sql files from: StoredProcedures&#xD;
0 sql files found.</StdOut>
      </Output>
    </UnitTestResult>
    <UnitTestResult executionId="b6095063-e60b-4bdc-bc8f-a82504f45bb2" testId="6ee6e7fe-d9ff-b8c7-4cce-86eb02501373" testName="Create_GivenScriptWithoutTransactionSupport_ShouldReturnScriptWithoutTransactionSupport" computerName="DKSR-EFI-06" duration="00:00:00.0011726" startTime="2024-01-09T15:46:36.5192784+01:00" endTime="2024-01-09T15:46:36.5205198+01:00" testType="13cdc9d9-ddb5-4fa4-a97d-d965ccfc6d4b" outcome="Passed" testListId="8c84fa94-04c1-424b-9868-57a2d4851a1d" relativeResultsDirectory="b6095063-e60b-4bdc-bc8f-a82504f45bb2" />
    <UnitTestResult executionId="91748536-15fd-4ffd-95f4-ab5b7af5ab28" testId="465f0b10-185c-c9d6-3652-0b9a093b0b3b" testName="ShouldExecute_GivenVmsConnectionString_ShouldReturnTrue" computerName="DKSR-EFI-06" duration="00:00:00.0002029" startTime="2024-01-09T15:46:36.4897462+01:00" endTime="2024-01-09T15:46:36.4899887+01:00" testType="13cdc9d9-ddb5-4fa4-a97d-d965ccfc6d4b" outcome="Passed" testListId="8c84fa94-04c1-424b-9868-57a2d4851a1d" relativeResultsDirectory="91748536-15fd-4ffd-95f4-ab5b7af5ab28" />
    <UnitTestResult executionId="c6e2827c-e635-4de8-89a1-1e05a27a6505" testId="ab194622-cf10-28ec-2400-b5abc4ca3946" testName="Execute_GivenMultipleScriptsInCollection_ShouldExecuteAllScripts" computerName="DKSR-EFI-06" duration="00:00:00.0039987" startTime="2024-01-09T15:46:36.5637283+01:00" endTime="2024-01-09T15:46:36.5677987+01:00" testType="13cdc9d9-ddb5-4fa4-a97d-d965ccfc6d4b" outcome="Passed" testListId="8c84fa94-04c1-424b-9868-57a2d4851a1d" relativeResultsDirectory="c6e2827c-e635-4de8-89a1-1e05a27a6505" />
    <UnitTestResult executionId="c7019838-6198-413f-8fb4-f9fe88816156" testId="fc744469-1019-677e-ec3e-cac0babb1498" testName="GetVersionedScripts_PathWithoutScripts_EmptyResult_Success" computerName="DKSR-EFI-06" duration="00:00:00.0047602" startTime="2024-01-09T15:46:36.5309391+01:00" endTime="2024-01-09T15:46:36.5358735+01:00" testType="13cdc9d9-ddb5-4fa4-a97d-d965ccfc6d4b" outcome="Passed" testListId="8c84fa94-04c1-424b-9868-57a2d4851a1d" relativeResultsDirectory="c7019838-6198-413f-8fb4-f9fe88816156" />
    <UnitTestResult executionId="7ebd62c1-20b7-4e5f-9d71-b8e607c41b6a" testId="f419461f-31bf-a70b-f83a-889f52c5c952" testName="GetVmsDbTypeMapper_VmsDbType_AllArguments" computerName="DKSR-EFI-06" duration="00:00:00.0010999" startTime="2024-01-09T15:46:36.5131116+01:00" endTime="2024-01-09T15:46:36.5143743+01:00" testType="13cdc9d9-ddb5-4fa4-a97d-d965ccfc6d4b" outcome="Passed" testListId="8c84fa94-04c1-424b-9868-57a2d4851a1d" relativeResultsDirectory="7ebd62c1-20b7-4e5f-9d71-b8e607c41b6a" />
    <UnitTestResult executionId="0accc160-d410-4d52-aa10-9f0827e425ed" testId="e78fe158-9bbe-4100-8e01-2da76940083e" testName="IsReadyToExecute_NoVmsConnectionString_ShouldReturnFalse" computerName="DKSR-EFI-06" duration="00:00:00.0002127" startTime="2024-01-09T15:46:36.4900060+01:00" endTime="2024-01-09T15:46:36.4902572+01:00" testType="13cdc9d9-ddb5-4fa4-a97d-d965ccfc6d4b" outcome="Passed" testListId="8c84fa94-04c1-424b-9868-57a2d4851a1d" relativeResultsDirectory="0accc160-d410-4d52-aa10-9f0827e425ed" />
    <UnitTestResult executionId="73e7dfc5-b218-473f-9f2a-8023d215e8fd" testId="0b5cb3ff-7c31-8b4f-f774-04f204b3af60" testName="CreateThenUpgradeVmsDatabaseToNewVersion" computerName="DKSR-EFI-06" duration="00:00:02.4338711" startTime="2024-01-09T15:46:12.8082175+01:00" endTime="2024-01-09T15:46:15.2427794+01:00" testType="13cdc9d9-ddb5-4fa4-a97d-d965ccfc6d4b" outcome="Passed" testListId="8c84fa94-04c1-424b-9868-57a2d4851a1d" relativeResultsDirectory="73e7dfc5-b218-473f-9f2a-8023d215e8fd">
      <Output>
        <StdOut>Executing Baseline scripts&#xD;
Script content has been replaced. Key: {NewDatabaseLicenseTlsData}&#xD;
Script content has been replaced. Key: {NewDatabaseHomeSiteId}&#xD;
Script content has been replaced. Key: {NewDatabaseHomeSiteId}&#xD;
Script content has been replaced. Key: {NewDatabaseHomeSiteId}&#xD;
Baseline scripts have been executed&#xD;
&#xD;
Retrieving all sql files from: SomePath; Current DB version: 23.3.8&#xD;
0 sql files found.&#xD;
Retrieving all sql files from: SomePath\Temp&#xD;
0 sql files found.&#xD;
Retrieving all sql files from: SomePath\StoredProcedures&#xD;
0 sql files found.&#xD;
Retrieving all sql files from: SomePath; Current DB version: 23.3.8&#xD;
Script 21.1.1.SomeScriptName.sql version 21.1.1 is lower than current VMS DB version 23.3.8&#xD;
1 sql files found.&#xD;
Retrieving all sql files from: SomePath\Temp&#xD;
0 sql files found.&#xD;
Retrieving all sql files from: SomePath\StoredProcedures&#xD;
0 sql files found.&#xD;
System table set to version: 55.3.9</StdOut>
      </Output>
    </UnitTestResult>
    <UnitTestResult executionId="2d4bc135-7d2f-4536-9c2a-1cb54170620d" testId="04f8bbce-1f90-cd92-253a-67e1f4ba674f" testName="Constructor_ScriptsExecutor_Null_Throws_ArgumentNullException" computerName="DKSR-EFI-06" duration="00:00:00.0002743" startTime="2024-01-09T15:46:36.4869887+01:00" endTime="2024-01-09T15:46:36.4873870+01:00" testType="13cdc9d9-ddb5-4fa4-a97d-d965ccfc6d4b" outcome="Passed" testListId="8c84fa94-04c1-424b-9868-57a2d4851a1d" relativeResultsDirectory="2d4bc135-7d2f-4536-9c2a-1cb54170620d" />
    <UnitTestResult executionId="5b638d09-ad03-4fff-9323-5d6682584413" testId="68cb11d5-1985-d85b-200d-5926f8c81604" testName="GetVersionedScripts_Sorting_Success" computerName="DKSR-EFI-06" duration="00:00:00.0040794" startTime="2024-01-09T15:46:36.5359273+01:00" endTime="2024-01-09T15:46:36.5401451+01:00" testType="13cdc9d9-ddb5-4fa4-a97d-d965ccfc6d4b" outcome="Passed" testListId="8c84fa94-04c1-424b-9868-57a2d4851a1d" relativeResultsDirectory="5b638d09-ad03-4fff-9323-5d6682584413" />
    <UnitTestResult executionId="82006172-0633-4f43-8886-e2dce429ffd0" testId="b981ef1e-0643-0a10-c408-9602ea31071b" testName="GetLogLevel_InvalidArgument_Returns_DefaultLogLevel" computerName="DKSR-EFI-06" duration="00:00:00.0137595" startTime="2024-01-09T15:46:36.5774124+01:00" endTime="2024-01-09T15:46:36.5912724+01:00" testType="13cdc9d9-ddb5-4fa4-a97d-d965ccfc6d4b" outcome="Passed" testListId="8c84fa94-04c1-424b-9868-57a2d4851a1d" relativeResultsDirectory="82006172-0633-4f43-8886-e2dce429ffd0" />
    <UnitTestResult executionId="79b39146-b4a6-46ac-9a88-e140daf513a0" testId="3c38b12d-0514-ddbf-d2d8-766e948984fc" testName="CreateThenOverwriteDatabase" computerName="DKSR-EFI-06" duration="00:00:05.7980428" startTime="2024-01-09T15:46:17.3459855+01:00" endTime="2024-01-09T15:46:23.1460000+01:00" testType="13cdc9d9-ddb5-4fa4-a97d-d965ccfc6d4b" outcome="Passed" testListId="8c84fa94-04c1-424b-9868-57a2d4851a1d" relativeResultsDirectory="79b39146-b4a6-46ac-9a88-e140daf513a0">
      <Output>
        <StdOut>Executing Baseline scripts&#xD;
Script content has been replaced. Key: {NewDatabaseLicenseTlsData}&#xD;
Script content has been replaced. Key: {NewDatabaseHomeSiteId}&#xD;
Script content has been replaced. Key: {NewDatabaseHomeSiteId}&#xD;
Script content has been replaced. Key: {NewDatabaseHomeSiteId}&#xD;
Baseline scripts have been executed&#xD;
&#xD;
Retrieving all sql files from: SomePath; Current DB version: 23.3.8&#xD;
1 sql files found.&#xD;
Retrieving all sql files from: SomePath\Temp&#xD;
0 sql files found.&#xD;
Retrieving all sql files from: SomePath\StoredProcedures&#xD;
0 sql files found.&#xD;
System table set to version: 55.3.9&#xD;
&#xD;
Executing Baseline scripts&#xD;
Script content has been replaced. Key: {NewDatabaseLicenseTlsData}&#xD;
Script content has been replaced. Key: {NewDatabaseHomeSiteId}&#xD;
Script content has been replaced. Key: {NewDatabaseHomeSiteId}&#xD;
Script content has been replaced. Key: {NewDatabaseHomeSiteId}&#xD;
Baseline scripts have been executed&#xD;
&#xD;
Retrieving all sql files from: SomePath; Current DB version: 23.3.8&#xD;
0 sql files found.&#xD;
Retrieving all sql files from: SomePath\Temp&#xD;
0 sql files found.&#xD;
Retrieving all sql files from: SomePath\StoredProcedures&#xD;
0 sql files found.</StdOut>
      </Output>
    </UnitTestResult>
    <UnitTestResult executionId="383be662-9a32-44d5-a1a9-40b114b5d664" testId="bd5aa487-7039-c07f-c64a-9bb61750aff0" testName="Execute_GivenOneScriptInCollection_ShouldExecuteScript" computerName="DKSR-EFI-06" duration="00:00:00.0030523" startTime="2024-01-09T15:46:36.5605722+01:00" endTime="2024-01-09T15:46:36.5636964+01:00" testType="13cdc9d9-ddb5-4fa4-a97d-d965ccfc6d4b" outcome="Passed" testListId="8c84fa94-04c1-424b-9868-57a2d4851a1d" relativeResultsDirectory="383be662-9a32-44d5-a1a9-40b114b5d664" />
    <UnitTestResult executionId="b531aa55-c3b8-4492-9cd0-0cc82578bde0" testId="31e7b9fa-1a47-95f0-5dda-b3bef5a15e43" testName="CreateVmsDatabaseExternallyManaged" computerName="DKSR-EFI-06" duration="00:00:02.2789418" startTime="2024-01-09T15:46:03.7341634+01:00" endTime="2024-01-09T15:46:06.0139314+01:00" testType="13cdc9d9-ddb5-4fa4-a97d-d965ccfc6d4b" outcome="Passed" testListId="8c84fa94-04c1-424b-9868-57a2d4851a1d" relativeResultsDirectory="b531aa55-c3b8-4492-9cd0-0cc82578bde0">
      <Output>
        <StdOut>System Table not found&#xD;
&#xD;
Executing Baseline scripts&#xD;
Script content has been replaced. Key: {NewDatabaseLicenseTlsData}&#xD;
Script content has been replaced. Key: {NewDatabaseHomeSiteId}&#xD;
Script content has been replaced. Key: {NewDatabaseHomeSiteId}&#xD;
Script content has been replaced. Key: {NewDatabaseHomeSiteId}&#xD;
Baseline scripts have been executed&#xD;
&#xD;
Retrieving all sql files from: ; Current DB version: 23.3.8&#xD;
0 sql files found.&#xD;
Retrieving all sql files from: Temp&#xD;
0 sql files found.&#xD;
Retrieving all sql files from: StoredProcedures&#xD;
0 sql files found.</StdOut>
      </Output>
    </UnitTestResult>
    <UnitTestResult executionId="437b5705-07f8-4333-9eb1-5ee89b19c296" testId="cc68eb69-61b4-2530-3b70-25726734b520" testName="CreateAllDatabasesExternallyManagedUsingLimitedAccounts" computerName="DKSR-EFI-06" duration="00:00:05.9860492" startTime="2024-01-09T15:46:30.4943044+01:00" endTime="2024-01-09T15:46:36.4825135+01:00" testType="13cdc9d9-ddb5-4fa4-a97d-d965ccfc6d4b" outcome="Passed" testListId="8c84fa94-04c1-424b-9868-57a2d4851a1d" relativeResultsDirectory="437b5705-07f8-4333-9eb1-5ee89b19c296">
      <Output>
        <StdOut>System Table not found&#xD;
&#xD;
Executing Baseline scripts&#xD;
Script content has been replaced. Key: {NewDatabaseLicenseTlsData}&#xD;
Script content has been replaced. Key: {NewDatabaseHomeSiteId}&#xD;
Script content has been replaced. Key: {NewDatabaseHomeSiteId}&#xD;
Script content has been replaced. Key: {NewDatabaseHomeSiteId}&#xD;
Baseline scripts have been executed&#xD;
&#xD;
Retrieving all sql files from: SomePath; Current DB version: 23.3.8&#xD;
1 sql files found.&#xD;
Retrieving all sql files from: SomePath\Temp&#xD;
0 sql files found.&#xD;
Retrieving all sql files from: SomePath\StoredProcedures&#xD;
0 sql files found.&#xD;
System table set to version: 23.3.11&#xD;
&#xD;
System Table not found&#xD;
&#xD;
Executing Baseline scripts&#xD;
Script does not contain any statements!&#xD;
Script does not contain any statements!&#xD;
Script does not contain any statements!&#xD;
Script does not contain any statements!&#xD;
Baseline scripts have been executed&#xD;
&#xD;
Retrieving all sql files from: SomePath\IDP; Current DB version: 23.1.6&#xD;
1 sql files found.&#xD;
Retrieving all sql files from: SomePath\IDP\Temp&#xD;
0 sql files found.&#xD;
Retrieving all sql files from: SomePath\IDP\StoredProcedures&#xD;
0 sql files found.&#xD;
System table set to version: 23.3.12&#xD;
&#xD;
System Table not found&#xD;
&#xD;
Executing Baseline scripts&#xD;
Script does not contain any statements!&#xD;
Script does not contain any statements!&#xD;
Script does not contain any statements!&#xD;
Script does not contain any statements!&#xD;
Script does not contain any statements!&#xD;
Script does not contain any statements!&#xD;
Baseline scripts have been executed&#xD;
&#xD;
Retrieving all sql files from: SomePath\IncidentManager; Current DB version: 23.1.1&#xD;
1 sql files found.&#xD;
Retrieving all sql files from: SomePath\IncidentManager\Temp&#xD;
0 sql files found.&#xD;
Retrieving all sql files from: SomePath\IncidentManager\StoredProcedures&#xD;
0 sql files found.&#xD;
System table set to version: 23.3.7</StdOut>
      </Output>
    </UnitTestResult>
    <UnitTestResult executionId="6bdfd146-968d-40b3-8ec5-e3d3878e932b" testId="b608d459-68f8-4b17-c569-7ce8de19aa3a" testName="Constructor_DatabaseVersionProviderFactory_Null_Throws_ArgumentNullException" computerName="DKSR-EFI-06" duration="00:00:00.0003252" startTime="2024-01-09T15:46:36.4879424+01:00" endTime="2024-01-09T15:46:36.4883697+01:00" testType="13cdc9d9-ddb5-4fa4-a97d-d965ccfc6d4b" outcome="Passed" testListId="8c84fa94-04c1-424b-9868-57a2d4851a1d" relativeResultsDirectory="6bdfd146-968d-40b3-8ec5-e3d3878e932b" />
    <UnitTestResult executionId="1124640d-00c7-4730-8c96-5e3f7e842bc9" testId="d6dfd496-6209-a847-e8f3-6fbcdc84c22c" testName="Create_GivenScriptWithMultipleStatements_ShouldReturnScriptWithThatStatements" computerName="DKSR-EFI-06" duration="00:00:00.0013269" startTime="2024-01-09T15:46:36.5234478+01:00" endTime="2024-01-09T15:46:36.5248347+01:00" testType="13cdc9d9-ddb5-4fa4-a97d-d965ccfc6d4b" outcome="Passed" testListId="8c84fa94-04c1-424b-9868-57a2d4851a1d" relativeResultsDirectory="1124640d-00c7-4730-8c96-5e3f7e842bc9" />
    <UnitTestResult executionId="a0886501-4313-474c-a50b-4f172a218316" testId="dde1f694-7e4c-1e4e-07c3-2a4082992625" testName="CreateThenUpgradeVmsDatabaseNoUpgradeScripts" computerName="DKSR-EFI-06" duration="00:00:04.1522743" startTime="2024-01-09T15:46:08.6545009+01:00" endTime="2024-01-09T15:46:12.8078219+01:00" testType="13cdc9d9-ddb5-4fa4-a97d-d965ccfc6d4b" outcome="Passed" testListId="8c84fa94-04c1-424b-9868-57a2d4851a1d" relativeResultsDirectory="a0886501-4313-474c-a50b-4f172a218316">
      <Output>
        <StdOut>Executing Baseline scripts&#xD;
Script content has been replaced. Key: {NewDatabaseLicenseTlsData}&#xD;
Script content has been replaced. Key: {NewDatabaseHomeSiteId}&#xD;
Script content has been replaced. Key: {NewDatabaseHomeSiteId}&#xD;
Script content has been replaced. Key: {NewDatabaseHomeSiteId}&#xD;
Baseline scripts have been executed&#xD;
&#xD;
Retrieving all sql files from: ; Current DB version: 23.3.8&#xD;
0 sql files found.&#xD;
Retrieving all sql files from: Temp&#xD;
0 sql files found.&#xD;
Retrieving all sql files from: StoredProcedures&#xD;
0 sql files found.&#xD;
Retrieving all sql files from: ; Current DB version: 23.3.8&#xD;
0 sql files found.&#xD;
Retrieving all sql files from: Temp&#xD;
0 sql files found.&#xD;
Retrieving all sql files from: StoredProcedures&#xD;
0 sql files found.</StdOut>
      </Output>
    </UnitTestResult>
    <UnitTestResult executionId="5f596ed2-88b3-499c-a8b1-947ebe0afbb4" testId="064429b8-a5d8-3b48-d5a4-fc74fc62b102" testName="Get_GivenNotSupportedCommandLineArg_ShouldLogAndReturnNull" computerName="DKSR-EFI-06" duration="00:00:00.0011139" startTime="2024-01-09T15:46:36.6053345+01:00" endTime="2024-01-09T15:46:36.6065259+01:00" testType="13cdc9d9-ddb5-4fa4-a97d-d965ccfc6d4b" outcome="Passed" testListId="8c84fa94-04c1-424b-9868-57a2d4851a1d" relativeResultsDirectory="5f596ed2-88b3-499c-a8b1-947ebe0afbb4" />
    <UnitTestResult executionId="5a2b23e6-0288-429d-a904-638396aca08e" testId="686a860e-766b-012e-f87d-3bb3f66d6abf" testName="CreateVmsDatabaseDatabaseAlreadyExists" computerName="DKSR-EFI-06" startTime="2024-01-09T15:46:03.7335764+01:00" endTime="2024-01-09T15:46:03.7341140+01:00" testType="13cdc9d9-ddb5-4fa4-a97d-d965ccfc6d4b" outcome="NotExecuted" testListId="8c84fa94-04c1-424b-9868-57a2d4851a1d" relativeResultsDirectory="5a2b23e6-0288-429d-a904-638396aca08e">
      <Output></Output>
    </UnitTestResult>
    <UnitTestResult executionId="218b28fc-90f0-44fd-b03b-9f11456e3bd4" testId="41d30b56-9442-82fc-617e-045fc6735520" testName="Constructor_Logger_Null_Throws_ArgumentNullException" computerName="DKSR-EFI-06" duration="00:00:00.0020978" startTime="2024-01-09T15:46:36.4828254+01:00" endTime="2024-01-09T15:46:36.4852238+01:00" testType="13cdc9d9-ddb5-4fa4-a97d-d965ccfc6d4b" outcome="Passed" testListId="8c84fa94-04c1-424b-9868-57a2d4851a1d" relativeResultsDirectory="218b28fc-90f0-44fd-b03b-9f11456e3bd4" />
    <UnitTestResult executionId="fc0b418a-f941-423e-8ba2-60fc48b1fc0e" testId="5bf11d8b-aae6-877c-b28c-17bae43fadfa" testName="Constructor_KeyStorage_Null_Throws_ArgumentNullException" computerName="DKSR-EFI-06" duration="00:00:00.0002942" startTime="2024-01-09T15:46:36.4883923+01:00" endTime="2024-01-09T15:46:36.4887551+01:00" testType="13cdc9d9-ddb5-4fa4-a97d-d965ccfc6d4b" outcome="Passed" testListId="8c84fa94-04c1-424b-9868-57a2d4851a1d" relativeResultsDirectory="fc0b418a-f941-423e-8ba2-60fc48b1fc0e" />
    <UnitTestResult executionId="4d99faa1-62e4-4b10-afe3-d89f29037c33" testId="4f77b768-fdd6-d9f7-17dc-d6fe0dba6a76" testName="GetLogLevel_WarningLogLevel_Success" computerName="DKSR-EFI-06" duration="00:00:00.0003141" startTime="2024-01-09T15:46:36.5923481+01:00" endTime="2024-01-09T15:46:36.5927152+01:00" testType="13cdc9d9-ddb5-4fa4-a97d-d965ccfc6d4b" outcome="Passed" testListId="8c84fa94-04c1-424b-9868-57a2d4851a1d" relativeResultsDirectory="4d99faa1-62e4-4b10-afe3-d89f29037c33" />
    <UnitTestResult executionId="dba9f9e7-e72c-441e-b599-34a1d0a64a66" testId="e9f0dcf8-8217-8bbf-fe69-3ef1086dfebe" testName="Get_NoScriptsPath_ShouldTakeExecutingAssemblyLocation" computerName="DKSR-EFI-06" duration="00:00:00.0007263" startTime="2024-01-09T15:46:36.6141364+01:00" endTime="2024-01-09T15:46:36.6156016+01:00" testType="13cdc9d9-ddb5-4fa4-a97d-d965ccfc6d4b" outcome="Passed" testListId="8c84fa94-04c1-424b-9868-57a2d4851a1d" relativeResultsDirectory="dba9f9e7-e72c-441e-b599-34a1d0a64a66" />
    <UnitTestResult executionId="9abc9b93-5969-4ad4-af53-b3260abade99" testId="10da54e4-c3e2-70d3-8bc7-de9feda214da" testName="Create_GivenNonVersionedScript_ShouldReturnScriptWithoutVersion" computerName="DKSR-EFI-06" duration="00:00:00.0012133" startTime="2024-01-09T15:46:36.5262140+01:00" endTime="2024-01-09T15:46:36.5274885+01:00" testType="13cdc9d9-ddb5-4fa4-a97d-d965ccfc6d4b" outcome="Passed" testListId="8c84fa94-04c1-424b-9868-57a2d4851a1d" relativeResultsDirectory="9abc9b93-5969-4ad4-af53-b3260abade99" />
    <UnitTestResult executionId="0f172c6b-d1df-4bef-8e73-25e0165ca5c5" testId="904deb02-8736-9b32-c134-5c7d259832e2" testName="Execute_GivenOneBrokenScriptInCollection_ShouldThrow" computerName="DKSR-EFI-06" duration="00:00:00.0022200" startTime="2024-01-09T15:46:36.5566582+01:00" endTime="2024-01-09T15:46:36.5590734+01:00" testType="13cdc9d9-ddb5-4fa4-a97d-d965ccfc6d4b" outcome="Passed" testListId="8c84fa94-04c1-424b-9868-57a2d4851a1d" relativeResultsDirectory="0f172c6b-d1df-4bef-8e73-25e0165ca5c5" />
    <UnitTestResult executionId="2af04de6-c09d-4aca-b644-63b5bcc2feac" testId="8876f71d-207b-9e98-73fb-269dea525259" testName="EnrichConfiguration_NoScriptsPath_ShouldTakeExecutingAssemblyLocation" computerName="DKSR-EFI-06" duration="00:00:00.0008223" startTime="2024-01-09T15:46:36.6015560+01:00" endTime="2024-01-09T15:46:36.6024541+01:00" testType="13cdc9d9-ddb5-4fa4-a97d-d965ccfc6d4b" outcome="Passed" testListId="8c84fa94-04c1-424b-9868-57a2d4851a1d" relativeResultsDirectory="2af04de6-c09d-4aca-b644-63b5bcc2feac" />
    <UnitTestResult executionId="573c8e0e-4ee6-4168-979e-b287bc52c583" testId="89a11917-5aa8-feb1-68af-0ce22ad844d0" testName="Get_GivenHelpArg_ShouldSkipArgsValidationAndReturnAppConfig" computerName="DKSR-EFI-06" duration="00:00:00.0007953" startTime="2024-01-09T15:46:36.6044416+01:00" endTime="2024-01-09T15:46:36.6052996+01:00" testType="13cdc9d9-ddb5-4fa4-a97d-d965ccfc6d4b" outcome="Passed" testListId="8c84fa94-04c1-424b-9868-57a2d4851a1d" relativeResultsDirectory="573c8e0e-4ee6-4168-979e-b287bc52c583" />
    <UnitTestResult executionId="0e11cca1-eb2d-409b-b474-0b5e2508de63" testId="af31b27d-5c61-fbc3-1ed2-e579eca71705" testName="IsReadyToExecute_UpdateScenario_CurrentDbVersionLowerThanMinimumSupportedVersion_ShouldLogAndReturnFalse" computerName="DKSR-EFI-06" duration="00:00:00.0083234" startTime="2024-01-09T15:46:36.4902744+01:00" endTime="2024-01-09T15:46:36.4986720+01:00" testType="13cdc9d9-ddb5-4fa4-a97d-d965ccfc6d4b" outcome="Passed" testListId="8c84fa94-04c1-424b-9868-57a2d4851a1d" relativeResultsDirectory="0e11cca1-eb2d-409b-b474-0b5e2508de63" />
    <UnitTestResult executionId="483901b6-2baf-4a59-b588-fa2a47867ebb" testId="32eb61fc-2450-1ada-8488-7c573853f5df" testName="GetAllScripts_GivenTempScripts_ShouldCollectThem_Success" computerName="DKSR-EFI-06" duration="00:00:00.0032274" startTime="2024-01-09T15:46:36.5447351+01:00" endTime="2024-01-09T15:46:36.5480430+01:00" testType="13cdc9d9-ddb5-4fa4-a97d-d965ccfc6d4b" outcome="Passed" testListId="8c84fa94-04c1-424b-9868-57a2d4851a1d" relativeResultsDirectory="483901b6-2baf-4a59-b588-fa2a47867ebb" />
    <UnitTestResult executionId="cca38ca3-93e0-4292-b4b9-999def3133c2" testId="ca18aca4-9d6f-eaf5-771c-009a4cbed329" testName="Get_GivenEmptyCommandLineArgs_ShouldReturnDefaultAppConfig" computerName="DKSR-EFI-06" duration="00:00:00.0017761" startTime="2024-01-09T15:46:36.6024860+01:00" endTime="2024-01-09T15:46:36.6044107+01:00" testType="13cdc9d9-ddb5-4fa4-a97d-d965ccfc6d4b" outcome="Passed" testListId="8c84fa94-04c1-424b-9868-57a2d4851a1d" relativeResultsDirectory="cca38ca3-93e0-4292-b4b9-999def3133c2" />
    <UnitTestResult executionId="de97f4ba-8cb5-4525-a192-ee07624cbe6a" testId="f64c12ad-84d7-c28d-9e74-5b9666974d96" testName="Create_GivenScriptWithOneStatement_ShouldReturnScriptWithThatStatement" computerName="DKSR-EFI-06" duration="00:00:00.0013073" startTime="2024-01-09T15:46:36.5220524+01:00" endTime="2024-01-09T15:46:36.5234216+01:00" testType="13cdc9d9-ddb5-4fa4-a97d-d965ccfc6d4b" outcome="Passed" testListId="8c84fa94-04c1-424b-9868-57a2d4851a1d" relativeResultsDirectory="de97f4ba-8cb5-4525-a192-ee07624cbe6a" />
    <UnitTestResult executionId="07ad1e1b-611d-416c-9879-0c1e4cbf66e1" testId="7cf895a2-7f92-0c2a-94f7-77225e4e367a" testName="Constructor_DbOperations_Null_Throws_ArgumentNullException" computerName="DKSR-EFI-06" duration="00:00:00.0003113" startTime="2024-01-09T15:46:36.4862044+01:00" endTime="2024-01-09T15:46:36.4865840+01:00" testType="13cdc9d9-ddb5-4fa4-a97d-d965ccfc6d4b" outcome="Passed" testListId="8c84fa94-04c1-424b-9868-57a2d4851a1d" relativeResultsDirectory="07ad1e1b-611d-416c-9879-0c1e4cbf66e1" />
    <UnitTestResult executionId="b5f376ce-23d3-4fb0-a4e8-7f26877793f9" testId="5581f54c-df72-453d-9da1-39abdb36fa4f" testName="Constructor_MasterDbOperations_Null_Throws_ArgumentNullException" computerName="DKSR-EFI-06" duration="00:00:00.0003134" startTime="2024-01-09T15:46:36.4857876+01:00" endTime="2024-01-09T15:46:36.4861814+01:00" testType="13cdc9d9-ddb5-4fa4-a97d-d965ccfc6d4b" outcome="Passed" testListId="8c84fa94-04c1-424b-9868-57a2d4851a1d" relativeResultsDirectory="b5f376ce-23d3-4fb0-a4e8-7f26877793f9" />
    <UnitTestResult executionId="23ae5cec-663a-4bff-8bcf-ed87c6687b0a" testId="25819e67-9cc2-8de0-c182-77febfb0511b" testName="Constructor_SqlConnectionFactory_Null_Throws_ArgumentNullException" computerName="DKSR-EFI-06" duration="00:00:00.0003880" startTime="2024-01-09T15:46:36.4874243+01:00" endTime="2024-01-09T15:46:36.4879167+01:00" testType="13cdc9d9-ddb5-4fa4-a97d-d965ccfc6d4b" outcome="Passed" testListId="8c84fa94-04c1-424b-9868-57a2d4851a1d" relativeResultsDirectory="23ae5cec-663a-4bff-8bcf-ed87c6687b0a" />
    <UnitTestResult executionId="d884f335-ce51-4190-a32c-245fb5656a61" testId="95fcec59-d8a9-a66a-a9de-92fa7fa22840" testName="DefaultConstructor_NullEnvironmentWrapper_Throws_ArgumentNullException" computerName="DKSR-EFI-06" duration="00:00:00.0006214" startTime="2024-01-09T15:46:36.5743369+01:00" endTime="2024-01-09T15:46:36.5751676+01:00" testType="13cdc9d9-ddb5-4fa4-a97d-d965ccfc6d4b" outcome="Passed" testListId="8c84fa94-04c1-424b-9868-57a2d4851a1d" relativeResultsDirectory="d884f335-ce51-4190-a32c-245fb5656a61" />
    <UnitTestResult executionId="004b8568-08b7-4d2f-a984-21ed4e05ce29" testId="cffab82f-3414-27a9-2389-810a030221f8" testName="OverwriteVmsDatabaseExternallyManagedShouldFail" computerName="DKSR-EFI-06" duration="00:00:02.6393834" startTime="2024-01-09T15:46:06.0140216+01:00" endTime="2024-01-09T15:46:08.6542129+01:00" testType="13cdc9d9-ddb5-4fa4-a97d-d965ccfc6d4b" outcome="Passed" testListId="8c84fa94-04c1-424b-9868-57a2d4851a1d" relativeResultsDirectory="004b8568-08b7-4d2f-a984-21ed4e05ce29">
      <Output>
        <StdOut>System Table not found&#xD;
&#xD;
Executing Baseline scripts&#xD;
Script content has been replaced. Key: {NewDatabaseLicenseTlsData}&#xD;
Script content has been replaced. Key: {NewDatabaseHomeSiteId}&#xD;
Script content has been replaced. Key: {NewDatabaseHomeSiteId}&#xD;
Script content has been replaced. Key: {NewDatabaseHomeSiteId}&#xD;
Baseline scripts have been executed&#xD;
&#xD;
Retrieving all sql files from: ; Current DB version: 23.3.8&#xD;
0 sql files found.&#xD;
Retrieving all sql files from: Temp&#xD;
0 sql files found.&#xD;
Retrieving all sql files from: StoredProcedures&#xD;
0 sql files found.&#xD;
Can't delete databases since they are externally managed!</StdOut>
      </Output>
    </UnitTestResult>
    <UnitTestResult executionId="620ec8fc-f526-4b80-bb16-6cb8f0a4523c" testId="79591c70-394d-9f25-62b4-ef18405cf903" testName="IsReadyToExecute_UpdateScenario_DatabaseExistsButShouldBeDeleted_ShouldSkipVersionAndProductValidation" computerName="DKSR-EFI-06" duration="00:00:00.0030727" startTime="2024-01-09T15:46:36.5098900+01:00" endTime="2024-01-09T15:46:36.5130651+01:00" testType="13cdc9d9-ddb5-4fa4-a97d-d965ccfc6d4b" outcome="Passed" testListId="8c84fa94-04c1-424b-9868-57a2d4851a1d" relativeResultsDirectory="620ec8fc-f526-4b80-bb16-6cb8f0a4523c" />
    <UnitTestResult executionId="729ba9d5-f048-473e-8b6b-8c413547301d" testId="3cca7369-9ecc-3ef2-22e8-86d9ac384202" testName="GetVersionedScripts_GivenOldScriptThatCurrentDbVersion_ShouldSkipThatScript" computerName="DKSR-EFI-06" duration="00:00:00.0044166" startTime="2024-01-09T15:46:36.5401921+01:00" endTime="2024-01-09T15:46:36.5446917+01:00" testType="13cdc9d9-ddb5-4fa4-a97d-d965ccfc6d4b" outcome="Passed" testListId="8c84fa94-04c1-424b-9868-57a2d4851a1d" relativeResultsDirectory="729ba9d5-f048-473e-8b6b-8c413547301d" />
    <UnitTestResult executionId="9e7c3eb8-3176-4175-b747-81ec960050ac" testId="875548f8-2077-d880-325c-60b6c68964fb" testName="GetAllScripts_GivenStoredProcedures_ShouldCollectThem_Success" computerName="DKSR-EFI-06" duration="00:00:00.0031500" startTime="2024-01-09T15:46:36.5480817+01:00" endTime="2024-01-09T15:46:36.5513108+01:00" testType="13cdc9d9-ddb5-4fa4-a97d-d965ccfc6d4b" outcome="Passed" testListId="8c84fa94-04c1-424b-9868-57a2d4851a1d" relativeResultsDirectory="9e7c3eb8-3176-4175-b747-81ec960050ac" />
    <UnitTestResult executionId="ba97087a-a527-483d-a96f-95cbf6e78b83" testId="afc650e6-c5e7-eca3-c24e-cf8137610992" testName="Create_GivenScriptWithoutTransactionComment_ShouldReturnScriptWithDefaultTransactionSupport" computerName="DKSR-EFI-06" duration="00:00:00.0015187" startTime="2024-01-09T15:46:36.5176156+01:00" endTime="2024-01-09T15:46:36.5192458+01:00" testType="13cdc9d9-ddb5-4fa4-a97d-d965ccfc6d4b" outcome="Passed" testListId="8c84fa94-04c1-424b-9868-57a2d4851a1d" relativeResultsDirectory="ba97087a-a527-483d-a96f-95cbf6e78b83" />
    <UnitTestResult executionId="ac4b2538-5298-4da2-8262-f4bc04074293" testId="65bbabd0-1aa6-9abd-2678-07f395504fe6" testName="CreateThenUpgradeInCorrectOrder" computerName="DKSR-EFI-06" duration="00:00:02.5033514" startTime="2024-01-09T15:46:23.1470459+01:00" endTime="2024-01-09T15:46:25.6511850+01:00" testType="13cdc9d9-ddb5-4fa4-a97d-d965ccfc6d4b" outcome="Passed" testListId="8c84fa94-04c1-424b-9868-57a2d4851a1d" relativeResultsDirectory="ac4b2538-5298-4da2-8262-f4bc04074293">
      <Output>
        <StdOut>Executing Baseline scripts&#xD;
Script content has been replaced. Key: {NewDatabaseLicenseTlsData}&#xD;
Script content has been replaced. Key: {NewDatabaseHomeSiteId}&#xD;
Script content has been replaced. Key: {NewDatabaseHomeSiteId}&#xD;
Script content has been replaced. Key: {NewDatabaseHomeSiteId}&#xD;
Baseline scripts have been executed&#xD;
&#xD;
Retrieving all sql files from: SomePath; Current DB version: 23.3.8&#xD;
2 sql files found.&#xD;
Retrieving all sql files from: SomePath\Temp&#xD;
0 sql files found.&#xD;
Retrieving all sql files from: SomePath\StoredProcedures&#xD;
0 sql files found.&#xD;
System table set to version: 51.1.1&#xD;
&#xD;
System table set to version: 55.3.9</StdOut>
      </Output>
    </UnitTestResult>
    <UnitTestResult executionId="a13c0841-83e8-4e14-b675-e006ff9d6176" testId="741339a6-21fe-a872-cd6b-b614a77cc752" testName="CreateEmbedded_GivenEmptyScriptName_ShouldThrow" computerName="DKSR-EFI-06" duration="00:00:00.0003655" startTime="2024-01-09T15:46:36.5275148+01:00" endTime="2024-01-09T15:46:36.5279639+01:00" testType="13cdc9d9-ddb5-4fa4-a97d-d965ccfc6d4b" outcome="Passed" testListId="8c84fa94-04c1-424b-9868-57a2d4851a1d" relativeResultsDirectory="a13c0841-83e8-4e14-b675-e006ff9d6176" />
    <UnitTestResult executionId="c148b5c8-9040-4c9c-9094-08f3927a192a" testId="095f3b1b-c15f-8f8f-6f45-89cc91d4fcbb" testName="IsReadyToExecute_UpdateScenario_DowngradeProduct_ShouldLogAndReturnFalse" computerName="DKSR-EFI-06" duration="00:00:00.0057670" startTime="2024-01-09T15:46:36.4987314+01:00" endTime="2024-01-09T15:46:36.5046115+01:00" testType="13cdc9d9-ddb5-4fa4-a97d-d965ccfc6d4b" outcome="Passed" testListId="8c84fa94-04c1-424b-9868-57a2d4851a1d" relativeResultsDirectory="c148b5c8-9040-4c9c-9094-08f3927a192a" />
    <UnitTestResult executionId="268d9823-a0c9-4f71-92de-805bba819a21" testId="6099c9de-e2d2-7cf0-1838-8a8cc1758227" testName="GetLogLevel_DebugLogLevel_Success" computerName="DKSR-EFI-06" duration="00:00:00.0003388" startTime="2024-01-09T15:46:36.5919258+01:00" endTime="2024-01-09T15:46:36.5923251+01:00" testType="13cdc9d9-ddb5-4fa4-a97d-d965ccfc6d4b" outcome="Passed" testListId="8c84fa94-04c1-424b-9868-57a2d4851a1d" relativeResultsDirectory="268d9823-a0c9-4f71-92de-805bba819a21" />
    <UnitTestResult executionId="ee0d98a1-f551-437b-a884-dc28f0ebf31b" testId="e9246b2a-5ddd-ce86-661a-ec992691ba70" testName="IsValidConfiguration_GivenNotSupportedCommandLineArg_ShouldLogAndReturnFalse" computerName="DKSR-EFI-06" duration="00:00:00.0010211" startTime="2024-01-09T15:46:36.6069450+01:00" endTime="2024-01-09T15:46:36.6080350+01:00" testType="13cdc9d9-ddb5-4fa4-a97d-d965ccfc6d4b" outcome="Passed" testListId="8c84fa94-04c1-424b-9868-57a2d4851a1d" relativeResultsDirectory="ee0d98a1-f551-437b-a884-dc28f0ebf31b" />
    <UnitTestResult executionId="7790f5d4-d89c-41f3-a37a-b82c3b893d70" testId="700cd3a9-84b0-2e12-b13f-48ceb717eb8b" testName="DefaultConstructor_NullErrorLogger_Throws_ArgumentNullException" computerName="DKSR-EFI-06" duration="00:00:00.0002604" startTime="2024-01-09T15:46:36.5752025+01:00" endTime="2024-01-09T15:46:36.5755453+01:00" testType="13cdc9d9-ddb5-4fa4-a97d-d965ccfc6d4b" outcome="Passed" testListId="8c84fa94-04c1-424b-9868-57a2d4851a1d" relativeResultsDirectory="7790f5d4-d89c-41f3-a37a-b82c3b893d70" />
    <UnitTestResult executionId="6b87b499-9937-4616-8222-dde4c7e8c2d6" testId="50a58278-6fbf-6e1e-a6e1-637055c38299" testName="Execute_ScriptNoVersion_ShouldNotSetVersion" computerName="DKSR-EFI-06" duration="00:00:00.0026678" startTime="2024-01-09T15:46:36.5715359+01:00" endTime="2024-01-09T15:46:36.5742942+01:00" testType="13cdc9d9-ddb5-4fa4-a97d-d965ccfc6d4b" outcome="Passed" testListId="8c84fa94-04c1-424b-9868-57a2d4851a1d" relativeResultsDirectory="6b87b499-9937-4616-8222-dde4c7e8c2d6" />
    <UnitTestResult executionId="53a9e93d-1d97-4ff5-9c2f-337ba8dfc123" testId="75405596-547d-3d11-b42a-a99c32d62adb" testName="Constructor_AppConfigProvider_Null_Throws_ArgumentNullException" computerName="DKSR-EFI-06" duration="00:00:00.0003717" startTime="2024-01-09T15:46:36.4852720+01:00" endTime="2024-01-09T15:46:36.4857558+01:00" testType="13cdc9d9-ddb5-4fa4-a97d-d965ccfc6d4b" outcome="Passed" testListId="8c84fa94-04c1-424b-9868-57a2d4851a1d" relativeResultsDirectory="53a9e93d-1d97-4ff5-9c2f-337ba8dfc123" />
    <UnitTestResult executionId="02f820a4-5b66-4532-974a-f99b43e77249" testId="6f5df8b4-452b-59af-aaa5-4ca2d6ff793d" testName="CreateAllDatabases" computerName="DKSR-EFI-06" duration="00:00:04.8413808" startTime="2024-01-09T15:46:25.6514913+01:00" endTime="2024-01-09T15:46:30.4939658+01:00" testType="13cdc9d9-ddb5-4fa4-a97d-d965ccfc6d4b" outcome="Passed" testListId="8c84fa94-04c1-424b-9868-57a2d4851a1d" relativeResultsDirectory="02f820a4-5b66-4532-974a-f99b43e77249">
      <Output>
        <StdOut>Executing Baseline scripts&#xD;
Script content has been replaced. Key: {NewDatabaseLicenseTlsData}&#xD;
Script content has been replaced. Key: {NewDatabaseHomeSiteId}&#xD;
Script content has been replaced. Key: {NewDatabaseHomeSiteId}&#xD;
Script content has been replaced. Key: {NewDatabaseHomeSiteId}&#xD;
Baseline scripts have been executed&#xD;
&#xD;
Retrieving all sql files from: SomePath; Current DB version: 23.3.8&#xD;
1 sql files found.&#xD;
Retrieving all sql files from: SomePath\Temp&#xD;
0 sql files found.&#xD;
Retrieving all sql files from: SomePath\StoredProcedures&#xD;
0 sql files found.&#xD;
System table set to version: 23.3.11&#xD;
&#xD;
Executing Baseline scripts&#xD;
Script does not contain any statements!&#xD;
Script does not contain any statements!&#xD;
Script does not contain any statements!&#xD;
Script does not contain any statements!&#xD;
Baseline scripts have been executed&#xD;
&#xD;
Retrieving all sql files from: SomePath\IDP; Current DB version: 23.1.6&#xD;
1 sql files found.&#xD;
Retrieving all sql files from: SomePath\IDP\Temp&#xD;
0 sql files found.&#xD;
Retrieving all sql files from: SomePath\IDP\StoredProcedures&#xD;
0 sql files found.&#xD;
System table set to version: 23.3.12&#xD;
&#xD;
Executing Baseline scripts&#xD;
Script does not contain any statements!&#xD;
Script does not contain any statements!&#xD;
Script does not contain any statements!&#xD;
Script does not contain any statements!&#xD;
Script does not contain any statements!&#xD;
Script does not contain any statements!&#xD;
Baseline scripts have been executed&#xD;
&#xD;
Retrieving all sql files from: SomePath\IncidentManager; Current DB version: 23.1.1&#xD;
1 sql files found.&#xD;
Retrieving all sql files from: SomePath\IncidentManager\Temp&#xD;
0 sql files found.&#xD;
Retrieving all sql files from: SomePath\IncidentManager\StoredProcedures&#xD;
0 sql files found.&#xD;
System table set to version: 23.3.7</StdOut>
      </Output>
    </UnitTestResult>
    <UnitTestResult executionId="5ea9c581-edb9-4051-8e95-b3938d177952" testId="ca4596e6-88b4-16cc-9437-62363304193e" testName="GetVersionedScripts_GivenNullVersion_ShouldCollect_Success" computerName="DKSR-EFI-06" duration="00:00:00.0021732" startTime="2024-01-09T15:46:36.5513524+01:00" endTime="2024-01-09T15:46:36.5535999+01:00" testType="13cdc9d9-ddb5-4fa4-a97d-d965ccfc6d4b" outcome="Passed" testListId="8c84fa94-04c1-424b-9868-57a2d4851a1d" relativeResultsDirectory="5ea9c581-edb9-4051-8e95-b3938d177952" />
    <UnitTestResult executionId="1dba77a1-e786-4f09-9ef6-2d28afa4a8fb" testId="a0f9c482-e7b2-3a3d-cfcc-2dcdd4040ff9" testName="Get_GivenIsExternallyManagedDbArg_ShouldReturnCorrectAppConfig" computerName="DKSR-EFI-06" duration="00:00:00.0020992" startTime="2024-01-09T15:46:36.6119428+01:00" endTime="2024-01-09T15:46:36.6141088+01:00" testType="13cdc9d9-ddb5-4fa4-a97d-d965ccfc6d4b" outcome="Passed" testListId="8c84fa94-04c1-424b-9868-57a2d4851a1d" relativeResultsDirectory="1dba77a1-e786-4f09-9ef6-2d28afa4a8fb" />
    <UnitTestResult executionId="2d3bcd91-eeff-4105-8b27-448e8641dc1e" testId="673d823a-c5c2-5092-cff8-6327f96305ec" testName="Execute_GivenEmptyScriptsCollection_ShouldDoNothing" computerName="DKSR-EFI-06" duration="00:00:00.0013418" startTime="2024-01-09T15:46:36.5591113+01:00" endTime="2024-01-09T15:46:36.5605394+01:00" testType="13cdc9d9-ddb5-4fa4-a97d-d965ccfc6d4b" outcome="Passed" testListId="8c84fa94-04c1-424b-9868-57a2d4851a1d" relativeResultsDirectory="2d3bcd91-eeff-4105-8b27-448e8641dc1e" />
    <UnitTestResult executionId="af88c263-fa45-4696-bda7-50fcacbd9f3f" testId="01826079-be72-7b70-b9e3-2bcdd8fb2e14" testName="GetLogLevel_DefaultLogLevel_Success" computerName="DKSR-EFI-06" duration="00:00:00.0013433" startTime="2024-01-09T15:46:36.5755687+01:00" endTime="2024-01-09T15:46:36.5769712+01:00" testType="13cdc9d9-ddb5-4fa4-a97d-d965ccfc6d4b" outcome="Passed" testListId="8c84fa94-04c1-424b-9868-57a2d4851a1d" relativeResultsDirectory="af88c263-fa45-4696-bda7-50fcacbd9f3f" />
    <UnitTestResult executionId="66355807-e6ba-4361-ab23-8e47fef29d0c" testId="04e2ea31-6c30-6dc2-1890-8643fb008cc3" testName="Constructor_ScriptsCollector_Null_Throws_ArgumentNullException" computerName="DKSR-EFI-06" duration="00:00:00.0002805" startTime="2024-01-09T15:46:36.4866131+01:00" endTime="2024-01-09T15:46:36.4869680+01:00" testType="13cdc9d9-ddb5-4fa4-a97d-d965ccfc6d4b" outcome="Passed" testListId="8c84fa94-04c1-424b-9868-57a2d4851a1d" relativeResultsDirectory="66355807-e6ba-4361-ab23-8e47fef29d0c" />
    <UnitTestResult executionId="4a015610-b18f-4459-b257-d731bdf93a1f" testId="2388efa5-9ced-56ba-7b92-9b5de847fc7e" testName="EnrichConfiguration_GivenInputAppConfig_ShouldReturnCorrectAppConfig" computerName="DKSR-EFI-06" duration="00:00:00.0054365" startTime="2024-01-09T15:46:36.5927362+01:00" endTime="2024-01-09T15:46:36.6015012+01:00" testType="13cdc9d9-ddb5-4fa4-a97d-d965ccfc6d4b" outcome="Passed" testListId="8c84fa94-04c1-424b-9868-57a2d4851a1d" relativeResultsDirectory="4a015610-b18f-4459-b257-d731bdf93a1f" />
    <UnitTestResult executionId="00a9a25e-d8ef-453f-b8ba-4673daf15271" testId="b20c96e8-7c10-0b75-3794-96ea9f2e063e" testName="Create_GivenEmptyFilePath_ShouldThrow" computerName="DKSR-EFI-06" duration="00:00:00.0023476" startTime="2024-01-09T15:46:36.5149763+01:00" endTime="2024-01-09T15:46:36.5175413+01:00" testType="13cdc9d9-ddb5-4fa4-a97d-d965ccfc6d4b" outcome="Passed" testListId="8c84fa94-04c1-424b-9868-57a2d4851a1d" relativeResultsDirectory="00a9a25e-d8ef-453f-b8ba-4673daf15271" />
  </Results>
  <TestDefinitions>
    <UnitTest name="Constructor_SqlConnectionFactory_Null_Throws_ArgumentNullException" storage="d:\actions-runner\_work\xpco\xpco\allsolutions\..\common\videoos.database.common\tst\videoos.sqlupdate.unittests\bin\debug\net6.0\videoos.sqlupdate.unittests.dll" id="25819e67-9cc2-8de0-c182-77febfb0511b">
      <Execution id="23ae5cec-663a-4bff-8bcf-ed87c6687b0a" />
      <TestMethod codeBase="D:\actions-runner\_work\XPCO\XPCO\AllSolutions\..\Common\VideoOS.Database.Common\tst\VideoOS.SqlUpdate.UnitTests\bin\Debug\net6.0\VideoOS.SqlUpdate.UnitTests.dll" adapterTypeName="executor://mstestadapter/v2" className="VideoOS.SqlUpdate.UnitTests.Core.Services.DbServiceTests" name="Constructor_SqlConnectionFactory_Null_Throws_ArgumentNullException" />
    </UnitTest>
    <UnitTest name="Execute_GivenScriptContentReplacements_ShouldExecuteScriptWithReplacedContent" storage="d:\actions-runner\_work\xpco\xpco\allsolutions\..\common\videoos.database.common\tst\videoos.sqlupdate.unittests\bin\debug\net6.0\videoos.sqlupdate.unittests.dll" id="3e39c4fd-e569-1a52-6db5-663e0f313655">
      <Execution id="ad6a14f4-746a-4d97-a17d-f985f42e8aa4" />
      <TestMethod codeBase="D:\actions-runner\_work\XPCO\XPCO\AllSolutions\..\Common\VideoOS.Database.Common\tst\VideoOS.SqlUpdate.UnitTests\bin\Debug\net6.0\VideoOS.SqlUpdate.UnitTests.dll" adapterTypeName="executor://mstestadapter/v2" className="VideoOS.SqlUpdate.UnitTests.Core.Scripts.ScriptsExecutorTests" name="Execute_GivenScriptContentReplacements_ShouldExecuteScriptWithReplacedContent" />
    </UnitTest>
    <UnitTest name="CreateVmsDatabase" storage="d:\actions-runner\_work\xpco\xpco\allsolutions\..\common\videoos.database.common\tst\videoos.sqlupdate.unittests\bin\debug\net6.0\videoos.sqlupdate.unittests.dll" id="ac9ae4b8-5b59-bf17-6036-8874e550ac26">
      <TestCategory>
        <TestCategoryItem TestCategory="Database" />
      </TestCategory>
      <Execution id="1cee70b9-8548-4b10-b85b-60d5dd9c9f77" />
      <TestMethod codeBase="D:\actions-runner\_work\XPCO\XPCO\AllSolutions\..\Common\VideoOS.Database.Common\tst\VideoOS.SqlUpdate.UnitTests\bin\Debug\net6.0\VideoOS.SqlUpdate.UnitTests.dll" adapterTypeName="executor://mstestadapter/v2" className="VideoOS.SqlUpdate.UnitTests.SqlUpdateDatabaseTests" name="CreateVmsDatabase" />
    </UnitTest>
    <UnitTest name="Create_GivenScriptWithoutTransactionComment_ShouldReturnScriptWithDefaultTransactionSupport" storage="d:\actions-runner\_work\xpco\xpco\allsolutions\..\common\videoos.database.common\tst\videoos.sqlupdate.unittests\bin\debug\net6.0\videoos.sqlupdate.unittests.dll" id="afc650e6-c5e7-eca3-c24e-cf8137610992">
      <Execution id="ba97087a-a527-483d-a96f-95cbf6e78b83" />
      <TestMethod codeBase="D:\actions-runner\_work\XPCO\XPCO\AllSolutions\..\Common\VideoOS.Database.Common\tst\VideoOS.SqlUpdate.UnitTests\bin\Debug\net6.0\VideoOS.SqlUpdate.UnitTests.dll" adapterTypeName="executor://mstestadapter/v2" className="VideoOS.SqlUpdate.UnitTests.Core.Scripts.ScriptFactoryTests" name="Create_GivenScriptWithoutTransactionComment_ShouldReturnScriptWithDefaultTransactionSupport" />
    </UnitTest>
    <UnitTest name="CreateThenOverwriteDatabase" storage="d:\actions-runner\_work\xpco\xpco\allsolutions\..\common\videoos.database.common\tst\videoos.sqlupdate.unittests\bin\debug\net6.0\videoos.sqlupdate.unittests.dll" id="3c38b12d-0514-ddbf-d2d8-766e948984fc">
      <TestCategory>
        <TestCategoryItem TestCategory="Database" />
      </TestCategory>
      <Execution id="79b39146-b4a6-46ac-9a88-e140daf513a0" />
      <TestMethod codeBase="D:\actions-runner\_work\XPCO\XPCO\AllSolutions\..\Common\VideoOS.Database.Common\tst\VideoOS.SqlUpdate.UnitTests\bin\Debug\net6.0\VideoOS.SqlUpdate.UnitTests.dll" adapterTypeName="executor://mstestadapter/v2" className="VideoOS.SqlUpdate.UnitTests.SqlUpdateDatabaseTests" name="CreateThenOverwriteDatabase" />
    </UnitTest>
    <UnitTest name="Get_GivenHelpArg_ShouldSkipArgsValidationAndReturnAppConfig" storage="d:\actions-runner\_work\xpco\xpco\allsolutions\..\common\videoos.database.common\tst\videoos.sqlupdate.unittests\bin\debug\net6.0\videoos.sqlupdate.unittests.dll" id="89a11917-5aa8-feb1-68af-0ce22ad844d0">
      <Execution id="573c8e0e-4ee6-4168-979e-b287bc52c583" />
      <TestMethod codeBase="D:\actions-runner\_work\XPCO\XPCO\AllSolutions\..\Common\VideoOS.Database.Common\tst\VideoOS.SqlUpdate.UnitTests\bin\Debug\net6.0\VideoOS.SqlUpdate.UnitTests.dll" adapterTypeName="executor://mstestadapter/v2" className="VideoOS.SqlUpdate.UnitTests.Core.Configuration.AppConfigProviderTests" name="Get_GivenHelpArg_ShouldSkipArgsValidationAndReturnAppConfig" />
    </UnitTest>
    <UnitTest name="Constructor_AppConfigProvider_Null_Throws_ArgumentNullException" storage="d:\actions-runner\_work\xpco\xpco\allsolutions\..\common\videoos.database.common\tst\videoos.sqlupdate.unittests\bin\debug\net6.0\videoos.sqlupdate.unittests.dll" id="75405596-547d-3d11-b42a-a99c32d62adb">
      <Execution id="53a9e93d-1d97-4ff5-9c2f-337ba8dfc123" />
      <TestMethod codeBase="D:\actions-runner\_work\XPCO\XPCO\AllSolutions\..\Common\VideoOS.Database.Common\tst\VideoOS.SqlUpdate.UnitTests\bin\Debug\net6.0\VideoOS.SqlUpdate.UnitTests.dll" adapterTypeName="executor://mstestadapter/v2" className="VideoOS.SqlUpdate.UnitTests.Core.Services.DbServiceTests" name="Constructor_AppConfigProvider_Null_Throws_ArgumentNullException" />
    </UnitTest>
    <UnitTest name="GetVersionedScripts_Sorting_Success" storage="d:\actions-runner\_work\xpco\xpco\allsolutions\..\common\videoos.database.common\tst\videoos.sqlupdate.unittests\bin\debug\net6.0\videoos.sqlupdate.unittests.dll" id="68cb11d5-1985-d85b-200d-5926f8c81604">
      <Execution id="5b638d09-ad03-4fff-9323-5d6682584413" />
      <TestMethod codeBase="D:\actions-runner\_work\XPCO\XPCO\AllSolutions\..\Common\VideoOS.Database.Common\tst\VideoOS.SqlUpdate.UnitTests\bin\Debug\net6.0\VideoOS.SqlUpdate.UnitTests.dll" adapterTypeName="executor://mstestadapter/v2" className="VideoOS.SqlUpdate.UnitTests.Core.Scripts.ScriptsCollectorTests" name="GetVersionedScripts_Sorting_Success" />
    </UnitTest>
    <UnitTest name="GetVmsDbTypeMapper_VmsDbType_AllArguments" storage="d:\actions-runner\_work\xpco\xpco\allsolutions\..\common\videoos.database.common\tst\videoos.sqlupdate.unittests\bin\debug\net6.0\videoos.sqlupdate.unittests.dll" id="f419461f-31bf-a70b-f83a-889f52c5c952">
      <Execution id="7ebd62c1-20b7-4e5f-9d71-b8e607c41b6a" />
      <TestMethod codeBase="D:\actions-runner\_work\XPCO\XPCO\AllSolutions\..\Common\VideoOS.Database.Common\tst\VideoOS.SqlUpdate.UnitTests\bin\Debug\net6.0\VideoOS.SqlUpdate.UnitTests.dll" adapterTypeName="executor://mstestadapter/v2" className="VideoOS.SqlUpdate.UnitTests.Core.Services.VmsDbTypeMapperTests" name="GetVmsDbTypeMapper_VmsDbType_AllArguments" />
    </UnitTest>
    <UnitTest name="Execute_GivenEmptyScriptsCollection_ShouldDoNothing" storage="d:\actions-runner\_work\xpco\xpco\allsolutions\..\common\videoos.database.common\tst\videoos.sqlupdate.unittests\bin\debug\net6.0\videoos.sqlupdate.unittests.dll" id="673d823a-c5c2-5092-cff8-6327f96305ec">
      <Execution id="2d3bcd91-eeff-4105-8b27-448e8641dc1e" />
      <TestMethod codeBase="D:\actions-runner\_work\XPCO\XPCO\AllSolutions\..\Common\VideoOS.Database.Common\tst\VideoOS.SqlUpdate.UnitTests\bin\Debug\net6.0\VideoOS.SqlUpdate.UnitTests.dll" adapterTypeName="executor://mstestadapter/v2" className="VideoOS.SqlUpdate.UnitTests.Core.Scripts.ScriptsExecutorTests" name="Execute_GivenEmptyScriptsCollection_ShouldDoNothing" />
    </UnitTest>
    <UnitTest name="Create_GivenEmptyFilePath_ShouldThrow" storage="d:\actions-runner\_work\xpco\xpco\allsolutions\..\common\videoos.database.common\tst\videoos.sqlupdate.unittests\bin\debug\net6.0\videoos.sqlupdate.unittests.dll" id="b20c96e8-7c10-0b75-3794-96ea9f2e063e">
      <Execution id="00a9a25e-d8ef-453f-b8ba-4673daf15271" />
      <TestMethod codeBase="D:\actions-runner\_work\XPCO\XPCO\AllSolutions\..\Common\VideoOS.Database.Common\tst\VideoOS.SqlUpdate.UnitTests\bin\Debug\net6.0\VideoOS.SqlUpdate.UnitTests.dll" adapterTypeName="executor://mstestadapter/v2" className="VideoOS.SqlUpdate.UnitTests.Core.Scripts.ScriptFactoryTests" name="Create_GivenEmptyFilePath_ShouldThrow" />
    </UnitTest>
    <UnitTest name="IsReadyToExecute_NoVmsConnectionString_ShouldReturnFalse" storage="d:\actions-runner\_work\xpco\xpco\allsolutions\..\common\videoos.database.common\tst\videoos.sqlupdate.unittests\bin\debug\net6.0\videoos.sqlupdate.unittests.dll" id="e78fe158-9bbe-4100-8e01-2da76940083e">
      <Execution id="0accc160-d410-4d52-aa10-9f0827e425ed" />
      <TestMethod codeBase="D:\actions-runner\_work\XPCO\XPCO\AllSolutions\..\Common\VideoOS.Database.Common\tst\VideoOS.SqlUpdate.UnitTests\bin\Debug\net6.0\VideoOS.SqlUpdate.UnitTests.dll" adapterTypeName="executor://mstestadapter/v2" className="VideoOS.SqlUpdate.UnitTests.Core.Services.DbServiceTests" name="IsReadyToExecute_NoVmsConnectionString_ShouldReturnFalse" />
    </UnitTest>
    <UnitTest name="ShouldExecute_GivenVmsConnectionString_ShouldReturnTrue" storage="d:\actions-runner\_work\xpco\xpco\allsolutions\..\common\videoos.database.common\tst\videoos.sqlupdate.unittests\bin\debug\net6.0\videoos.sqlupdate.unittests.dll" id="465f0b10-185c-c9d6-3652-0b9a093b0b3b">
      <Execution id="91748536-15fd-4ffd-95f4-ab5b7af5ab28" />
      <TestMethod codeBase="D:\actions-runner\_work\XPCO\XPCO\AllSolutions\..\Common\VideoOS.Database.Common\tst\VideoOS.SqlUpdate.UnitTests\bin\Debug\net6.0\VideoOS.SqlUpdate.UnitTests.dll" adapterTypeName="executor://mstestadapter/v2" className="VideoOS.SqlUpdate.UnitTests.Core.Services.DbServiceTests" name="ShouldExecute_GivenVmsConnectionString_ShouldReturnTrue" />
    </UnitTest>
    <UnitTest name="GetVersionedScripts_GivenNullVersion_ShouldCollect_Success" storage="d:\actions-runner\_work\xpco\xpco\allsolutions\..\common\videoos.database.common\tst\videoos.sqlupdate.unittests\bin\debug\net6.0\videoos.sqlupdate.unittests.dll" id="ca4596e6-88b4-16cc-9437-62363304193e">
      <Execution id="5ea9c581-edb9-4051-8e95-b3938d177952" />
      <TestMethod codeBase="D:\actions-runner\_work\XPCO\XPCO\AllSolutions\..\Common\VideoOS.Database.Common\tst\VideoOS.SqlUpdate.UnitTests\bin\Debug\net6.0\VideoOS.SqlUpdate.UnitTests.dll" adapterTypeName="executor://mstestadapter/v2" className="VideoOS.SqlUpdate.UnitTests.Core.Scripts.ScriptsCollectorTests" name="GetVersionedScripts_GivenNullVersion_ShouldCollect_Success" />
    </UnitTest>
    <UnitTest name="CreateThenUpgradeVmsDatabaseToNewVersion" storage="d:\actions-runner\_work\xpco\xpco\allsolutions\..\common\videoos.database.common\tst\videoos.sqlupdate.unittests\bin\debug\net6.0\videoos.sqlupdate.unittests.dll" id="0b5cb3ff-7c31-8b4f-f774-04f204b3af60">
      <TestCategory>
        <TestCategoryItem TestCategory="Database" />
      </TestCategory>
      <Execution id="73e7dfc5-b218-473f-9f2a-8023d215e8fd" />
      <TestMethod codeBase="D:\actions-runner\_work\XPCO\XPCO\AllSolutions\..\Common\VideoOS.Database.Common\tst\VideoOS.SqlUpdate.UnitTests\bin\Debug\net6.0\VideoOS.SqlUpdate.UnitTests.dll" adapterTypeName="executor://mstestadapter/v2" className="VideoOS.SqlUpdate.UnitTests.SqlUpdateDatabaseTests" name="CreateThenUpgradeVmsDatabaseToNewVersion" />
    </UnitTest>
    <UnitTest name="Get_NoScriptsPath_ShouldTakeExecutingAssemblyLocation" storage="d:\actions-runner\_work\xpco\xpco\allsolutions\..\common\videoos.database.common\tst\videoos.sqlupdate.unittests\bin\debug\net6.0\videoos.sqlupdate.unittests.dll" id="e9f0dcf8-8217-8bbf-fe69-3ef1086dfebe">
      <Execution id="dba9f9e7-e72c-441e-b599-34a1d0a64a66" />
      <TestMethod codeBase="D:\actions-runner\_work\XPCO\XPCO\AllSolutions\..\Common\VideoOS.Database.Common\tst\VideoOS.SqlUpdate.UnitTests\bin\Debug\net6.0\VideoOS.SqlUpdate.UnitTests.dll" adapterTypeName="executor://mstestadapter/v2" className="VideoOS.SqlUpdate.UnitTests.Core.Configuration.AppConfigProviderTests" name="Get_NoScriptsPath_ShouldTakeExecutingAssemblyLocation" />
    </UnitTest>
    <UnitTest name="GetLogLevel_NoneLogLevel_Success" storage="d:\actions-runner\_work\xpco\xpco\allsolutions\..\common\videoos.database.common\tst\videoos.sqlupdate.unittests\bin\debug\net6.0\videoos.sqlupdate.unittests.dll" id="bba149cc-081a-f1aa-47df-144245184e0e">
      <Execution id="9351c9f6-f780-4a2e-81b5-292e08f6a276" />
      <TestMethod codeBase="D:\actions-runner\_work\XPCO\XPCO\AllSolutions\..\Common\VideoOS.Database.Common\tst\VideoOS.SqlUpdate.UnitTests\bin\Debug\net6.0\VideoOS.SqlUpdate.UnitTests.dll" adapterTypeName="executor://mstestadapter/v2" className="VideoOS.SqlUpdate.UnitTests.Core.Logger.LogLevelArgumentParserTests" name="GetLogLevel_NoneLogLevel_Success" />
    </UnitTest>
    <UnitTest name="GetScripts_GivenInvalidScripts_ShouldThrow" storage="d:\actions-runner\_work\xpco\xpco\allsolutions\..\common\videoos.database.common\tst\videoos.sqlupdate.unittests\bin\debug\net6.0\videoos.sqlupdate.unittests.dll" id="fb86b757-bded-c0b9-e792-10e606c289de">
      <Execution id="8f5479d8-e093-45ca-ae72-31da8c9891bc" />
      <TestMethod codeBase="D:\actions-runner\_work\XPCO\XPCO\AllSolutions\..\Common\VideoOS.Database.Common\tst\VideoOS.SqlUpdate.UnitTests\bin\Debug\net6.0\VideoOS.SqlUpdate.UnitTests.dll" adapterTypeName="executor://mstestadapter/v2" className="VideoOS.SqlUpdate.UnitTests.Core.Scripts.ScriptsCollectorTests" name="GetScripts_GivenInvalidScripts_ShouldThrow" />
    </UnitTest>
    <UnitTest name="CreateEmbedded_GivenNonExistingScriptName_ShouldThrow" storage="d:\actions-runner\_work\xpco\xpco\allsolutions\..\common\videoos.database.common\tst\videoos.sqlupdate.unittests\bin\debug\net6.0\videoos.sqlupdate.unittests.dll" id="bc65ce97-e1cb-7cff-0568-18a39fed20c2">
      <Execution id="7795cce1-2f00-4691-ae28-90ca19e36cda" />
      <TestMethod codeBase="D:\actions-runner\_work\XPCO\XPCO\AllSolutions\..\Common\VideoOS.Database.Common\tst\VideoOS.SqlUpdate.UnitTests\bin\Debug\net6.0\VideoOS.SqlUpdate.UnitTests.dll" adapterTypeName="executor://mstestadapter/v2" className="VideoOS.SqlUpdate.UnitTests.Core.Scripts.ScriptFactoryTests" name="CreateEmbedded_GivenNonExistingScriptName_ShouldThrow" />
    </UnitTest>
    <UnitTest name="GetLogLevel_DebugLogLevel_Success" storage="d:\actions-runner\_work\xpco\xpco\allsolutions\..\common\videoos.database.common\tst\videoos.sqlupdate.unittests\bin\debug\net6.0\videoos.sqlupdate.unittests.dll" id="6099c9de-e2d2-7cf0-1838-8a8cc1758227">
      <Execution id="268d9823-a0c9-4f71-92de-805bba819a21" />
      <TestMethod codeBase="D:\actions-runner\_work\XPCO\XPCO\AllSolutions\..\Common\VideoOS.Database.Common\tst\VideoOS.SqlUpdate.UnitTests\bin\Debug\net6.0\VideoOS.SqlUpdate.UnitTests.dll" adapterTypeName="executor://mstestadapter/v2" className="VideoOS.SqlUpdate.UnitTests.Core.Logger.LogLevelArgumentParserTests" name="GetLogLevel_DebugLogLevel_Success" />
    </UnitTest>
    <UnitTest name="CreateVmsDatabaseExternallyManaged" storage="d:\actions-runner\_work\xpco\xpco\allsolutions\..\common\videoos.database.common\tst\videoos.sqlupdate.unittests\bin\debug\net6.0\videoos.sqlupdate.unittests.dll" id="31e7b9fa-1a47-95f0-5dda-b3bef5a15e43">
      <TestCategory>
        <TestCategoryItem TestCategory="Database" />
      </TestCategory>
      <Execution id="b531aa55-c3b8-4492-9cd0-0cc82578bde0" />
      <TestMethod codeBase="D:\actions-runner\_work\XPCO\XPCO\AllSolutions\..\Common\VideoOS.Database.Common\tst\VideoOS.SqlUpdate.UnitTests\bin\Debug\net6.0\VideoOS.SqlUpdate.UnitTests.dll" adapterTypeName="executor://mstestadapter/v2" className="VideoOS.SqlUpdate.UnitTests.SqlUpdateDatabaseTests" name="CreateVmsDatabaseExternallyManaged" />
    </UnitTest>
    <UnitTest name="Create_GivenScriptWithoutValidStatements_ShouldReturnScriptWithoutStatements" storage="d:\actions-runner\_work\xpco\xpco\allsolutions\..\common\videoos.database.common\tst\videoos.sqlupdate.unittests\bin\debug\net6.0\videoos.sqlupdate.unittests.dll" id="5b23e67a-a2a0-c3c3-cce5-1e6575c01c9d">
      <Execution id="aa1ef44d-364f-4cfe-93cf-07966d300459" />
      <TestMethod codeBase="D:\actions-runner\_work\XPCO\XPCO\AllSolutions\..\Common\VideoOS.Database.Common\tst\VideoOS.SqlUpdate.UnitTests\bin\Debug\net6.0\VideoOS.SqlUpdate.UnitTests.dll" adapterTypeName="executor://mstestadapter/v2" className="VideoOS.SqlUpdate.UnitTests.Core.Scripts.ScriptFactoryTests" name="Create_GivenScriptWithoutValidStatements_ShouldReturnScriptWithoutStatements" />
    </UnitTest>
    <UnitTest name="DefaultConstructor_NullErrorLogger_Throws_ArgumentNullException" storage="d:\actions-runner\_work\xpco\xpco\allsolutions\..\common\videoos.database.common\tst\videoos.sqlupdate.unittests\bin\debug\net6.0\videoos.sqlupdate.unittests.dll" id="700cd3a9-84b0-2e12-b13f-48ceb717eb8b">
      <Execution id="7790f5d4-d89c-41f3-a37a-b82c3b893d70" />
      <TestMethod codeBase="D:\actions-runner\_work\XPCO\XPCO\AllSolutions\..\Common\VideoOS.Database.Common\tst\VideoOS.SqlUpdate.UnitTests\bin\Debug\net6.0\VideoOS.SqlUpdate.UnitTests.dll" adapterTypeName="executor://mstestadapter/v2" className="VideoOS.SqlUpdate.UnitTests.Core.Logger.LogLevelArgumentParserTests" name="DefaultConstructor_NullErrorLogger_Throws_ArgumentNullException" />
    </UnitTest>
    <UnitTest name="IsReadyToExecute_UpdateScenario_DowngradeProduct_ShouldLogAndReturnFalse" storage="d:\actions-runner\_work\xpco\xpco\allsolutions\..\common\videoos.database.common\tst\videoos.sqlupdate.unittests\bin\debug\net6.0\videoos.sqlupdate.unittests.dll" id="095f3b1b-c15f-8f8f-6f45-89cc91d4fcbb">
      <Execution id="c148b5c8-9040-4c9c-9094-08f3927a192a" />
      <TestMethod codeBase="D:\actions-runner\_work\XPCO\XPCO\AllSolutions\..\Common\VideoOS.Database.Common\tst\VideoOS.SqlUpdate.UnitTests\bin\Debug\net6.0\VideoOS.SqlUpdate.UnitTests.dll" adapterTypeName="executor://mstestadapter/v2" className="VideoOS.SqlUpdate.UnitTests.Core.Services.DbServiceTests" name="IsReadyToExecute_UpdateScenario_DowngradeProduct_ShouldLogAndReturnFalse" />
    </UnitTest>
    <UnitTest name="GetAllScripts_GivenTempScripts_ShouldCollectThem_Success" storage="d:\actions-runner\_work\xpco\xpco\allsolutions\..\common\videoos.database.common\tst\videoos.sqlupdate.unittests\bin\debug\net6.0\videoos.sqlupdate.unittests.dll" id="32eb61fc-2450-1ada-8488-7c573853f5df">
      <Execution id="483901b6-2baf-4a59-b588-fa2a47867ebb" />
      <TestMethod codeBase="D:\actions-runner\_work\XPCO\XPCO\AllSolutions\..\Common\VideoOS.Database.Common\tst\VideoOS.SqlUpdate.UnitTests\bin\Debug\net6.0\VideoOS.SqlUpdate.UnitTests.dll" adapterTypeName="executor://mstestadapter/v2" className="VideoOS.SqlUpdate.UnitTests.Core.Scripts.ScriptsCollectorTests" name="GetAllScripts_GivenTempScripts_ShouldCollectThem_Success" />
    </UnitTest>
    <UnitTest name="Execute_GivenMultipleScriptsInCollection_ShouldExecuteAllScripts" storage="d:\actions-runner\_work\xpco\xpco\allsolutions\..\common\videoos.database.common\tst\videoos.sqlupdate.unittests\bin\debug\net6.0\videoos.sqlupdate.unittests.dll" id="ab194622-cf10-28ec-2400-b5abc4ca3946">
      <Execution id="c6e2827c-e635-4de8-89a1-1e05a27a6505" />
      <TestMethod codeBase="D:\actions-runner\_work\XPCO\XPCO\AllSolutions\..\Common\VideoOS.Database.Common\tst\VideoOS.SqlUpdate.UnitTests\bin\Debug\net6.0\VideoOS.SqlUpdate.UnitTests.dll" adapterTypeName="executor://mstestadapter/v2" className="VideoOS.SqlUpdate.UnitTests.Core.Scripts.ScriptsExecutorTests" name="Execute_GivenMultipleScriptsInCollection_ShouldExecuteAllScripts" />
    </UnitTest>
    <UnitTest name="Create_GivenVersionedScript_ShouldReturnScriptWithVersion" storage="d:\actions-runner\_work\xpco\xpco\allsolutions\..\common\videoos.database.common\tst\videoos.sqlupdate.unittests\bin\debug\net6.0\videoos.sqlupdate.unittests.dll" id="78c43138-7ef9-3133-dade-14b848c3191c">
      <Execution id="7a1b915a-8fa6-4d83-891d-572be6711519" />
      <TestMethod codeBase="D:\actions-runner\_work\XPCO\XPCO\AllSolutions\..\Common\VideoOS.Database.Common\tst\VideoOS.SqlUpdate.UnitTests\bin\Debug\net6.0\VideoOS.SqlUpdate.UnitTests.dll" adapterTypeName="executor://mstestadapter/v2" className="VideoOS.SqlUpdate.UnitTests.Core.Scripts.ScriptFactoryTests" name="Create_GivenVersionedScript_ShouldReturnScriptWithVersion" />
    </UnitTest>
    <UnitTest name="OverwriteVmsDatabaseExternallyManagedShouldFail" storage="d:\actions-runner\_work\xpco\xpco\allsolutions\..\common\videoos.database.common\tst\videoos.sqlupdate.unittests\bin\debug\net6.0\videoos.sqlupdate.unittests.dll" id="cffab82f-3414-27a9-2389-810a030221f8">
      <TestCategory>
        <TestCategoryItem TestCategory="Database" />
      </TestCategory>
      <Execution id="004b8568-08b7-4d2f-a984-21ed4e05ce29" />
      <TestMethod codeBase="D:\actions-runner\_work\XPCO\XPCO\AllSolutions\..\Common\VideoOS.Database.Common\tst\VideoOS.SqlUpdate.UnitTests\bin\Debug\net6.0\VideoOS.SqlUpdate.UnitTests.dll" adapterTypeName="executor://mstestadapter/v2" className="VideoOS.SqlUpdate.UnitTests.SqlUpdateDatabaseTests" name="OverwriteVmsDatabaseExternallyManagedShouldFail" />
    </UnitTest>
    <UnitTest name="CreateAndUpgradeVmsDatabaseToNewVersion" storage="d:\actions-runner\_work\xpco\xpco\allsolutions\..\common\videoos.database.common\tst\videoos.sqlupdate.unittests\bin\debug\net6.0\videoos.sqlupdate.unittests.dll" id="b6a84fc9-b8af-7638-b578-e83dde990014">
      <TestCategory>
        <TestCategoryItem TestCategory="Database" />
      </TestCategory>
      <Execution id="5b77b537-63f3-4f17-8901-ee162558f006" />
      <TestMethod codeBase="D:\actions-runner\_work\XPCO\XPCO\AllSolutions\..\Common\VideoOS.Database.Common\tst\VideoOS.SqlUpdate.UnitTests\bin\Debug\net6.0\VideoOS.SqlUpdate.UnitTests.dll" adapterTypeName="executor://mstestadapter/v2" className="VideoOS.SqlUpdate.UnitTests.SqlUpdateDatabaseTests" name="CreateAndUpgradeVmsDatabaseToNewVersion" />
    </UnitTest>
    <UnitTest name="EnrichConfiguration_NoScriptsPath_ShouldTakeExecutingAssemblyLocation" storage="d:\actions-runner\_work\xpco\xpco\allsolutions\..\common\videoos.database.common\tst\videoos.sqlupdate.unittests\bin\debug\net6.0\videoos.sqlupdate.unittests.dll" id="8876f71d-207b-9e98-73fb-269dea525259">
      <Execution id="2af04de6-c09d-4aca-b644-63b5bcc2feac" />
      <TestMethod codeBase="D:\actions-runner\_work\XPCO\XPCO\AllSolutions\..\Common\VideoOS.Database.Common\tst\VideoOS.SqlUpdate.UnitTests\bin\Debug\net6.0\VideoOS.SqlUpdate.UnitTests.dll" adapterTypeName="executor://mstestadapter/v2" className="VideoOS.SqlUpdate.UnitTests.Core.Configuration.AppConfigHelperTests" name="EnrichConfiguration_NoScriptsPath_ShouldTakeExecutingAssemblyLocation" />
    </UnitTest>
    <UnitTest name="Get_GivenIsExternallyManagedDbArg_ShouldReturnCorrectAppConfig" storage="d:\actions-runner\_work\xpco\xpco\allsolutions\..\common\videoos.database.common\tst\videoos.sqlupdate.unittests\bin\debug\net6.0\videoos.sqlupdate.unittests.dll" id="a0f9c482-e7b2-3a3d-cfcc-2dcdd4040ff9">
      <Execution id="1dba77a1-e786-4f09-9ef6-2d28afa4a8fb" />
      <TestMethod codeBase="D:\actions-runner\_work\XPCO\XPCO\AllSolutions\..\Common\VideoOS.Database.Common\tst\VideoOS.SqlUpdate.UnitTests\bin\Debug\net6.0\VideoOS.SqlUpdate.UnitTests.dll" adapterTypeName="executor://mstestadapter/v2" className="VideoOS.SqlUpdate.UnitTests.Core.Configuration.AppConfigProviderTests" name="Get_GivenIsExternallyManagedDbArg_ShouldReturnCorrectAppConfig" />
    </UnitTest>
    <UnitTest name="GetLogLevel_DefaultLogLevel_Success" storage="d:\actions-runner\_work\xpco\xpco\allsolutions\..\common\videoos.database.common\tst\videoos.sqlupdate.unittests\bin\debug\net6.0\videoos.sqlupdate.unittests.dll" id="01826079-be72-7b70-b9e3-2bcdd8fb2e14">
      <Execution id="af88c263-fa45-4696-bda7-50fcacbd9f3f" />
      <TestMethod codeBase="D:\actions-runner\_work\XPCO\XPCO\AllSolutions\..\Common\VideoOS.Database.Common\tst\VideoOS.SqlUpdate.UnitTests\bin\Debug\net6.0\VideoOS.SqlUpdate.UnitTests.dll" adapterTypeName="executor://mstestadapter/v2" className="VideoOS.SqlUpdate.UnitTests.Core.Logger.LogLevelArgumentParserTests" name="GetLogLevel_DefaultLogLevel_Success" />
    </UnitTest>
    <UnitTest name="Execute_GivenHelpArg_ShouldLogHelpAndReturnTrue" storage="d:\actions-runner\_work\xpco\xpco\allsolutions\..\common\videoos.database.common\tst\videoos.sqlupdate.unittests\bin\debug\net6.0\videoos.sqlupdate.unittests.dll" id="ab19b7bf-ad07-089f-53a1-3d3dbecbc8f5">
      <Execution id="728025a7-5289-406a-8583-ca00feae64a0" />
      <TestMethod codeBase="D:\actions-runner\_work\XPCO\XPCO\AllSolutions\..\Common\VideoOS.Database.Common\tst\VideoOS.SqlUpdate.UnitTests\bin\Debug\net6.0\VideoOS.SqlUpdate.UnitTests.dll" adapterTypeName="executor://mstestadapter/v2" className="VideoOS.SqlUpdate.UnitTests.MainControllerTests" name="Execute_GivenHelpArg_ShouldLogHelpAndReturnTrue" />
    </UnitTest>
    <UnitTest name="GetLogLevel_WarningLogLevel_Success" storage="d:\actions-runner\_work\xpco\xpco\allsolutions\..\common\videoos.database.common\tst\videoos.sqlupdate.unittests\bin\debug\net6.0\videoos.sqlupdate.unittests.dll" id="4f77b768-fdd6-d9f7-17dc-d6fe0dba6a76">
      <Execution id="4d99faa1-62e4-4b10-afe3-d89f29037c33" />
      <TestMethod codeBase="D:\actions-runner\_work\XPCO\XPCO\AllSolutions\..\Common\VideoOS.Database.Common\tst\VideoOS.SqlUpdate.UnitTests\bin\Debug\net6.0\VideoOS.SqlUpdate.UnitTests.dll" adapterTypeName="executor://mstestadapter/v2" className="VideoOS.SqlUpdate.UnitTests.Core.Logger.LogLevelArgumentParserTests" name="GetLogLevel_WarningLogLevel_Success" />
    </UnitTest>
    <UnitTest name="EnrichConfiguration_GivenInputAppConfig_ShouldReturnCorrectAppConfig" storage="d:\actions-runner\_work\xpco\xpco\allsolutions\..\common\videoos.database.common\tst\videoos.sqlupdate.unittests\bin\debug\net6.0\videoos.sqlupdate.unittests.dll" id="2388efa5-9ced-56ba-7b92-9b5de847fc7e">
      <Execution id="4a015610-b18f-4459-b257-d731bdf93a1f" />
      <TestMethod codeBase="D:\actions-runner\_work\XPCO\XPCO\AllSolutions\..\Common\VideoOS.Database.Common\tst\VideoOS.SqlUpdate.UnitTests\bin\Debug\net6.0\VideoOS.SqlUpdate.UnitTests.dll" adapterTypeName="executor://mstestadapter/v2" className="VideoOS.SqlUpdate.UnitTests.Core.Configuration.AppConfigHelperTests" name="EnrichConfiguration_GivenInputAppConfig_ShouldReturnCorrectAppConfig" />
    </UnitTest>
    <UnitTest name="Execute_ScriptNoVersion_ShouldNotSetVersion" storage="d:\actions-runner\_work\xpco\xpco\allsolutions\..\common\videoos.database.common\tst\videoos.sqlupdate.unittests\bin\debug\net6.0\videoos.sqlupdate.unittests.dll" id="50a58278-6fbf-6e1e-a6e1-637055c38299">
      <Execution id="6b87b499-9937-4616-8222-dde4c7e8c2d6" />
      <TestMethod codeBase="D:\actions-runner\_work\XPCO\XPCO\AllSolutions\..\Common\VideoOS.Database.Common\tst\VideoOS.SqlUpdate.UnitTests\bin\Debug\net6.0\VideoOS.SqlUpdate.UnitTests.dll" adapterTypeName="executor://mstestadapter/v2" className="VideoOS.SqlUpdate.UnitTests.Core.Scripts.ScriptsExecutorTests" name="Execute_ScriptNoVersion_ShouldNotSetVersion" />
    </UnitTest>
    <UnitTest name="IsValidConfiguration_GivenNotSupportedCommandLineArg_ShouldLogAndReturnFalse" storage="d:\actions-runner\_work\xpco\xpco\allsolutions\..\common\videoos.database.common\tst\videoos.sqlupdate.unittests\bin\debug\net6.0\videoos.sqlupdate.unittests.dll" id="e9246b2a-5ddd-ce86-661a-ec992691ba70">
      <Execution id="ee0d98a1-f551-437b-a884-dc28f0ebf31b" />
      <TestMethod codeBase="D:\actions-runner\_work\XPCO\XPCO\AllSolutions\..\Common\VideoOS.Database.Common\tst\VideoOS.SqlUpdate.UnitTests\bin\Debug\net6.0\VideoOS.SqlUpdate.UnitTests.dll" adapterTypeName="executor://mstestadapter/v2" className="VideoOS.SqlUpdate.UnitTests.Core.Configuration.AppConfigProviderTests" name="IsValidConfiguration_GivenNotSupportedCommandLineArg_ShouldLogAndReturnFalse" />
    </UnitTest>
    <UnitTest name="Execute_GivenOneBrokenScriptInCollection_ShouldThrow" storage="d:\actions-runner\_work\xpco\xpco\allsolutions\..\common\videoos.database.common\tst\videoos.sqlupdate.unittests\bin\debug\net6.0\videoos.sqlupdate.unittests.dll" id="904deb02-8736-9b32-c134-5c7d259832e2">
      <Execution id="0f172c6b-d1df-4bef-8e73-25e0165ca5c5" />
      <TestMethod codeBase="D:\actions-runner\_work\XPCO\XPCO\AllSolutions\..\Common\VideoOS.Database.Common\tst\VideoOS.SqlUpdate.UnitTests\bin\Debug\net6.0\VideoOS.SqlUpdate.UnitTests.dll" adapterTypeName="executor://mstestadapter/v2" className="VideoOS.SqlUpdate.UnitTests.Core.Scripts.ScriptsExecutorTests" name="Execute_GivenOneBrokenScriptInCollection_ShouldThrow" />
    </UnitTest>
    <UnitTest name="CreateAllDatabasesExternallyManagedUsingLimitedAccounts" storage="d:\actions-runner\_work\xpco\xpco\allsolutions\..\common\videoos.database.common\tst\videoos.sqlupdate.unittests\bin\debug\net6.0\videoos.sqlupdate.unittests.dll" id="cc68eb69-61b4-2530-3b70-25726734b520">
      <TestCategory>
        <TestCategoryItem TestCategory="Database" />
      </TestCategory>
      <Execution id="437b5705-07f8-4333-9eb1-5ee89b19c296" />
      <TestMethod codeBase="D:\actions-runner\_work\XPCO\XPCO\AllSolutions\..\Common\VideoOS.Database.Common\tst\VideoOS.SqlUpdate.UnitTests\bin\Debug\net6.0\VideoOS.SqlUpdate.UnitTests.dll" adapterTypeName="executor://mstestadapter/v2" className="VideoOS.SqlUpdate.UnitTests.SqlUpdateDatabaseTests" name="CreateAllDatabasesExternallyManagedUsingLimitedAccounts" />
    </UnitTest>
    <UnitTest name="CreateAllDatabases" storage="d:\actions-runner\_work\xpco\xpco\allsolutions\..\common\videoos.database.common\tst\videoos.sqlupdate.unittests\bin\debug\net6.0\videoos.sqlupdate.unittests.dll" id="6f5df8b4-452b-59af-aaa5-4ca2d6ff793d">
      <TestCategory>
        <TestCategoryItem TestCategory="Database" />
      </TestCategory>
      <Execution id="02f820a4-5b66-4532-974a-f99b43e77249" />
      <TestMethod codeBase="D:\actions-runner\_work\XPCO\XPCO\AllSolutions\..\Common\VideoOS.Database.Common\tst\VideoOS.SqlUpdate.UnitTests\bin\Debug\net6.0\VideoOS.SqlUpdate.UnitTests.dll" adapterTypeName="executor://mstestadapter/v2" className="VideoOS.SqlUpdate.UnitTests.SqlUpdateDatabaseTests" name="CreateAllDatabases" />
    </UnitTest>
    <UnitTest name="Constructor_ScriptsCollector_Null_Throws_ArgumentNullException" storage="d:\actions-runner\_work\xpco\xpco\allsolutions\..\common\videoos.database.common\tst\videoos.sqlupdate.unittests\bin\debug\net6.0\videoos.sqlupdate.unittests.dll" id="04e2ea31-6c30-6dc2-1890-8643fb008cc3">
      <Execution id="66355807-e6ba-4361-ab23-8e47fef29d0c" />
      <TestMethod codeBase="D:\actions-runner\_work\XPCO\XPCO\AllSolutions\..\Common\VideoOS.Database.Common\tst\VideoOS.SqlUpdate.UnitTests\bin\Debug\net6.0\VideoOS.SqlUpdate.UnitTests.dll" adapterTypeName="executor://mstestadapter/v2" className="VideoOS.SqlUpdate.UnitTests.Core.Services.DbServiceTests" name="Constructor_ScriptsCollector_Null_Throws_ArgumentNullException" />
    </UnitTest>
    <UnitTest name="IsReadyToExecute_UpdateScenario_HappyPath_ShouldReturnTrue" storage="d:\actions-runner\_work\xpco\xpco\allsolutions\..\common\videoos.database.common\tst\videoos.sqlupdate.unittests\bin\debug\net6.0\videoos.sqlupdate.unittests.dll" id="9bfeb736-ca4e-5e91-b7a2-4db35809c59a">
      <Execution id="cae13bd5-37e4-48d3-a86c-796e4847daa7" />
      <TestMethod codeBase="D:\actions-runner\_work\XPCO\XPCO\AllSolutions\..\Common\VideoOS.Database.Common\tst\VideoOS.SqlUpdate.UnitTests\bin\Debug\net6.0\VideoOS.SqlUpdate.UnitTests.dll" adapterTypeName="executor://mstestadapter/v2" className="VideoOS.SqlUpdate.UnitTests.Core.Services.DbServiceTests" name="IsReadyToExecute_UpdateScenario_HappyPath_ShouldReturnTrue" />
    </UnitTest>
[...]
      <Execution id="de97f4ba-8cb5-4525-a192-ee07624cbe6a" />
      <TestMethod codeBase="D:\actions-runner\_work\XPCO\XPCO\AllSolutions\..\Common\VideoOS.Database.Common\tst\VideoOS.SqlUpdate.UnitTests\bin\Debug\net6.0\VideoOS.SqlUpdate.UnitTests.dll" adapterTypeName="executor://mstestadapter/v2" className="VideoOS.SqlUpdate.UnitTests.Core.Scripts.ScriptFactoryTests" name="Create_GivenScriptWithOneStatement_ShouldReturnScriptWithThatStatement" />
    </UnitTest>
    <UnitTest name="CreateVmsDatabaseDatabaseAlreadyExists" storage="d:\actions-runner\_work\xpco\xpco\allsolutions\..\common\videoos.database.common\tst\videoos.sqlupdate.unittests\bin\debug\net6.0\videoos.sqlupdate.unittests.dll" id="686a860e-766b-012e-f87d-3bb3f66d6abf">
      <TestCategory>
        <TestCategoryItem TestCategory="Database" />
      </TestCategory>
      <Execution id="5a2b23e6-0288-429d-a904-638396aca08e" />
      <TestMethod codeBase="D:\actions-runner\_work\XPCO\XPCO\AllSolutions\..\Common\VideoOS.Database.Common\tst\VideoOS.SqlUpdate.UnitTests\bin\Debug\net6.0\VideoOS.SqlUpdate.UnitTests.dll" adapterTypeName="executor://mstestadapter/v2" className="VideoOS.SqlUpdate.UnitTests.SqlUpdateDatabaseTests" name="CreateVmsDatabaseDatabaseAlreadyExists" />
    </UnitTest>
    <UnitTest name="Constructor_NoNulls_Success" storage="d:\actions-runner\_work\xpco\xpco\allsolutions\..\common\videoos.database.common\tst\videoos.sqlupdate.unittests\bin\debug\net6.0\videoos.sqlupdate.unittests.dll" id="9b464051-17df-e8a9-ef0d-733218e9a3ee">
      <Execution id="23db7991-78af-4b8f-b37d-a1de9a56b508" />
      <TestMethod codeBase="D:\actions-runner\_work\XPCO\XPCO\AllSolutions\..\Common\VideoOS.Database.Common\tst\VideoOS.SqlUpdate.UnitTests\bin\Debug\net6.0\VideoOS.SqlUpdate.UnitTests.dll" adapterTypeName="executor://mstestadapter/v2" className="VideoOS.SqlUpdate.UnitTests.Core.Services.DbServiceTests" name="Constructor_NoNulls_Success" />
    </UnitTest>
    <UnitTest name="CreateEmbedded_GivenEmptyScriptName_ShouldThrow" storage="d:\actions-runner\_work\xpco\xpco\allsolutions\..\common\videoos.database.common\tst\videoos.sqlupdate.unittests\bin\debug\net6.0\videoos.sqlupdate.unittests.dll" id="741339a6-21fe-a872-cd6b-b614a77cc752">
      <Execution id="a13c0841-83e8-4e14-b675-e006ff9d6176" />
      <TestMethod codeBase="D:\actions-runner\_work\XPCO\XPCO\AllSolutions\..\Common\VideoOS.Database.Common\tst\VideoOS.SqlUpdate.UnitTests\bin\Debug\net6.0\VideoOS.SqlUpdate.UnitTests.dll" adapterTypeName="executor://mstestadapter/v2" className="VideoOS.SqlUpdate.UnitTests.Core.Scripts.ScriptFactoryTests" name="CreateEmbedded_GivenEmptyScriptName_ShouldThrow" />
    </UnitTest>
    <UnitTest name="GetAllScripts_GivenStoredProcedures_ShouldCollectThem_Success" storage="d:\actions-runner\_work\xpco\xpco\allsolutions\..\common\videoos.database.common\tst\videoos.sqlupdate.unittests\bin\debug\net6.0\videoos.sqlupdate.unittests.dll" id="875548f8-2077-d880-325c-60b6c68964fb">
      <Execution id="9e7c3eb8-3176-4175-b747-81ec960050ac" />
      <TestMethod codeBase="D:\actions-runner\_work\XPCO\XPCO\AllSolutions\..\Common\VideoOS.Database.Common\tst\VideoOS.SqlUpdate.UnitTests\bin\Debug\net6.0\VideoOS.SqlUpdate.UnitTests.dll" adapterTypeName="executor://mstestadapter/v2" className="VideoOS.SqlUpdate.UnitTests.Core.Scripts.ScriptsCollectorTests" name="GetAllScripts_GivenStoredProcedures_ShouldCollectThem_Success" />
    </UnitTest>
    <UnitTest name="GetVersionedScripts_PathWithoutScripts_EmptyResult_Success" storage="d:\actions-runner\_work\xpco\xpco\allsolutions\..\common\videoos.database.common\tst\videoos.sqlupdate.unittests\bin\debug\net6.0\videoos.sqlupdate.unittests.dll" id="fc744469-1019-677e-ec3e-cac0babb1498">
      <Execution id="c7019838-6198-413f-8fb4-f9fe88816156" />
      <TestMethod codeBase="D:\actions-runner\_work\XPCO\XPCO\AllSolutions\..\Common\VideoOS.Database.Common\tst\VideoOS.SqlUpdate.UnitTests\bin\Debug\net6.0\VideoOS.SqlUpdate.UnitTests.dll" adapterTypeName="executor://mstestadapter/v2" className="VideoOS.SqlUpdate.UnitTests.Core.Scripts.ScriptsCollectorTests" name="GetVersionedScripts_PathWithoutScripts_EmptyResult_Success" />
    </UnitTest>
    <UnitTest name="CreateThenUpgradeInCorrectOrder" storage="d:\actions-runner\_work\xpco\xpco\allsolutions\..\common\videoos.database.common\tst\videoos.sqlupdate.unittests\bin\debug\net6.0\videoos.sqlupdate.unittests.dll" id="65bbabd0-1aa6-9abd-2678-07f395504fe6">
      <TestCategory>
        <TestCategoryItem TestCategory="Database" />
      </TestCategory>
      <Execution id="ac4b2538-5298-4da2-8262-f4bc04074293" />
      <TestMethod codeBase="D:\actions-runner\_work\XPCO\XPCO\AllSolutions\..\Common\VideoOS.Database.Common\tst\VideoOS.SqlUpdate.UnitTests\bin\Debug\net6.0\VideoOS.SqlUpdate.UnitTests.dll" adapterTypeName="executor://mstestadapter/v2" className="VideoOS.SqlUpdate.UnitTests.SqlUpdateDatabaseTests" name="CreateThenUpgradeInCorrectOrder" />
    </UnitTest>
    <UnitTest name="DefaultConstructor_NullEnvironmentWrapper_Throws_ArgumentNullException" storage="d:\actions-runner\_work\xpco\xpco\allsolutions\..\common\videoos.database.common\tst\videoos.sqlupdate.unittests\bin\debug\net6.0\videoos.sqlupdate.unittests.dll" id="95fcec59-d8a9-a66a-a9de-92fa7fa22840">
      <Execution id="d884f335-ce51-4190-a32c-245fb5656a61" />
      <TestMethod codeBase="D:\actions-runner\_work\XPCO\XPCO\AllSolutions\..\Common\VideoOS.Database.Common\tst\VideoOS.SqlUpdate.UnitTests\bin\Debug\net6.0\VideoOS.SqlUpdate.UnitTests.dll" adapterTypeName="executor://mstestadapter/v2" className="VideoOS.SqlUpdate.UnitTests.Core.Logger.LogLevelArgumentParserTests" name="DefaultConstructor_NullEnvironmentWrapper_Throws_ArgumentNullException" />
    </UnitTest>
    <UnitTest name="IsReadyToExecute_UpdateScenario_CurrentDbVersionLowerThanMinimumSupportedVersion_ShouldLogAndReturnFalse" storage="d:\actions-runner\_work\xpco\xpco\allsolutions\..\common\videoos.database.common\tst\videoos.sqlupdate.unittests\bin\debug\net6.0\videoos.sqlupdate.unittests.dll" id="af31b27d-5c61-fbc3-1ed2-e579eca71705">
      <Execution id="0e11cca1-eb2d-409b-b474-0b5e2508de63" />
      <TestMethod codeBase="D:\actions-runner\_work\XPCO\XPCO\AllSolutions\..\Common\VideoOS.Database.Common\tst\VideoOS.SqlUpdate.UnitTests\bin\Debug\net6.0\VideoOS.SqlUpdate.UnitTests.dll" adapterTypeName="executor://mstestadapter/v2" className="VideoOS.SqlUpdate.UnitTests.Core.Services.DbServiceTests" name="IsReadyToExecute_UpdateScenario_CurrentDbVersionLowerThanMinimumSupportedVersion_ShouldLogAndReturnFalse" />
    </UnitTest>
    <UnitTest name="Constructor_ScriptsExecutor_Null_Throws_ArgumentNullException" storage="d:\actions-runner\_work\xpco\xpco\allsolutions\..\common\videoos.database.common\tst\videoos.sqlupdate.unittests\bin\debug\net6.0\videoos.sqlupdate.unittests.dll" id="04f8bbce-1f90-cd92-253a-67e1f4ba674f">
      <Execution id="2d4bc135-7d2f-4536-9c2a-1cb54170620d" />
      <TestMethod codeBase="D:\actions-runner\_work\XPCO\XPCO\AllSolutions\..\Common\VideoOS.Database.Common\tst\VideoOS.SqlUpdate.UnitTests\bin\Debug\net6.0\VideoOS.SqlUpdate.UnitTests.dll" adapterTypeName="executor://mstestadapter/v2" className="VideoOS.SqlUpdate.UnitTests.Core.Services.DbServiceTests" name="Constructor_ScriptsExecutor_Null_Throws_ArgumentNullException" />
    </UnitTest>
  </TestDefinitions>
  <TestEntries>
    <TestEntry testId="6717228d-b0db-29cf-2f7d-7fb9f7b75e75" executionId="78f780ce-a3bb-4e0c-b5c4-edd7427d6eca" testListId="8c84fa94-04c1-424b-9868-57a2d4851a1d" />
    <TestEntry testId="c88add81-88bd-8ea9-989f-db2dfc287771" executionId="f42d8571-778d-48ab-afcb-1b1e0c479897" testListId="8c84fa94-04c1-424b-9868-57a2d4851a1d" />
    <TestEntry testId="b6a84fc9-b8af-7638-b578-e83dde990014" executionId="5b77b537-63f3-4f17-8901-ee162558f006" testListId="8c84fa94-04c1-424b-9868-57a2d4851a1d" />
    <TestEntry testId="bba149cc-081a-f1aa-47df-144245184e0e" executionId="9351c9f6-f780-4a2e-81b5-292e08f6a276" testListId="8c84fa94-04c1-424b-9868-57a2d4851a1d" />
    <TestEntry testId="9bfeb736-ca4e-5e91-b7a2-4db35809c59a" executionId="cae13bd5-37e4-48d3-a86c-796e4847daa7" testListId="8c84fa94-04c1-424b-9868-57a2d4851a1d" />
    <TestEntry testId="702645e6-7396-cb60-9de0-cccaae422d3f" executionId="bbb21238-ab35-4944-ac00-8c0e16c02b46" testListId="8c84fa94-04c1-424b-9868-57a2d4851a1d" />
    <TestEntry testId="3e39c4fd-e569-1a52-6db5-663e0f313655" executionId="ad6a14f4-746a-4d97-a17d-f985f42e8aa4" testListId="8c84fa94-04c1-424b-9868-57a2d4851a1d" />
    <TestEntry testId="9b464051-17df-e8a9-ef0d-733218e9a3ee" executionId="23db7991-78af-4b8f-b37d-a1de9a56b508" testListId="8c84fa94-04c1-424b-9868-57a2d4851a1d" />
    <TestEntry testId="7e1833b0-8b42-2c29-a2eb-b5a87e60f73a" executionId="cf141409-622e-4b23-8679-6ce982ebd606" testListId="8c84fa94-04c1-424b-9868-57a2d4851a1d" />
    <TestEntry testId="ab19b7bf-ad07-089f-53a1-3d3dbecbc8f5" executionId="728025a7-5289-406a-8583-ca00feae64a0" testListId="8c84fa94-04c1-424b-9868-57a2d4851a1d" />
    <TestEntry testId="5b23e67a-a2a0-c3c3-cce5-1e6575c01c9d" executionId="aa1ef44d-364f-4cfe-93cf-07966d300459" testListId="8c84fa94-04c1-424b-9868-57a2d4851a1d" />
    <TestEntry testId="bc65ce97-e1cb-7cff-0568-18a39fed20c2" executionId="7795cce1-2f00-4691-ae28-90ca19e36cda" testListId="8c84fa94-04c1-424b-9868-57a2d4851a1d" />
    <TestEntry testId="fb86b757-bded-c0b9-e792-10e606c289de" executionId="8f5479d8-e093-45ca-ae72-31da8c9891bc" testListId="8c84fa94-04c1-424b-9868-57a2d4851a1d" />
    <TestEntry testId="78c43138-7ef9-3133-dade-14b848c3191c" executionId="7a1b915a-8fa6-4d83-891d-572be6711519" testListId="8c84fa94-04c1-424b-9868-57a2d4851a1d" />
    <TestEntry testId="ac9ae4b8-5b59-bf17-6036-8874e550ac26" executionId="1cee70b9-8548-4b10-b85b-60d5dd9c9f77" testListId="8c84fa94-04c1-424b-9868-57a2d4851a1d" />
    <TestEntry testId="6ee6e7fe-d9ff-b8c7-4cce-86eb02501373" executionId="b6095063-e60b-4bdc-bc8f-a82504f45bb2" testListId="8c84fa94-04c1-424b-9868-57a2d4851a1d" />
    <TestEntry testId="465f0b10-185c-c9d6-3652-0b9a093b0b3b" executionId="91748536-15fd-4ffd-95f4-ab5b7af5ab28" testListId="8c84fa94-04c1-424b-9868-57a2d4851a1d" />
    <TestEntry testId="ab194622-cf10-28ec-2400-b5abc4ca3946" executionId="c6e2827c-e635-4de8-89a1-1e05a27a6505" testListId="8c84fa94-04c1-424b-9868-57a2d4851a1d" />
    <TestEntry testId="fc744469-1019-677e-ec3e-cac0babb1498" executionId="c7019838-6198-413f-8fb4-f9fe88816156" testListId="8c84fa94-04c1-424b-9868-57a2d4851a1d" />
    <TestEntry testId="f419461f-31bf-a70b-f83a-889f52c5c952" executionId="7ebd62c1-20b7-4e5f-9d71-b8e607c41b6a" testListId="8c84fa94-04c1-424b-9868-57a2d4851a1d" />
    <TestEntry testId="e78fe158-9bbe-4100-8e01-2da76940083e" executionId="0accc160-d410-4d52-aa10-9f0827e425ed" testListId="8c84fa94-04c1-424b-9868-57a2d4851a1d" />
    <TestEntry testId="0b5cb3ff-7c31-8b4f-f774-04f204b3af60" executionId="73e7dfc5-b218-473f-9f2a-8023d215e8fd" testListId="8c84fa94-04c1-424b-9868-57a2d4851a1d" />
    <TestEntry testId="04f8bbce-1f90-cd92-253a-67e1f4ba674f" executionId="2d4bc135-7d2f-4536-9c2a-1cb54170620d" testListId="8c84fa94-04c1-424b-9868-57a2d4851a1d" />
    <TestEntry testId="68cb11d5-1985-d85b-200d-5926f8c81604" executionId="5b638d09-ad03-4fff-9323-5d6682584413" testListId="8c84fa94-04c1-424b-9868-57a2d4851a1d" />
    <TestEntry testId="b981ef1e-0643-0a10-c408-9602ea31071b" executionId="82006172-0633-4f43-8886-e2dce429ffd0" testListId="8c84fa94-04c1-424b-9868-57a2d4851a1d" />
    <TestEntry testId="3c38b12d-0514-ddbf-d2d8-766e948984fc" executionId="79b39146-b4a6-46ac-9a88-e140daf513a0" testListId="8c84fa94-04c1-424b-9868-57a2d4851a1d" />
    <TestEntry testId="bd5aa487-7039-c07f-c64a-9bb61750aff0" executionId="383be662-9a32-44d5-a1a9-40b114b5d664" testListId="8c84fa94-04c1-424b-9868-57a2d4851a1d" />
    <TestEntry testId="31e7b9fa-1a47-95f0-5dda-b3bef5a15e43" executionId="b531aa55-c3b8-4492-9cd0-0cc82578bde0" testListId="8c84fa94-04c1-424b-9868-57a2d4851a1d" />
    <TestEntry testId="cc68eb69-61b4-2530-3b70-25726734b520" executionId="437b5705-07f8-4333-9eb1-5ee89b19c296" testListId="8c84fa94-04c1-424b-9868-57a2d4851a1d" />
    <TestEntry testId="b608d459-68f8-4b17-c569-7ce8de19aa3a" executionId="6bdfd146-968d-40b3-8ec5-e3d3878e932b" testListId="8c84fa94-04c1-424b-9868-57a2d4851a1d" />
    <TestEntry testId="d6dfd496-6209-a847-e8f3-6fbcdc84c22c" executionId="1124640d-00c7-4730-8c96-5e3f7e842bc9" testListId="8c84fa94-04c1-424b-9868-57a2d4851a1d" />
    <TestEntry testId="dde1f694-7e4c-1e4e-07c3-2a4082992625" executionId="a0886501-4313-474c-a50b-4f172a218316" testListId="8c84fa94-04c1-424b-9868-57a2d4851a1d" />
    <TestEntry testId="064429b8-a5d8-3b48-d5a4-fc74fc62b102" executionId="5f596ed2-88b3-499c-a8b1-947ebe0afbb4" testListId="8c84fa94-04c1-424b-9868-57a2d4851a1d" />
    <TestEntry testId="686a860e-766b-012e-f87d-3bb3f66d6abf" executionId="5a2b23e6-0288-429d-a904-638396aca08e" testListId="8c84fa94-04c1-424b-9868-57a2d4851a1d" />
    <TestEntry testId="41d30b56-9442-82fc-617e-045fc6735520" executionId="218b28fc-90f0-44fd-b03b-9f11456e3bd4" testListId="8c84fa94-04c1-424b-9868-57a2d4851a1d" />
    <TestEntry testId="5bf11d8b-aae6-877c-b28c-17bae43fadfa" executionId="fc0b418a-f941-423e-8ba2-60fc48b1fc0e" testListId="8c84fa94-04c1-424b-9868-57a2d4851a1d" />
    <TestEntry testId="4f77b768-fdd6-d9f7-17dc-d6fe0dba6a76" executionId="4d99faa1-62e4-4b10-afe3-d89f29037c33" testListId="8c84fa94-04c1-424b-9868-57a2d4851a1d" />
    <TestEntry testId="e9f0dcf8-8217-8bbf-fe69-3ef1086dfebe" executionId="dba9f9e7-e72c-441e-b599-34a1d0a64a66" testListId="8c84fa94-04c1-424b-9868-57a2d4851a1d" />
    <TestEntry testId="10da54e4-c3e2-70d3-8bc7-de9feda214da" executionId="9abc9b93-5969-4ad4-af53-b3260abade99" testListId="8c84fa94-04c1-424b-9868-57a2d4851a1d" />
    <TestEntry testId="904deb02-8736-9b32-c134-5c7d259832e2" executionId="0f172c6b-d1df-4bef-8e73-25e0165ca5c5" testListId="8c84fa94-04c1-424b-9868-57a2d4851a1d" />
    <TestEntry testId="8876f71d-207b-9e98-73fb-269dea525259" executionId="2af04de6-c09d-4aca-b644-63b5bcc2feac" testListId="8c84fa94-04c1-424b-9868-57a2d4851a1d" />
    <TestEntry testId="89a11917-5aa8-feb1-68af-0ce22ad844d0" executionId="573c8e0e-4ee6-4168-979e-b287bc52c583" testListId="8c84fa94-04c1-424b-9868-57a2d4851a1d" />
    <TestEntry testId="af31b27d-5c61-fbc3-1ed2-e579eca71705" executionId="0e11cca1-eb2d-409b-b474-0b5e2508de63" testListId="8c84fa94-04c1-424b-9868-57a2d4851a1d" />
    <TestEntry testId="32eb61fc-2450-1ada-8488-7c573853f5df" executionId="483901b6-2baf-4a59-b588-fa2a47867ebb" testListId="8c84fa94-04c1-424b-9868-57a2d4851a1d" />
    <TestEntry testId="ca18aca4-9d6f-eaf5-771c-009a4cbed329" executionId="cca38ca3-93e0-4292-b4b9-999def3133c2" testListId="8c84fa94-04c1-424b-9868-57a2d4851a1d" />
    <TestEntry testId="f64c12ad-84d7-c28d-9e74-5b9666974d96" executionId="de97f4ba-8cb5-4525-a192-ee07624cbe6a" testListId="8c84fa94-04c1-424b-9868-57a2d4851a1d" />
    <TestEntry testId="7cf895a2-7f92-0c2a-94f7-77225e4e367a" executionId="07ad1e1b-611d-416c-9879-0c1e4cbf66e1" testListId="8c84fa94-04c1-424b-9868-57a2d4851a1d" />
    <TestEntry testId="5581f54c-df72-453d-9da1-39abdb36fa4f" executionId="b5f376ce-23d3-4fb0-a4e8-7f26877793f9" testListId="8c84fa94-04c1-424b-9868-57a2d4851a1d" />
    <TestEntry testId="25819e67-9cc2-8de0-c182-77febfb0511b" executionId="23ae5cec-663a-4bff-8bcf-ed87c6687b0a" testListId="8c84fa94-04c1-424b-9868-57a2d4851a1d" />
    <TestEntry testId="95fcec59-d8a9-a66a-a9de-92fa7fa22840" executionId="d884f335-ce51-4190-a32c-245fb5656a61" testListId="8c84fa94-04c1-424b-9868-57a2d4851a1d" />
    <TestEntry testId="cffab82f-3414-27a9-2389-810a030221f8" executionId="004b8568-08b7-4d2f-a984-21ed4e05ce29" testListId="8c84fa94-04c1-424b-9868-57a2d4851a1d" />
    <TestEntry testId="79591c70-394d-9f25-62b4-ef18405cf903" executionId="620ec8fc-f526-4b80-bb16-6cb8f0a4523c" testListId="8c84fa94-04c1-424b-9868-57a2d4851a1d" />
    <TestEntry testId="3cca7369-9ecc-3ef2-22e8-86d9ac384202" executionId="729ba9d5-f048-473e-8b6b-8c413547301d" testListId="8c84fa94-04c1-424b-9868-57a2d4851a1d" />
    <TestEntry testId="875548f8-2077-d880-325c-60b6c68964fb" executionId="9e7c3eb8-3176-4175-b747-81ec960050ac" testListId="8c84fa94-04c1-424b-9868-57a2d4851a1d" />
    <TestEntry testId="afc650e6-c5e7-eca3-c24e-cf8137610992" executionId="ba97087a-a527-483d-a96f-95cbf6e78b83" testListId="8c84fa94-04c1-424b-9868-57a2d4851a1d" />
    <TestEntry testId="65bbabd0-1aa6-9abd-2678-07f395504fe6" executionId="ac4b2538-5298-4da2-8262-f4bc04074293" testListId="8c84fa94-04c1-424b-9868-57a2d4851a1d" />
    <TestEntry testId="741339a6-21fe-a872-cd6b-b614a77cc752" executionId="a13c0841-83e8-4e14-b675-e006ff9d6176" testListId="8c84fa94-04c1-424b-9868-57a2d4851a1d" />
    <TestEntry testId="095f3b1b-c15f-8f8f-6f45-89cc91d4fcbb" executionId="c148b5c8-9040-4c9c-9094-08f3927a192a" testListId="8c84fa94-04c1-424b-9868-57a2d4851a1d" />
    <TestEntry testId="6099c9de-e2d2-7cf0-1838-8a8cc1758227" executionId="268d9823-a0c9-4f71-92de-805bba819a21" testListId="8c84fa94-04c1-424b-9868-57a2d4851a1d" />
    <TestEntry testId="e9246b2a-5ddd-ce86-661a-ec992691ba70" executionId="ee0d98a1-f551-437b-a884-dc28f0ebf31b" testListId="8c84fa94-04c1-424b-9868-57a2d4851a1d" />
    <TestEntry testId="700cd3a9-84b0-2e12-b13f-48ceb717eb8b" executionId="7790f5d4-d89c-41f3-a37a-b82c3b893d70" testListId="8c84fa94-04c1-424b-9868-57a2d4851a1d" />
    <TestEntry testId="50a58278-6fbf-6e1e-a6e1-637055c38299" executionId="6b87b499-9937-4616-8222-dde4c7e8c2d6" testListId="8c84fa94-04c1-424b-9868-57a2d4851a1d" />
    <TestEntry testId="75405596-547d-3d11-b42a-a99c32d62adb" executionId="53a9e93d-1d97-4ff5-9c2f-337ba8dfc123" testListId="8c84fa94-04c1-424b-9868-57a2d4851a1d" />
    <TestEntry testId="6f5df8b4-452b-59af-aaa5-4ca2d6ff793d" executionId="02f820a4-5b66-4532-974a-f99b43e77249" testListId="8c84fa94-04c1-424b-9868-57a2d4851a1d" />
    <TestEntry testId="ca4596e6-88b4-16cc-9437-62363304193e" executionId="5ea9c581-edb9-4051-8e95-b3938d177952" testListId="8c84fa94-04c1-424b-9868-57a2d4851a1d" />
    <TestEntry testId="a0f9c482-e7b2-3a3d-cfcc-2dcdd4040ff9" executionId="1dba77a1-e786-4f09-9ef6-2d28afa4a8fb" testListId="8c84fa94-04c1-424b-9868-57a2d4851a1d" />
    <TestEntry testId="673d823a-c5c2-5092-cff8-6327f96305ec" executionId="2d3bcd91-eeff-4105-8b27-448e8641dc1e" testListId="8c84fa94-04c1-424b-9868-57a2d4851a1d" />
    <TestEntry testId="01826079-be72-7b70-b9e3-2bcdd8fb2e14" executionId="af88c263-fa45-4696-bda7-50fcacbd9f3f" testListId="8c84fa94-04c1-424b-9868-57a2d4851a1d" />
    <TestEntry testId="04e2ea31-6c30-6dc2-1890-8643fb008cc3" executionId="66355807-e6ba-4361-ab23-8e47fef29d0c" testListId="8c84fa94-04c1-424b-9868-57a2d4851a1d" />
    <TestEntry testId="2388efa5-9ced-56ba-7b92-9b5de847fc7e" executionId="4a015610-b18f-4459-b257-d731bdf93a1f" testListId="8c84fa94-04c1-424b-9868-57a2d4851a1d" />
    <TestEntry testId="b20c96e8-7c10-0b75-3794-96ea9f2e063e" executionId="00a9a25e-d8ef-453f-b8ba-4673daf15271" testListId="8c84fa94-04c1-424b-9868-57a2d4851a1d" />
  </TestEntries>
  <TestLists>
    <TestList name="Results Not in a List" id="8c84fa94-04c1-424b-9868-57a2d4851a1d" />
    <TestList name="All Loaded Results" id="19431567-8539-422a-85d7-44ee4e166bda" />
  </TestLists>
  <ResultSummary outcome="Completed">
    <Counters total="71" executed="70" passed="70" failed="0" error="0" timeout="0" aborted="0" inconclusive="0" passedButRunAborted="0" notRunnable="0" notExecuted="0" disconnected="0" warning="0" completed="0" inProgress="0" pending="0" />
    <Output>
      <StdOut>Test 'CreateVmsDatabaseDatabaseAlreadyExists' was skipped in the test run.&#xD;
</StdOut>
    </Output>
  </ResultSummary>
</TestRun>