<?xml version="1.0" encoding="utf-8"?>
<TestRun id="fc6e2aa9-6c14-4256-a950-62fe7232d077" name="DKSR-EFI-06$@DKSR-EFI-06 2024-01-09 15:45:07" runUser="NT AUTHORITY\NETWORK SERVICE" xmlns="http://microsoft.com/schemas/VisualStudio/TeamTest/2010">
  <Times creation="2024-01-09T15:45:07.3731306+01:00" queuing="2024-01-09T15:45:07.3731306+01:00" start="2024-01-09T15:45:06.3262557+01:00" finish="2024-01-09T15:47:57.9534610+01:00" />
  <TestSettings name="default" id="6f151b99-96bc-4c48-828e-0ffb8e6137bc">
    <Deployment runDeploymentRoot="DKSR-EFI-06$_DKSR-EFI-06_2024-01-09_15_45_07" />
  </TestSettings>
  <Results>
    <UnitTestResult executionId="4f2bf52d-dbae-4c38-88da-895a8c4e55c7" testId="3da684be-8c97-6e5c-5191-88483e147d71" testName="TestConstructor" computerName="DKSR-EFI-06" duration="00:00:00.0013129" startTime="2024-01-09T15:45:08.4825063+01:00" endTime="2024-01-09T15:45:08.4825063+01:00" testType="13cdc9d9-ddb5-4fa4-a97d-d965ccfc6d4b" outcome="Passed" testListId="8c84fa94-04c1-424b-9868-57a2d4851a1d" relativeResultsDirectory="4f2bf52d-dbae-4c38-88da-895a8c4e55c7" />
    <UnitTestResult executionId="8e2e888f-2d4b-4809-9591-45a636736cf6" testId="3263e060-9ee6-ac54-fc85-444722aa77f3" testName="ZipPackageCompressed_ShouldBeImportedSuccessfully" computerName="DKSR-EFI-06" startTime="2024-01-09T15:45:09.1543827+01:00" endTime="2024-01-09T15:45:09.1543827+01:00" testType="13cdc9d9-ddb5-4fa4-a97d-d965ccfc6d4b" outcome="NotExecuted" testListId="8c84fa94-04c1-424b-9868-57a2d4851a1d" relativeResultsDirectory="8e2e888f-2d4b-4809-9591-45a636736cf6">
      <Output></Output>
    </UnitTestResult>
    <UnitTestResult executionId="16a1ca7d-5249-4295-a7af-8ef63de91b58" testId="a4832f8a-9e96-8de9-ccfd-bdd7f5cd4be7" testName="TestConstructorWithSingleObserver" computerName="DKSR-EFI-06" duration="00:00:00.0003416" startTime="2024-01-09T15:46:42.7942700+01:00" endTime="2024-01-09T15:46:42.7942700+01:00" testType="13cdc9d9-ddb5-4fa4-a97d-d965ccfc6d4b" outcome="Passed" testListId="8c84fa94-04c1-424b-9868-57a2d4851a1d" relativeResultsDirectory="16a1ca7d-5249-4295-a7af-8ef63de91b58" />
    <UnitTestResult executionId="e43d9dff-79b3-4e91-a972-c472b6a553c7" testId="03e51c8c-4d92-59ee-ca72-7ef99d8d0f0f" testName="TestGetPackagesWithNullRepositoryPath" computerName="DKSR-EFI-06" startTime="2024-01-09T15:45:11.6387665+01:00" endTime="2024-01-09T15:45:11.6387665+01:00" testType="13cdc9d9-ddb5-4fa4-a97d-d965ccfc6d4b" outcome="NotExecuted" testListId="8c84fa94-04c1-424b-9868-57a2d4851a1d" relativeResultsDirectory="e43d9dff-79b3-4e91-a972-c472b6a553c7">
      <Output></Output>
    </UnitTestResult>
    <UnitTestResult executionId="8c48235c-8d9d-4a2b-9920-18c878265f20" testId="b132170f-9730-0961-71b5-52e8ff86f635" testName="TestCopyFileWithPauseAndStop" computerName="DKSR-EFI-06" duration="00:00:00.1438092" startTime="2024-01-09T15:45:09.2012573+01:00" endTime="2024-01-09T15:45:09.3418816+01:00" testType="13cdc9d9-ddb5-4fa4-a97d-d965ccfc6d4b" outcome="Passed" testListId="8c84fa94-04c1-424b-9868-57a2d4851a1d" relativeResultsDirectory="8c48235c-8d9d-4a2b-9920-18c878265f20" />
    <UnitTestResult executionId="5dffca05-2d19-41e0-8883-7174a5e8ca68" testId="1c706d7c-aa05-3432-b707-da141d5eca3a" testName="TestRebooterTaskConstructor" computerName="DKSR-EFI-06" duration="00:00:00.0008963" startTime="2024-01-09T15:45:08.9825101+01:00" endTime="2024-01-09T15:45:08.9825101+01:00" testType="13cdc9d9-ddb5-4fa4-a97d-d965ccfc6d4b" outcome="Passed" testListId="8c84fa94-04c1-424b-9868-57a2d4851a1d" relativeResultsDirectory="5dffca05-2d19-41e0-8883-7174a5e8ca68" />
    <UnitTestResult executionId="e8c23405-811f-4c1c-9856-73dd04cb5ed9" testId="76f8f701-1bdc-9124-6fea-7ef1a2823716" testName="TestStopHostTaskOneLevel" computerName="DKSR-EFI-06" duration="00:00:03.1051408" startTime="2024-01-09T15:47:17.6460726+01:00" endTime="2024-01-09T15:47:20.7561440+01:00" testType="13cdc9d9-ddb5-4fa4-a97d-d965ccfc6d4b" outcome="Passed" testListId="8c84fa94-04c1-424b-9868-57a2d4851a1d" relativeResultsDirectory="e8c23405-811f-4c1c-9856-73dd04cb5ed9" />
    <UnitTestResult executionId="924c8117-432b-4d67-b7db-1f8149e0c41e" testId="3be573fd-8249-d766-9daa-dbf90a35485d" testName="TestIsTasksRunningWithInvalidID" computerName="DKSR-EFI-06" duration="00:00:00.0025875" startTime="2024-01-09T15:46:49.0143788+01:00" endTime="2024-01-09T15:46:49.0143788+01:00" testType="13cdc9d9-ddb5-4fa4-a97d-d965ccfc6d4b" outcome="Passed" testListId="8c84fa94-04c1-424b-9868-57a2d4851a1d" relativeResultsDirectory="924c8117-432b-4d67-b7db-1f8149e0c41e" />
    <UnitTestResult executionId="651e41f8-b31b-4a35-a501-839c39766a6e" testId="129055b6-b8ec-538c-e6ea-3d4081636908" testName="TestConstructor" computerName="DKSR-EFI-06" duration="00:00:00.0058515" startTime="2024-01-09T15:45:08.4043810+01:00" endTime="2024-01-09T15:45:08.4200054+01:00" testType="13cdc9d9-ddb5-4fa4-a97d-d965ccfc6d4b" outcome="Passed" testListId="8c84fa94-04c1-424b-9868-57a2d4851a1d" relativeResultsDirectory="651e41f8-b31b-4a35-a501-839c39766a6e" />
    <UnitTestResult executionId="819b2cbf-ba22-4b97-bc36-f7fdf231ce54" testId="620b4223-3408-072e-6355-73c38adf0b0e" testName="TestConstructor" computerName="DKSR-EFI-06" duration="00:00:00.0003340" startTime="2024-01-09T15:47:57.7659142+01:00" endTime="2024-01-09T15:47:57.7659142+01:00" testType="13cdc9d9-ddb5-4fa4-a97d-d965ccfc6d4b" outcome="Passed" testListId="8c84fa94-04c1-424b-9868-57a2d4851a1d" relativeResultsDirectory="819b2cbf-ba22-4b97-bc36-f7fdf231ce54" />
    <UnitTestResult executionId="251e2dcf-3890-4a99-9280-dbd8acb7cd0e" testId="610e8bda-ad87-7af5-dff8-990fa1173593" testName="TestParseMinimum" computerName="DKSR-EFI-06" startTime="2024-01-09T15:45:08.4668821+01:00" endTime="2024-01-09T15:45:08.4668821+01:00" testType="13cdc9d9-ddb5-4fa4-a97d-d965ccfc6d4b" outcome="NotExecuted" testListId="8c84fa94-04c1-424b-9868-57a2d4851a1d" relativeResultsDirectory="251e2dcf-3890-4a99-9280-dbd8acb7cd0e">
      <Output></Output>
    </UnitTestResult>
    <UnitTestResult executionId="5a2759a0-a9a5-4a7f-9eda-9fbbca586788" testId="cc76721f-059d-14cc-2a33-b02fc511af6d" testName="TestFileShareRepository" computerName="DKSR-EFI-06" duration="00:00:00.0011755" startTime="2024-01-09T15:45:07.8731311+01:00" endTime="2024-01-09T15:45:07.8731311+01:00" testType="13cdc9d9-ddb5-4fa4-a97d-d965ccfc6d4b" outcome="Passed" testListId="8c84fa94-04c1-424b-9868-57a2d4851a1d" relativeResultsDirectory="5a2759a0-a9a5-4a7f-9eda-9fbbca586788" />
    <UnitTestResult executionId="84f15057-2451-4fc8-94d5-5e91b974f918" testId="a76765fa-a6f1-2e6e-2762-dc27a61e9a6d" testName="TestGetInstalledPackagesSequential" computerName="DKSR-EFI-06" duration="00:00:03.0307927" startTime="2024-01-09T15:47:05.3620617+01:00" endTime="2024-01-09T15:47:08.3941999+01:00" testType="13cdc9d9-ddb5-4fa4-a97d-d965ccfc6d4b" outcome="Passed" testListId="8c84fa94-04c1-424b-9868-57a2d4851a1d" relativeResultsDirectory="84f15057-2451-4fc8-94d5-5e91b974f918" />
    <UnitTestResult executionId="0de47b83-837b-4fcf-912a-7173e6b0daf9" testId="04ad7382-7f4e-ecdf-65f5-9b1671144ea8" testName="TestUploadPackageParallel" computerName="DKSR-EFI-06" duration="00:00:00.0485652" startTime="2024-01-09T15:46:49.7958873+01:00" endTime="2024-01-09T15:46:49.8584058+01:00" testType="13cdc9d9-ddb5-4fa4-a97d-d965ccfc6d4b" outcome="Passed" testListId="8c84fa94-04c1-424b-9868-57a2d4851a1d" relativeResultsDirectory="0de47b83-837b-4fcf-912a-7173e6b0daf9" />
    <UnitTestResult executionId="58ec72fa-9f8a-453e-9ffd-2c205b7d2f16" testId="d0f30995-f3c5-37b9-b86a-fa5c9a160b83" testName="TestDNS_invalid" computerName="DKSR-EFI-06" duration="00:00:00.0132015" startTime="2024-01-09T15:46:38.7152532+01:00" endTime="2024-01-09T15:46:38.7152532+01:00" testType="13cdc9d9-ddb5-4fa4-a97d-d965ccfc6d4b" outcome="Passed" testListId="8c84fa94-04c1-424b-9868-57a2d4851a1d" relativeResultsDirectory="58ec72fa-9f8a-453e-9ffd-2c205b7d2f16" />
    <UnitTestResult executionId="9ebb1e03-de9f-49f5-a463-7cf29abb64cd" testId="edacc32d-c9b7-f113-5afb-92f8e4eacc6b" testName="TestConstructor" computerName="DKSR-EFI-06" duration="00:00:00.0119882" startTime="2024-01-09T15:45:11.6387665+01:00" endTime="2024-01-09T15:45:11.6387665+01:00" testType="13cdc9d9-ddb5-4fa4-a97d-d965ccfc6d4b" outcome="Passed" testListId="8c84fa94-04c1-424b-9868-57a2d4851a1d" relativeResultsDirectory="9ebb1e03-de9f-49f5-a463-7cf29abb64cd" />
    <UnitTestResult executionId="1102d5cb-6da8-4c18-a546-c2989f0b24ff" testId="56faf403-3c0f-60e1-0db0-3e3aedf00f0a" testName="TestRunFailureTasksFirst" computerName="DKSR-EFI-06" duration="00:00:00.0008380" startTime="2024-01-09T15:46:27.3528641+01:00" endTime="2024-01-09T15:46:27.3528641+01:00" testType="13cdc9d9-ddb5-4fa4-a97d-d965ccfc6d4b" outcome="Passed" testListId="8c84fa94-04c1-424b-9868-57a2d4851a1d" relativeResultsDirectory="1102d5cb-6da8-4c18-a546-c2989f0b24ff" />
    <UnitTestResult executionId="7504d928-9e37-4490-928e-d34a243ab324" testId="20866b5e-00ad-91c8-5292-4eb0cd2cc57c" testName="Test_With_ArgmunentsXmlFileV2_When_ExtractingTheArguments_Then_TheArgumentsAreCorrect" computerName="DKSR-EFI-06" duration="00:00:00.0049769" startTime="2024-01-09T15:47:57.8284293+01:00" endTime="2024-01-09T15:47:57.8284293+01:00" testType="13cdc9d9-ddb5-4fa4-a97d-d965ccfc6d4b" outcome="Passed" testListId="8c84fa94-04c1-424b-9868-57a2d4851a1d" relativeResultsDirectory="7504d928-9e37-4490-928e-d34a243ab324" />
    <UnitTestResult executionId="aba5e1cc-6e09-4f6c-8a90-525d0b85fe0a" testId="48eb9e20-76c9-3c7b-a7a3-fc60c91a53d4" testName="Test127001" computerName="DKSR-EFI-06" duration="00:00:00.0136533" startTime="2024-01-09T15:46:38.6996240+01:00" endTime="2024-01-09T15:46:38.7152532+01:00" testType="13cdc9d9-ddb5-4fa4-a97d-d965ccfc6d4b" outcome="Passed" testListId="8c84fa94-04c1-424b-9868-57a2d4851a1d" relativeResultsDirectory="aba5e1cc-6e09-4f6c-8a90-525d0b85fe0a" />
    <UnitTestResult executionId="47140686-1dc8-4fc7-9fda-fe85d5924bc5" testId="c9f53748-47ce-0633-50ad-3007e055d4a5" testName="TestObserver" computerName="DKSR-EFI-06" duration="00:00:00.0091946" startTime="2024-01-09T15:46:29.9939538+01:00" endTime="2024-01-09T15:46:29.9939538+01:00" testType="13cdc9d9-ddb5-4fa4-a97d-d965ccfc6d4b" outcome="Passed" testListId="8c84fa94-04c1-424b-9868-57a2d4851a1d" relativeResultsDirectory="47140686-1dc8-4fc7-9fda-fe85d5924bc5" />
    <UnitTestResult executionId="05d1d84a-4b41-4e2f-878c-33500604e1c9" testId="b60114ef-9c63-d2ca-5962-07d7a30acee8" testName="TestGetLocalPackages" computerName="DKSR-EFI-06" duration="00:00:00.0011518" startTime="2024-01-09T15:47:57.7815403+01:00" endTime="2024-01-09T15:47:57.7815403+01:00" testType="13cdc9d9-ddb5-4fa4-a97d-d965ccfc6d4b" outcome="Passed" testListId="8c84fa94-04c1-424b-9868-57a2d4851a1d" relativeResultsDirectory="05d1d84a-4b41-4e2f-878c-33500604e1c9" />
    <UnitTestResult executionId="608734eb-ca60-471a-b242-2734b2969549" testId="8bee89f3-b545-13ae-bf1c-f764a03a926a" testName="TestStop" computerName="DKSR-EFI-06" duration="00:00:00.1245115" startTime="2024-01-09T15:46:38.4964528+01:00" endTime="2024-01-09T15:46:38.6214846+01:00" testType="13cdc9d9-ddb5-4fa4-a97d-d965ccfc6d4b" outcome="Passed" testListId="8c84fa94-04c1-424b-9868-57a2d4851a1d" relativeResultsDirectory="608734eb-ca60-471a-b242-2734b2969549" />
    <UnitTestResult executionId="dfa16089-2a39-493a-a627-89fca0e25633" testId="f84adace-860d-1865-ba0b-b14560f981c7" testName="TestConstructorWithMessage" computerName="DKSR-EFI-06" duration="00:00:00.0006177" startTime="2024-01-09T15:45:07.3731306+01:00" endTime="2024-01-09T15:45:07.3731306+01:00" testType="13cdc9d9-ddb5-4fa4-a97d-d965ccfc6d4b" outcome="Passed" testListId="8c84fa94-04c1-424b-9868-57a2d4851a1d" relativeResultsDirectory="dfa16089-2a39-493a-a627-89fca0e25633" />
    <UnitTestResult executionId="0ee531f1-dd37-4275-85a3-d800d9746ffb" testId="74b65cff-260d-58c5-47e1-b7fd9794e6da" testName="TestStopRepositoryTaskWithInvalidRepository" computerName="DKSR-EFI-06" duration="00:00:00.0018866" startTime="2024-01-09T15:46:49.4832862+01:00" endTime="2024-01-09T15:46:49.4832862+01:00" testType="13cdc9d9-ddb5-4fa4-a97d-d965ccfc6d4b" outcome="Passed" testListId="8c84fa94-04c1-424b-9868-57a2d4851a1d" relativeResultsDirectory="0ee531f1-dd37-4275-85a3-d800d9746ffb" />
    <UnitTestResult executionId="cdb5fb3d-ead1-4e63-be06-95af66ccacd9" testId="f1fa0dac-dc54-e0fe-f9ad-70a6d58061fe" testName="TestConstructor" computerName="DKSR-EFI-06" duration="00:00:00.0055378" startTime="2024-01-09T15:45:08.4200054+01:00" endTime="2024-01-09T15:45:08.4356294+01:00" testType="13cdc9d9-ddb5-4fa4-a97d-d965ccfc6d4b" outcome="Passed" testListId="8c84fa94-04c1-424b-9868-57a2d4851a1d" relativeResultsDirectory="cdb5fb3d-ead1-4e63-be06-95af66ccacd9" />
    <UnitTestResult executionId="d70c7ff9-4ca1-4fc8-b0a6-de80c27abab4" testId="509804e8-d8ee-e9bd-b5b3-aeeece8c3d43" testName="TestIsLocalIPAddressWithMultipleCalls" computerName="DKSR-EFI-06" duration="00:00:00.0000993" startTime="2024-01-09T15:47:57.7971708+01:00" endTime="2024-01-09T15:47:57.7971708+01:00" testType="13cdc9d9-ddb5-4fa4-a97d-d965ccfc6d4b" outcome="Passed" testListId="8c84fa94-04c1-424b-9868-57a2d4851a1d" relativeResultsDirectory="d70c7ff9-4ca1-4fc8-b0a6-de80c27abab4" />
    <UnitTestResult executionId="339e0504-de5e-4fba-b6ab-fed1a0f1f64c" testId="f95c7b64-34a7-4bf5-8bd6-0abab06578a9" testName="TestUploadPackageSequential" computerName="DKSR-EFI-06" duration="00:00:03.0465043" startTime="2024-01-09T15:46:49.8584058+01:00" endTime="2024-01-09T15:46:52.9061756+01:00" testType="13cdc9d9-ddb5-4fa4-a97d-d965ccfc6d4b" outcome="Passed" testListId="8c84fa94-04c1-424b-9868-57a2d4851a1d" relativeResultsDirectory="339e0504-de5e-4fba-b6ab-fed1a0f1f64c" />
    <UnitTestResult executionId="b6bafeb8-c547-4247-9b7a-50ab297060cc" testId="2be41cae-1d5a-7945-3cba-93feb00da08b" testName="TestBrowser" computerName="DKSR-EFI-06" duration="00:00:00.0002446" startTime="2024-01-09T15:45:07.4668774+01:00" endTime="2024-01-09T15:45:07.4668774+01:00" testType="13cdc9d9-ddb5-4fa4-a97d-d965ccfc6d4b" outcome="Passed" testListId="8c84fa94-04c1-424b-9868-57a2d4851a1d" relativeResultsDirectory="b6bafeb8-c547-4247-9b7a-50ab297060cc" />
    <UnitTestResult executionId="38ee45c0-688a-4a50-a7e3-a12edd4eb531" testId="3f124bb3-caeb-8d62-c0aa-8c36ecc36e38" testName="IsTrusted_ShouldThrow_WhenPackageIsSignedButTampered" computerName="DKSR-EFI-06" startTime="2024-01-09T15:47:57.7971708+01:00" endTime="2024-01-09T15:47:57.7971708+01:00" testType="13cdc9d9-ddb5-4fa4-a97d-d965ccfc6d4b" outcome="NotExecuted" testListId="8c84fa94-04c1-424b-9868-57a2d4851a1d" relativeResultsDirectory="38ee45c0-688a-4a50-a7e3-a12edd4eb531">
      <Output></Output>
    </UnitTestResult>
    <UnitTestResult executionId="a5a25be4-2880-4363-8168-0bf9dabfe6b4" testId="d83947fd-fcc3-6351-3b2a-c4fb1ea09216" testName="TestImportPackage" computerName="DKSR-EFI-06" duration="00:00:00.0308230" startTime="2024-01-09T15:46:59.1575479+01:00" endTime="2024-01-09T15:46:59.1888103+01:00" testType="13cdc9d9-ddb5-4fa4-a97d-d965ccfc6d4b" outcome="Passed" testListId="8c84fa94-04c1-424b-9868-57a2d4851a1d" relativeResultsDirectory="a5a25be4-2880-4363-8168-0bf9dabfe6b4" />
    <UnitTestResult executionId="3b32aab4-fea4-4016-9ef2-ecb8f57f0723" testId="ba25d85d-5f6f-50aa-c01e-f15ddb2c280f" testName="TestGetActionTasks" computerName="DKSR-EFI-06" duration="00:00:00.0048600" startTime="2024-01-09T15:47:57.7659142+01:00" endTime="2024-01-09T15:47:57.7659142+01:00" testType="13cdc9d9-ddb5-4fa4-a97d-d965ccfc6d4b" outcome="Passed" testListId="8c84fa94-04c1-424b-9868-57a2d4851a1d" relativeResultsDirectory="3b32aab4-fea4-4016-9ef2-ecb8f57f0723" />
    <UnitTestResult executionId="18971051-9ac1-4830-93ac-707b6a857f68" testId="1c48d561-85fd-29b1-a4db-a1c7f65fe558" testName="TestAllComparisonOverloadsInVersionInfo" computerName="DKSR-EFI-06" duration="00:00:00.0017855" startTime="2024-01-09T15:45:08.4825063+01:00" endTime="2024-01-09T15:45:08.4825063+01:00" testType="13cdc9d9-ddb5-4fa4-a97d-d965ccfc6d4b" outcome="Passed" testListId="8c84fa94-04c1-424b-9868-57a2d4851a1d" relativeResultsDirectory="18971051-9ac1-4830-93ac-707b6a857f68" />
    <UnitTestResult executionId="d0173a61-895a-4b42-b0d9-ecb1a1f36485" testId="d0f51d46-55ad-14e4-ecf1-7ac1fdeac6d0" testName="TestConstructor" computerName="DKSR-EFI-06" duration="00:00:00.0209435" startTime="2024-01-09T15:45:08.9825101+01:00" endTime="2024-01-09T15:45:09.0137571+01:00" testType="13cdc9d9-ddb5-4fa4-a97d-d965ccfc6d4b" outcome="Passed" testListId="8c84fa94-04c1-424b-9868-57a2d4851a1d" relativeResultsDirectory="d0173a61-895a-4b42-b0d9-ecb1a1f36485" />
    <UnitTestResult executionId="6dd3ca88-a599-413e-9a0c-85335abda2f8" testId="8f477c37-7083-1672-5283-a9d495e9fd61" testName="TestGetPackages" computerName="DKSR-EFI-06" startTime="2024-01-09T15:45:11.6387665+01:00" endTime="2024-01-09T15:45:11.6387665+01:00" testType="13cdc9d9-ddb5-4fa4-a97d-d965ccfc6d4b" outcome="NotExecuted" testListId="8c84fa94-04c1-424b-9868-57a2d4851a1d" relativeResultsDirectory="6dd3ca88-a599-413e-9a0c-85335abda2f8">
      <Output></Output>
    </UnitTestResult>
    <UnitTestResult executionId="057fa3b9-a537-42c3-ab09-675b115def43" testId="a5fae02e-9780-3d8e-be60-788c3b7d16c2" testName="TestGetRepository" computerName="DKSR-EFI-06" duration="00:00:00.0010869" startTime="2024-01-09T15:46:49.7958873+01:00" endTime="2024-01-09T15:46:49.7958873+01:00" testType="13cdc9d9-ddb5-4fa4-a97d-d965ccfc6d4b" outcome="Passed" testListId="8c84fa94-04c1-424b-9868-57a2d4851a1d" relativeResultsDirectory="057fa3b9-a537-42c3-ab09-675b115def43" />
    <UnitTestResult executionId="d1b1e2d0-784f-49fb-9618-3f96be39df4e" testId="86d70c67-12ee-2c7b-bcbf-95fc43850d05" testName="TestStartTwiceInSameThread" computerName="DKSR-EFI-06" duration="00:00:00.0012218" startTime="2024-01-09T15:46:38.0588482+01:00" endTime="2024-01-09T15:46:38.0588482+01:00" testType="13cdc9d9-ddb5-4fa4-a97d-d965ccfc6d4b" outcome="Passed" testListId="8c84fa94-04c1-424b-9868-57a2d4851a1d" relativeResultsDirectory="d1b1e2d0-784f-49fb-9618-3f96be39df4e" />
    <UnitTestResult executionId="b8f2e2f7-e24c-4e3a-8b4a-dd92a1bfe6da" testId="6de69a91-a9ae-a510-a8e5-ddf1d08a2918" testName="TestConstructor" computerName="DKSR-EFI-06" duration="00:00:00.0005286" startTime="2024-01-09T15:45:08.4825063+01:00" endTime="2024-01-09T15:45:08.4825063+01:00" testType="13cdc9d9-ddb5-4fa4-a97d-d965ccfc6d4b" outcome="Passed" testListId="8c84fa94-04c1-424b-9868-57a2d4851a1d" relativeResultsDirectory="b8f2e2f7-e24c-4e3a-8b4a-dd92a1bfe6da" />
    <UnitTestResult executionId="2f9c912f-e120-4bc5-8524-eaa80213bcc5" testId="957b3463-0dd9-a4c2-2310-22f1e43fd6cc" testName="TestConstructorWithErrorCodePathNotFound" computerName="DKSR-EFI-06" duration="00:00:00.0004639" startTime="2024-01-09T15:45:07.3887532+01:00" endTime="2024-01-09T15:45:07.3887532+01:00" testType="13cdc9d9-ddb5-4fa4-a97d-d965ccfc6d4b" outcome="Passed" testListId="8c84fa94-04c1-424b-9868-57a2d4851a1d" relativeResultsDirectory="2f9c912f-e120-4bc5-8524-eaa80213bcc5" />
    <UnitTestResult executionId="14274bd5-9ad2-477b-a411-9950189c4a22" testId="7799398e-47a6-85f8-e5e8-e2d395e7ffab" testName="TestStopHostTasksWithNullManager" computerName="DKSR-EFI-06" duration="00:00:00.0011277" startTime="2024-01-09T15:46:48.8893416+01:00" endTime="2024-01-09T15:46:48.8893416+01:00" testType="13cdc9d9-ddb5-4fa4-a97d-d965ccfc6d4b" outcome="Passed" testListId="8c84fa94-04c1-424b-9868-57a2d4851a1d" relativeResultsDirectory="14274bd5-9ad2-477b-a411-9950189c4a22" />
    <UnitTestResult executionId="5b9c1fba-dd06-4540-8f51-508b0f691716" testId="740a8610-8c31-8944-361e-d37faed1ef95" testName="TestIsTasksRunningWithSpecificIDs" computerName="DKSR-EFI-06" duration="00:00:03.0588114" startTime="2024-01-09T15:47:54.6868879+01:00" endTime="2024-01-09T15:47:57.7502825+01:00" testType="13cdc9d9-ddb5-4fa4-a97d-d965ccfc6d4b" outcome="Passed" testListId="8c84fa94-04c1-424b-9868-57a2d4851a1d" relativeResultsDirectory="5b9c1fba-dd06-4540-8f51-508b0f691716" />
    <UnitTestResult executionId="e52d1a6c-e07a-4f89-b9dd-efcbd70d1542" testId="11fe7685-9398-3200-8756-ca20267b48e6" testName="TestConstructor" computerName="DKSR-EFI-06" duration="00:00:00.0084697" startTime="2024-01-09T15:45:07.1387547+01:00" endTime="2024-01-09T15:45:07.3262541+01:00" testType="13cdc9d9-ddb5-4fa4-a97d-d965ccfc6d4b" outcome="Passed" testListId="8c84fa94-04c1-424b-9868-57a2d4851a1d" relativeResultsDirectory="e52d1a6c-e07a-4f89-b9dd-efcbd70d1542" />
    <UnitTestResult executionId="2e5aa6b8-e8a1-4c6d-85c4-9109305342c7" testId="eed0e532-778f-1521-30a1-a0a82462bc7c" testName="TestHost" computerName="DKSR-EFI-06" duration="00:00:00.0019552" startTime="2024-01-09T15:47:57.7971708+01:00" endTime="2024-01-09T15:47:57.7971708+01:00" testType="13cdc9d9-ddb5-4fa4-a97d-d965ccfc6d4b" outcome="Passed" testListId="8c84fa94-04c1-424b-9868-57a2d4851a1d" relativeResultsDirectory="2e5aa6b8-e8a1-4c6d-85c4-9109305342c7" />
    <UnitTestResult executionId="d672ed1b-5a6b-40da-a860-ecb044ef5e3f" testId="f9cd709d-06a0-cb2e-c1c2-3af44a928bed" testName="TestConstructorWithMessage" computerName="DKSR-EFI-06" duration="00:00:00.0004775" startTime="2024-01-09T15:45:07.3575037+01:00" endTime="2024-01-09T15:45:07.3575037+01:00" testType="13cdc9d9-ddb5-4fa4-a97d-d965ccfc6d4b" outcome="Passed" testListId="8c84fa94-04c1-424b-9868-57a2d4851a1d" relativeResultsDirectory="d672ed1b-5a6b-40da-a860-ecb044ef5e3f" />
    <UnitTestResult executionId="2ae51315-71f3-4dbf-a420-d9e5d4f14656" testId="710f6486-2b5c-d1f0-26ce-a7f85cc332a3" testName="TestImportPackage_TaskShouldError_WhenInstallerDoesNotConatainPackageXml" computerName="DKSR-EFI-06" duration="00:00:00.0518963" startTime="2024-01-09T15:45:09.0762590+01:00" endTime="2024-01-09T15:45:09.1387574+01:00" testType="13cdc9d9-ddb5-4fa4-a97d-d965ccfc6d4b" outcome="Passed" testListId="8c84fa94-04c1-424b-9868-57a2d4851a1d" relativeResultsDirectory="2ae51315-71f3-4dbf-a420-d9e5d4f14656" />
    <UnitTestResult executionId="7cdde21b-643e-4f75-ad3a-90411edda5db" testId="7834dd3b-f169-31d5-1c4d-87c231ef4e34" testName="TestEnumeration1" computerName="DKSR-EFI-06" duration="00:00:00.0001426" startTime="2024-01-09T15:46:23.3207354+01:00" endTime="2024-01-09T15:46:23.3207354+01:00" testType="13cdc9d9-ddb5-4fa4-a97d-d965ccfc6d4b" outcome="Passed" testListId="8c84fa94-04c1-424b-9868-57a2d4851a1d" relativeResultsDirectory="7cdde21b-643e-4f75-ad3a-90411edda5db" />
    <UnitTestResult executionId="c0b086d1-413c-4ad6-8ecb-759390806848" testId="e3ca0d6d-89ae-429d-2832-2bb467f02eff" testName="TestStopFailedTask" computerName="DKSR-EFI-06" duration="00:00:00.0537006" startTime="2024-01-09T15:46:38.6214846+01:00" endTime="2024-01-09T15:46:38.6840027+01:00" testType="13cdc9d9-ddb5-4fa4-a97d-d965ccfc6d4b" outcome="Passed" testListId="8c84fa94-04c1-424b-9868-57a2d4851a1d" relativeResultsDirectory="c0b086d1-413c-4ad6-8ecb-759390806848" />
    <UnitTestResult executionId="95b63c68-2c50-4e82-8bdf-30e4d7294c54" testId="59fbdfc9-53f7-92c9-bff0-f0352b5bb907" testName="TestDifferentDomain" computerName="DKSR-EFI-06" duration="00:00:00.0032782" startTime="2024-01-09T15:45:09.0450077+01:00" endTime="2024-01-09T15:45:09.0450077+01:00" testType="13cdc9d9-ddb5-4fa4-a97d-d965ccfc6d4b" outcome="Passed" testListId="8c84fa94-04c1-424b-9868-57a2d4851a1d" relativeResultsDirectory="95b63c68-2c50-4e82-8bdf-30e4d7294c54" />
    <UnitTestResult executionId="3e71ed92-0944-40f4-8528-5d5734fae889" testId="ff251435-488c-f14c-109e-e0528c8469ae" testName="TestStopAllHostTask" computerName="DKSR-EFI-06" duration="00:00:00.0619635" startTime="2024-01-09T15:46:48.9518642+01:00" endTime="2024-01-09T15:46:49.0143788+01:00" testType="13cdc9d9-ddb5-4fa4-a97d-d965ccfc6d4b" outcome="Passed" testListId="8c84fa94-04c1-424b-9868-57a2d4851a1d" relativeResultsDirectory="3e71ed92-0944-40f4-8528-5d5734fae889" />
    <UnitTestResult executionId="c0421913-419f-4596-b019-f71c0d13917b" testId="2c127a20-3c88-593b-f395-f582e0a2b6e0" testName="TestConstructor" computerName="DKSR-EFI-06" duration="00:00:00.0003093" startTime="2024-01-09T15:45:08.9043831+01:00" endTime="2024-01-09T15:45:08.9200070+01:00" testType="13cdc9d9-ddb5-4fa4-a97d-d965ccfc6d4b" outcome="Passed" testListId="8c84fa94-04c1-424b-9868-57a2d4851a1d" relativeResultsDirectory="c0421913-419f-4596-b019-f71c0d13917b" />
    <UnitTestResult executionId="fa5a286a-998a-4b5b-9b97-96ea56f6b16d" testId="c9e1a6db-907d-9c8d-8ab2-22df33deb8b7" testName="TestPingSequential" computerName="DKSR-EFI-06" duration="00:00:03.0309310" startTime="2024-01-09T15:47:11.5199416+01:00" endTime="2024-01-09T15:47:14.5518051+01:00" testType="13cdc9d9-ddb5-4fa4-a97d-d965ccfc6d4b" outcome="Passed" testListId="8c84fa94-04c1-424b-9868-57a2d4851a1d" relativeResultsDirectory="fa5a286a-998a-4b5b-9b97-96ea56f6b16d" />
    <UnitTestResult executionId="d957d619-0197-42f2-956c-a41e478e367a" testId="637afb78-232b-13fd-81e7-22084e8d37bf" testName="TestGetPackagesTask" computerName="DKSR-EFI-06" duration="00:00:00.0018129" startTime="2024-01-09T15:45:07.4668774+01:00" endTime="2024-01-09T15:45:07.4668774+01:00" testType="13cdc9d9-ddb5-4fa4-a97d-d965ccfc6d4b" outcome="Passed" testListId="8c84fa94-04c1-424b-9868-57a2d4851a1d" relativeResultsDirectory="d957d619-0197-42f2-956c-a41e478e367a" />
    <UnitTestResult executionId="489933a3-3188-46dc-920e-20ba0c19bb2e" testId="b1d46ea5-c9c3-57f4-a648-9c804c7fe269" testName="TestHostInfoConstructorWithCurrentUser" computerName="DKSR-EFI-06" duration="00:00:00.0010226" startTime="2024-01-09T15:47:57.7971708+01:00" endTime="2024-01-09T15:47:57.7971708+01:00" testType="13cdc9d9-ddb5-4fa4-a97d-d965ccfc6d4b" outcome="Passed" testListId="8c84fa94-04c1-424b-9868-57a2d4851a1d" relativeResultsDirectory="489933a3-3188-46dc-920e-20ba0c19bb2e" />
    <UnitTestResult executionId="cb139c7e-d97b-4e7f-89a6-7e76f34b1d32" testId="cc6517ba-270c-cbce-324e-33515a90db02" testName="TestConstructorWithMessageAndInnerException" computerName="DKSR-EFI-06" duration="00:00:00.0006595" startTime="2024-01-09T15:45:07.3731306+01:00" endTime="2024-01-09T15:45:07.3731306+01:00" testType="13cdc9d9-ddb5-4fa4-a97d-d965ccfc6d4b" outcome="Passed" testListId="8c84fa94-04c1-424b-9868-57a2d4851a1d" relativeResultsDirectory="cb139c7e-d97b-4e7f-89a6-7e76f34b1d32" />
    <UnitTestResult executionId="4488a132-5565-4a16-b882-becf25df3b21" testId="fe18c034-aa0b-61e5-8a2a-c9568fd83fd9" testName="TestConstructorWithMessageAndInnerException" computerName="DKSR-EFI-06" duration="00:00:00.0005030" startTime="2024-01-09T15:45:07.3575037+01:00" endTime="2024-01-09T15:45:07.3575037+01:00" testType="13cdc9d9-ddb5-4fa4-a97d-d965ccfc6d4b" outcome="Passed" testListId="8c84fa94-04c1-424b-9868-57a2d4851a1d" relativeResultsDirectory="4488a132-5565-4a16-b882-becf25df3b21" />
    <UnitTestResult executionId="4542b0bc-ca04-4723-8f64-69ed5044106c" testId="16b0b669-97dc-a186-724b-c8025a9929b5" testName="TestGetPackages" computerName="DKSR-EFI-06" duration="00:00:00.0821515" startTime="2024-01-09T15:45:07.7950058+01:00" endTime="2024-01-09T15:45:07.8731311+01:00" testType="13cdc9d9-ddb5-4fa4-a97d-d965ccfc6d4b" outcome="Passed" testListId="8c84fa94-04c1-424b-9868-57a2d4851a1d" relativeResultsDirectory="4542b0bc-ca04-4723-8f64-69ed5044106c" />
    <UnitTestResult executionId="5ecd278c-7539-4f92-bacc-3a2a5a4c10e2" testId="a17d8629-6734-b6b8-4baf-81a08190a4c8" testName="TestRemoveTaskWhileRunning" computerName="DKSR-EFI-06" duration="00:00:00.1246519" startTime="2024-01-09T15:46:29.7439158+01:00" endTime="2024-01-09T15:46:29.8689323+01:00" testType="13cdc9d9-ddb5-4fa4-a97d-d965ccfc6d4b" outcome="Passed" testListId="8c84fa94-04c1-424b-9868-57a2d4851a1d" relativeResultsDirectory="5ecd278c-7539-4f92-bacc-3a2a5a4c10e2" />
    <UnitTestResult executionId="fbae7da6-2b43-496a-8444-a78f4eb71419" testId="2101384d-a9f9-ef6c-f985-07718b448cb2" testName="TestConstructorWithErrorCodeAccessDenied" computerName="DKSR-EFI-06" duration="00:00:00.0004933" startTime="2024-01-09T15:45:07.3731306+01:00" endTime="2024-01-09T15:45:07.3731306+01:00" testType="13cdc9d9-ddb5-4fa4-a97d-d965ccfc6d4b" outcome="Passed" testListId="8c84fa94-04c1-424b-9868-57a2d4851a1d" relativeResultsDirectory="fbae7da6-2b43-496a-8444-a78f4eb71419" />
    <UnitTestResult executionId="9290b630-ee87-452b-b2db-c71b633c826f" testId="4e334c90-085d-d837-dbad-b8a5c30c5beb" testName="TestGetBrowser" computerName="DKSR-EFI-06" duration="00:00:00.0019741" startTime="2024-01-09T15:45:08.0606306+01:00" endTime="2024-01-09T15:45:08.0606306+01:00" testType="13cdc9d9-ddb5-4fa4-a97d-d965ccfc6d4b" outcome="Passed" testListId="8c84fa94-04c1-424b-9868-57a2d4851a1d" relativeResultsDirectory="9290b630-ee87-452b-b2db-c71b633c826f" />
    <UnitTestResult executionId="2d53e2c3-a266-4c9a-9fb9-a4538fef4663" testId="914452d1-2a5b-ada2-b3bb-094b0c594d6e" testName="TestGetHostInfoParallel" computerName="DKSR-EFI-06" duration="00:00:00.0282137" startTime="2024-01-09T15:47:02.2517779+01:00" endTime="2024-01-09T15:47:02.2830267+01:00" testType="13cdc9d9-ddb5-4fa4-a97d-d965ccfc6d4b" outcome="Passed" testListId="8c84fa94-04c1-424b-9868-57a2d4851a1d" relativeResultsDirectory="2d53e2c3-a266-4c9a-9fb9-a4538fef4663" />
    <UnitTestResult executionId="0e7b1531-56f8-4294-85e8-8482f6b74c66" testId="f25a5dd4-d634-e42a-9c7d-6a32b2501019" testName="TestIP_invalid" computerName="DKSR-EFI-06" duration="00:00:00.0045594" startTime="2024-01-09T15:46:38.7152532+01:00" endTime="2024-01-09T15:46:38.7308828+01:00" testType="13cdc9d9-ddb5-4fa4-a97d-d965ccfc6d4b" outcome="Passed" testListId="8c84fa94-04c1-424b-9868-57a2d4851a1d" relativeResultsDirectory="0e7b1531-56f8-4294-85e8-8482f6b74c66" />
    <UnitTestResult executionId="8ec22ebc-577c-4e7f-9769-d0352733f997" testId="54f8bded-296e-aa5b-9abb-dc5fb84fd2fb" testName="TestParseCIMDateTimeWrongFormat" computerName="DKSR-EFI-06" duration="00:00:00.0026268" startTime="2024-01-09T15:45:07.4512560+01:00" endTime="2024-01-09T15:45:07.4668774+01:00" testType="13cdc9d9-ddb5-4fa4-a97d-d965ccfc6d4b" outcome="Passed" testListId="8c84fa94-04c1-424b-9868-57a2d4851a1d" relativeResultsDirectory="8ec22ebc-577c-4e7f-9769-d0352733f997" />
    <UnitTestResult executionId="ebe280f6-50c8-4d7e-aa81-86b69f6ef9cb" testId="dd2d2a8f-9ec7-e1ca-b0f2-5e683485ea4d" testName="TestConstructor" computerName="DKSR-EFI-06" duration="00:00:00.0152386" startTime="2024-01-09T15:45:08.3575044+01:00" endTime="2024-01-09T15:45:08.3731303+01:00" testType="13cdc9d9-ddb5-4fa4-a97d-d965ccfc6d4b" outcome="Passed" testListId="8c84fa94-04c1-424b-9868-57a2d4851a1d" relativeResultsDirectory="ebe280f6-50c8-4d7e-aa81-86b69f6ef9cb" />
    <UnitTestResult executionId="8c89ee70-7e3a-4e0d-b6d7-d30ec8a7634e" testId="7d275e3d-ce8a-245d-532c-9789e820e55e" testName="TestGetPackagesInvalid" computerName="DKSR-EFI-06" duration="00:00:00.0115328" startTime="2024-01-09T15:45:11.6387665+01:00" endTime="2024-01-09T15:45:11.6543844+01:00" testType="13cdc9d9-ddb5-4fa4-a97d-d965ccfc6d4b" outcome="Passed" testListId="8c84fa94-04c1-424b-9868-57a2d4851a1d" relativeResultsDirectory="8c89ee70-7e3a-4e0d-b6d7-d30ec8a7634e" />
    <UnitTestResult executionId="aaf30d1a-b74e-4266-8805-6003ea7c8261" testId="0b029b03-e5f3-b149-3920-586205f4cd46" testName="TestParseXmlThatDoesNotValidateSchema" computerName="DKSR-EFI-06" startTime="2024-01-09T15:45:08.4668821+01:00" endTime="2024-01-09T15:45:08.4668821+01:00" testType="13cdc9d9-ddb5-4fa4-a97d-d965ccfc6d4b" outcome="NotExecuted" testListId="8c84fa94-04c1-424b-9868-57a2d4851a1d" relativeResultsDirectory="aaf30d1a-b74e-4266-8805-6003ea7c8261">
      <Output></Output>
    </UnitTestResult>
    <UnitTestResult executionId="00e733bd-b932-4813-ad7b-5e0080919609" testId="98ae4173-2b41-8add-b689-8ccbfe7d047c" testName="TestTaskWarningInDoRun" computerName="DKSR-EFI-06" duration="00:00:00.0013103" startTime="2024-01-09T15:46:38.6214846+01:00" endTime="2024-01-09T15:46:38.6214846+01:00" testType="13cdc9d9-ddb5-4fa4-a97d-d965ccfc6d4b" outcome="Passed" testListId="8c84fa94-04c1-424b-9868-57a2d4851a1d" relativeResultsDirectory="00e733bd-b932-4813-ad7b-5e0080919609" />
    <UnitTestResult executionId="21c04cd2-4bd6-40b1-81ad-162182ec7818" testId="4120ce42-f415-07cf-2596-3bbad5e24de7" testName="TestInstallDynamicFiles" computerName="DKSR-EFI-06" duration="00:00:00.0051759" startTime="2024-01-09T15:45:08.4356294+01:00" endTime="2024-01-09T15:45:08.4356294+01:00" testType="13cdc9d9-ddb5-4fa4-a97d-d965ccfc6d4b" outcome="Passed" testListId="8c84fa94-04c1-424b-9868-57a2d4851a1d" relativeResultsDirectory="21c04cd2-4bd6-40b1-81ad-162182ec7818" />
    <UnitTestResult executionId="671ee4f0-ae33-4686-b2dd-d4dd8ec4906d" testId="7f8e2eb1-484c-e1fa-6cd4-fb4d01efe634" testName="TestConstructor" computerName="DKSR-EFI-06" duration="00:00:00.0008788" startTime="2024-01-09T15:45:07.3575037+01:00" endTime="2024-01-09T15:45:07.3731306+01:00" testType="13cdc9d9-ddb5-4fa4-a97d-d965ccfc6d4b" outcome="Passed" testListId="8c84fa94-04c1-424b-9868-57a2d4851a1d" relativeResultsDirectory="671ee4f0-ae33-4686-b2dd-d4dd8ec4906d" />
    <UnitTestResult executionId="4f000930-b3d6-4614-87df-9d0452ffd159" testId="ffb5e73e-887f-1a38-a682-d33443b4dfc6" testName="TestWaitForAllTasksWithNegativeTimeout" computerName="DKSR-EFI-06" duration="00:00:00.0006167" startTime="2024-01-09T15:47:48.4667768+01:00" endTime="2024-01-09T15:47:48.4667768+01:00" testType="13cdc9d9-ddb5-4fa4-a97d-d965ccfc6d4b" outcome="Passed" testListId="8c84fa94-04c1-424b-9868-57a2d4851a1d" relativeResultsDirectory="4f000930-b3d6-4614-87df-9d0452ffd159" />
    <UnitTestResult executionId="ba54c22e-63ae-4a4f-9fc2-c5ad0c2a818b" testId="43d6dc3c-53e8-45da-7aff-f2a5d909f61d" testName="TestPause" computerName="DKSR-EFI-06" duration="00:00:00.1185010" startTime="2024-01-09T15:46:38.1213574+01:00" endTime="2024-01-09T15:46:38.2463927+01:00" testType="13cdc9d9-ddb5-4fa4-a97d-d965ccfc6d4b" outcome="Passed" testListId="8c84fa94-04c1-424b-9868-57a2d4851a1d" relativeResultsDirectory="ba54c22e-63ae-4a4f-9fc2-c5ad0c2a818b" />
    <UnitTestResult executionId="044fe974-4c25-4a45-9ece-26c5a5de91dd" testId="40155484-ee6e-4839-ee9d-f2f524b2192f" testName="TestStart" computerName="DKSR-EFI-06" duration="00:00:00.4500794" startTime="2024-01-09T15:45:11.6543844+01:00" endTime="2024-01-09T15:45:12.1075098+01:00" testType="13cdc9d9-ddb5-4fa4-a97d-d965ccfc6d4b" outcome="Passed" testListId="8c84fa94-04c1-424b-9868-57a2d4851a1d" relativeResultsDirectory="044fe974-4c25-4a45-9ece-26c5a5de91dd" />
    <UnitTestResult executionId="c33cd9f4-0953-4904-af14-b2ccf12fc85d" testId="3b800de0-7f55-0230-86ac-278c66c5da09" testName="TestRebooterTaskLocalhost" computerName="DKSR-EFI-06" duration="00:00:00.0004239" startTime="2024-01-09T15:46:42.7786423+01:00" endTime="2024-01-09T15:46:42.7786423+01:00" testType="13cdc9d9-ddb5-4fa4-a97d-d965ccfc6d4b" outcome="Passed" testListId="8c84fa94-04c1-424b-9868-57a2d4851a1d" relativeResultsDirectory="c33cd9f4-0953-4904-af14-b2ccf12fc85d" />
    <UnitTestResult executionId="463af185-40b7-41cd-96d0-90494014ad88" testId="fd0ce9f9-2415-20bc-0fe2-2f12873a13f9" testName="TestStopStartedTask" computerName="DKSR-EFI-06" duration="00:00:00.2183301" startTime="2024-01-09T15:46:43.1380879+01:00" endTime="2024-01-09T15:46:43.3568862+01:00" testType="13cdc9d9-ddb5-4fa4-a97d-d965ccfc6d4b" outcome="Passed" testListId="8c84fa94-04c1-424b-9868-57a2d4851a1d" relativeResultsDirectory="463af185-40b7-41cd-96d0-90494014ad88" />
    <UnitTestResult executionId="a2869421-d192-431f-8c1a-d9d35ffbde08" testId="0e7c27bc-b91f-73e0-6ab1-588849d6b366" testName="TestStart" computerName="DKSR-EFI-06" duration="00:00:00.1077882" startTime="2024-01-09T15:46:42.8098988+01:00" endTime="2024-01-09T15:46:42.9192968+01:00" testType="13cdc9d9-ddb5-4fa4-a97d-d965ccfc6d4b" outcome="Passed" testListId="8c84fa94-04c1-424b-9868-57a2d4851a1d" relativeResultsDirectory="a2869421-d192-431f-8c1a-d9d35ffbde08" />
    <UnitTestResult executionId="90f0ebbd-7b2b-42fe-92a0-941ce99283b2" testId="41702cc4-b255-60a5-af8d-918c6d7b7ceb" testName="TestGetLocalPackagesParallel" computerName="DKSR-EFI-06" duration="00:00:00.0281918" startTime="2024-01-09T15:46:59.1888103+01:00" endTime="2024-01-09T15:46:59.2200622+01:00" testType="13cdc9d9-ddb5-4fa4-a97d-d965ccfc6d4b" outcome="Passed" testListId="8c84fa94-04c1-424b-9868-57a2d4851a1d" relativeResultsDirectory="90f0ebbd-7b2b-42fe-92a0-941ce99283b2" />
    <UnitTestResult executionId="2af6f9ac-811d-4322-8af7-c7fca9b65197" testId="1d9e37b6-d9d3-1a0e-a567-21f1127d93e2" testName="TestMakeDirWithWithCorrectSecurity" computerName="DKSR-EFI-06" startTime="2024-01-09T15:46:38.6840027+01:00" endTime="2024-01-09T15:46:38.6840027+01:00" testType="13cdc9d9-ddb5-4fa4-a97d-d965ccfc6d4b" outcome="NotExecuted" testListId="8c84fa94-04c1-424b-9868-57a2d4851a1d" relativeResultsDirectory="2af6f9ac-811d-4322-8af7-c7fca9b65197">
      <Output></Output>
    </UnitTestResult>
    <UnitTestResult executionId="e573d5aa-8618-4cf5-bb0a-54b7150d4958" testId="1023b553-27bc-2612-6f0d-254dce8c82cd" testName="TestStopBeforeStart" computerName="DKSR-EFI-06" duration="00:00:05.1246091" startTime="2024-01-09T15:46:43.6850698+01:00" endTime="2024-01-09T15:46:48.8111913+01:00" testType="13cdc9d9-ddb5-4fa4-a97d-d965ccfc6d4b" outcome="Passed" testListId="8c84fa94-04c1-424b-9868-57a2d4851a1d" relativeResultsDirectory="e573d5aa-8618-4cf5-bb0a-54b7150d4958" />
    <UnitTestResult executionId="69181610-cb95-4b70-9b23-5225c577ac21" testId="9d5c5276-a7b0-5513-b1ab-ce2be37e9b89" testName="TestConstructor" computerName="DKSR-EFI-06" duration="00:00:00.0004335" startTime="2024-01-09T15:46:42.7942700+01:00" endTime="2024-01-09T15:46:42.7942700+01:00" testType="13cdc9d9-ddb5-4fa4-a97d-d965ccfc6d4b" outcome="Passed" testListId="8c84fa94-04c1-424b-9868-57a2d4851a1d" relativeResultsDirectory="69181610-cb95-4b70-9b23-5225c577ac21" />
    <UnitTestResult executionId="65259042-334f-4cbb-8f41-3cddf1d4e50c" testId="59eb40cd-0334-8f25-0421-88dc706b675e" testName="TestFileDoesNotExists" computerName="DKSR-EFI-06" duration="00:00:00.0010216" startTime="2024-01-09T15:45:11.6387665+01:00" endTime="2024-01-09T15:45:11.6387665+01:00" testType="13cdc9d9-ddb5-4fa4-a97d-d965ccfc6d4b" outcome="Passed" testListId="8c84fa94-04c1-424b-9868-57a2d4851a1d" relativeResultsDirectory="65259042-334f-4cbb-8f41-3cddf1d4e50c" />
    <UnitTestResult executionId="f7315ac9-cd3c-437b-b090-48816712c39a" testId="44d15d2f-608e-f569-c6d7-e1f96d32ab07" testName="TestGetInstalledPackages" computerName="DKSR-EFI-06" duration="00:00:00.0006824" startTime="2024-01-09T15:47:57.7815403+01:00" endTime="2024-01-09T15:47:57.7815403+01:00" testType="13cdc9d9-ddb5-4fa4-a97d-d965ccfc6d4b" outcome="Passed" testListId="8c84fa94-04c1-424b-9868-57a2d4851a1d" relativeResultsDirectory="f7315ac9-cd3c-437b-b090-48816712c39a" />
    <UnitTestResult executionId="c7187516-f415-44ef-ba84-82957e7db1cd" testId="c04ca2fa-f46f-46e6-bb95-37c7c54edf8e" testName="TestConstructor" computerName="DKSR-EFI-06" duration="00:00:00.0004405" startTime="2024-01-09T15:46:42.7942700+01:00" endTime="2024-01-09T15:46:42.7942700+01:00" testType="13cdc9d9-ddb5-4fa4-a97d-d965ccfc6d4b" outcome="Passed" testListId="8c84fa94-04c1-424b-9868-57a2d4851a1d" relativeResultsDirectory="c7187516-f415-44ef-ba84-82957e7db1cd" />
    <UnitTestResult executionId="a09a54b9-cab5-4513-b3b5-11e1b278ccba" testId="3fb46fb3-2257-f562-c8d7-029a28d402d9" testName="TestIsTasksRunningWithNullManager" computerName="DKSR-EFI-06" duration="00:00:00.0012134" startTime="2024-01-09T15:46:49.0143788+01:00" endTime="2024-01-09T15:46:49.0143788+01:00" testType="13cdc9d9-ddb5-4fa4-a97d-d965ccfc6d4b" outcome="Passed" testListId="8c84fa94-04c1-424b-9868-57a2d4851a1d" relativeResultsDirectory="a09a54b9-cab5-4513-b3b5-11e1b278ccba" />
    <UnitTestResult executionId="db11c24f-869d-4e85-9c17-941653de68fa" testId="54505b15-5a00-25a3-11b0-3721b2419942" testName="TestCopyFileFailBecauseFileExists" computerName="DKSR-EFI-06" duration="00:00:00.0017159" startTime="2024-01-09T15:45:09.2012573+01:00" endTime="2024-01-09T15:45:09.2012573+01:00" testType="13cdc9d9-ddb5-4fa4-a97d-d965ccfc6d4b" outcome="Passed" testListId="8c84fa94-04c1-424b-9868-57a2d4851a1d" relativeResultsDirectory="db11c24f-869d-4e85-9c17-941653de68fa" />
    <UnitTestResult executionId="61f179cd-bcef-48fd-8a68-8c08f21b2c4f" testId="68a2363a-b484-17cf-1f18-a03fd75c478a" testName="TestConstructor" computerName="DKSR-EFI-06" duration="00:00:00.0005907" startTime="2024-01-09T15:46:49.7958873+01:00" endTime="2024-01-09T15:46:49.7958873+01:00" testType="13cdc9d9-ddb5-4fa4-a97d-d965ccfc6d4b" outcome="Passed" testListId="8c84fa94-04c1-424b-9868-57a2d4851a1d" relativeResultsDirectory="61f179cd-bcef-48fd-8a68-8c08f21b2c4f" />
    <UnitTestResult executionId="aac9bfc3-07b7-4ad4-9176-ac7773578b22" testId="781458f1-23a4-0aa0-3bdb-d72f01e70470" testName="TestRebooterTaskConstructor" computerName="DKSR-EFI-06" duration="00:00:00.0006757" startTime="2024-01-09T15:45:09.0137571+01:00" endTime="2024-01-09T15:45:09.0137571+01:00" testType="13cdc9d9-ddb5-4fa4-a97d-d965ccfc6d4b" outcome="Passed" testListId="8c84fa94-04c1-424b-9868-57a2d4851a1d" relativeResultsDirectory="aac9bfc3-07b7-4ad4-9176-ac7773578b22" />
    <UnitTestResult executionId="7d86fd28-0878-441a-a1d1-bce1a1c844e1" testId="ede83e9c-fccc-794b-8457-5adc5aedf18a" testName="TestConstructor" computerName="DKSR-EFI-06" duration="00:00:00.0267349" startTime="2024-01-09T15:46:48.8111913+01:00" endTime="2024-01-09T15:46:48.8268188+01:00" testType="13cdc9d9-ddb5-4fa4-a97d-d965ccfc6d4b" outcome="Passed" testListId="8c84fa94-04c1-424b-9868-57a2d4851a1d" relativeResultsDirectory="7d86fd28-0878-441a-a1d1-bce1a1c844e1" />
    <UnitTestResult executionId="25907623-6a65-434b-bef1-35687c9cd0a5" testId="a812c461-75bd-711d-a173-a6a8e32057ca" testName="TestStopNotAddedHostTaskOneLevel" computerName="DKSR-EFI-06" duration="00:00:00.0012143" startTime="2024-01-09T15:47:17.6460726+01:00" endTime="2024-01-09T15:47:17.6460726+01:00" testType="13cdc9d9-ddb5-4fa4-a97d-d965ccfc6d4b" outcome="Passed" testListId="8c84fa94-04c1-424b-9868-57a2d4851a1d" relativeResultsDirectory="25907623-6a65-434b-bef1-35687c9cd0a5" />
    <UnitTestResult executionId="e261406d-05d1-4ea7-93f1-a4dd884702f9" testId="032d6516-cb1c-4c92-f9b8-d4038adae9f6" testName="TestWaitForAllTasksWithNoTimeout" computerName="DKSR-EFI-06" duration="00:00:00.1084877" startTime="2024-01-09T15:46:49.0769023+01:00" endTime="2024-01-09T15:46:49.1863131+01:00" testType="13cdc9d9-ddb5-4fa4-a97d-d965ccfc6d4b" outcome="Passed" testListId="8c84fa94-04c1-424b-9868-57a2d4851a1d" relativeResultsDirectory="e261406d-05d1-4ea7-93f1-a4dd884702f9" />
    <UnitTestResult executionId="2ebd6209-91b2-4fd1-915c-ac424e1c0204" testId="bcd71e73-4f9f-2385-5ac9-da99939e2a84" testName="TestConstructor" computerName="DKSR-EFI-06" duration="00:00:00.3001211" startTime="2024-01-09T15:45:07.4668774+01:00" endTime="2024-01-09T15:45:07.7793818+01:00" testType="13cdc9d9-ddb5-4fa4-a97d-d965ccfc6d4b" outcome="Passed" testListId="8c84fa94-04c1-424b-9868-57a2d4851a1d" relativeResultsDirectory="2ebd6209-91b2-4fd1-915c-ac424e1c0204" />
    <UnitTestResult executionId="15a695b6-a79c-408f-b7e3-53d172edb572" testId="966ee7d3-699a-e5e7-0a2b-6c1da1a4c68c" testName="TestGetConnectionOptionsLocal" computerName="DKSR-EFI-06" duration="00:00:00.0029737" startTime="2024-01-09T15:45:07.4668774+01:00" endTime="2024-01-09T15:45:07.4668774+01:00" testType="13cdc9d9-ddb5-4fa4-a97d-d965ccfc6d4b" outcome="Passed" testListId="8c84fa94-04c1-424b-9868-57a2d4851a1d" relativeResultsDirectory="15a695b6-a79c-408f-b7e3-53d172edb572" />
    <UnitTestResult executionId="4d213006-2728-451c-abd3-171bd5cd9efc" testId="22814c1f-c66f-6ce6-5a48-a0ba882bd316" testName="TestVersionInfoDefault" computerName="DKSR-EFI-06" duration="00:00:00.0002259" startTime="2024-01-09T15:45:08.4825063+01:00" endTime="2024-01-09T15:45:08.4825063+01:00" testType="13cdc9d9-ddb5-4fa4-a97d-d965ccfc6d4b" outcome="Passed" testListId="8c84fa94-04c1-424b-9868-57a2d4851a1d" relativeResultsDirectory="4d213006-2728-451c-abd3-171bd5cd9efc" />
    <UnitTestResult executionId="3f5e2546-001d-4b86-8d72-4f56feabc754" testId="22b4db21-3428-db9a-3223-8ca266a1cb59" testName="TestSetParameter" computerName="DKSR-EFI-06" duration="00:00:00.0005918" startTime="2024-01-09T15:45:08.4668821+01:00" endTime="2024-01-09T15:45:08.4668821+01:00" testType="13cdc9d9-ddb5-4fa4-a97d-d965ccfc6d4b" outcome="Passed" testListId="8c84fa94-04c1-424b-9868-57a2d4851a1d" relativeResultsDirectory="3f5e2546-001d-4b86-8d72-4f56feabc754" />
    <UnitTestResult executionId="691b2c60-76bc-49f5-b849-cafd9155b4dd" testId="05ecd758-3402-3b67-caa4-bf6054c93296" testName="TestConstructor" computerName="DKSR-EFI-06" duration="00:00:00.0003774" startTime="2024-01-09T15:46:23.3207354+01:00" endTime="2024-01-09T15:46:23.3207354+01:00" testType="13cdc9d9-ddb5-4fa4-a97d-d965ccfc6d4b" outcome="Passed" testListId="8c84fa94-04c1-424b-9868-57a2d4851a1d" relativeResultsDirectory="691b2c60-76bc-49f5-b849-cafd9155b4dd" />
    <UnitTestResult executionId="b7210f9c-077f-419b-b923-0bf4d1781d06" testId="2d9dbc28-3346-aa2c-3f94-7988e6e65d16" testName="TestGetLocalPackagesWithInvalidHost" computerName="DKSR-EFI-06" duration="00:00:00.0024818" startTime="2024-01-09T15:46:59.1888103+01:00" endTime="2024-01-09T15:46:59.1888103+01:00" testType="13cdc9d9-ddb5-4fa4-a97d-d965ccfc6d4b" outcome="Passed" testListId="8c84fa94-04c1-424b-9868-57a2d4851a1d" relativeResultsDirectory="b7210f9c-077f-419b-b923-0bf4d1781d06" />
    <UnitTestResult executionId="fe5ae716-f8bd-40d2-8e1b-1434f371f8cb" testId="7865af95-405e-00d9-0891-66c018874e42" testName="TestAddRemoveRepository" computerName="DKSR-EFI-06" duration="00:00:00.0020420" startTime="2024-01-09T15:46:49.7958873+01:00" endTime="2024-01-09T15:46:49.7958873+01:00" testType="13cdc9d9-ddb5-4fa4-a97d-d965ccfc6d4b" outcome="Passed" testListId="8c84fa94-04c1-424b-9868-57a2d4851a1d" relativeResultsDirectory="fe5ae716-f8bd-40d2-8e1b-1434f371f8cb" />
    <UnitTestResult executionId="5c876464-ee32-47ea-b06c-687f1c53ef25" testId="16676cd4-3af1-1b40-f8fd-0b757767ae35" testName="TestGetHostInfoSequential" computerName="DKSR-EFI-06" duration="00:00:03.0306835" startTime="2024-01-09T15:47:02.2830267+01:00" endTime="2024-01-09T15:47:05.3151239+01:00" testType="13cdc9d9-ddb5-4fa4-a97d-d965ccfc6d4b" outcome="Passed" testListId="8c84fa94-04c1-424b-9868-57a2d4851a1d" relativeResultsDirectory="5c876464-ee32-47ea-b06c-687f1c53ef25" />
    <UnitTestResult executionId="e8e06dbe-26f3-49a6-85bd-4aa6944ce39a" testId="aeef6c1f-4c83-a297-28c5-f2458e78b8fa" testName="TestConstructor" computerName="DKSR-EFI-06" duration="00:00:00.0005152" startTime="2024-01-09T15:45:08.4825063+01:00" endTime="2024-01-09T15:45:08.4825063+01:00" testType="13cdc9d9-ddb5-4fa4-a97d-d965ccfc6d4b" outcome="Passed" testListId="8c84fa94-04c1-424b-9868-57a2d4851a1d" relativeResultsDirectory="e8e06dbe-26f3-49a6-85bd-4aa6944ce39a" />
    <UnitTestResult executionId="7e40edd1-cb08-498a-b907-1b23624b570a" testId="bc42b46e-3ad8-9bd9-e407-c79f3c41a24a" testName="TestTestRepositoriesWithInvalidRepositories" computerName="DKSR-EFI-06" duration="00:00:00.0078000" startTime="2024-01-09T15:46:49.4368370+01:00" endTime="2024-01-09T15:46:49.4368370+01:00" testType="13cdc9d9-ddb5-4fa4-a97d-d965ccfc6d4b" outcome="Passed" testListId="8c84fa94-04c1-424b-9868-57a2d4851a1d" relativeResultsDirectory="7e40edd1-cb08-498a-b907-1b23624b570a" />
    <UnitTestResult executionId="351edfe9-d59a-496a-b811-5f400fd7c2a1" testId="cc729317-8003-3dcb-4690-b7bab2deead5" testName="TestProcessWithInvalidCommand" computerName="DKSR-EFI-06" duration="00:00:00.3923479" startTime="2024-01-09T15:45:08.4825063+01:00" endTime="2024-01-09T15:45:08.8731308+01:00" testType="13cdc9d9-ddb5-4fa4-a97d-d965ccfc6d4b" outcome="Passed" testListId="8c84fa94-04c1-424b-9868-57a2d4851a1d" relativeResultsDirectory="351edfe9-d59a-496a-b811-5f400fd7c2a1" />
    <UnitTestResult executionId="de6dd8e7-7d72-4545-b34e-bcf4a6039861" testId="7e6f01e0-6e4a-e81f-57f2-c8127ebd815b" testName="TestStopRepositoryTask" computerName="DKSR-EFI-06" duration="00:00:00.0580097" startTime="2024-01-09T15:46:49.4832862+01:00" endTime="2024-01-09T15:46:49.5458084+01:00" testType="13cdc9d9-ddb5-4fa4-a97d-d965ccfc6d4b" outcome="Passed" testListId="8c84fa94-04c1-424b-9868-57a2d4851a1d" relativeResultsDirectory="de6dd8e7-7d72-4545-b34e-bcf4a6039861" />
    <UnitTestResult executionId="e6335fcb-a90a-452b-814e-acddd02655f1" testId="b126bbc4-6355-64b2-7b0e-a07a415e03cd" testName="TestNotifyObserverThrowingException" computerName="DKSR-EFI-06" duration="00:00:00.0017944" startTime="2024-01-09T15:46:42.7942700+01:00" endTime="2024-01-09T15:46:42.7942700+01:00" testType="13cdc9d9-ddb5-4fa4-a97d-d965ccfc6d4b" outcome="Passed" testListId="8c84fa94-04c1-424b-9868-57a2d4851a1d" relativeResultsDirectory="e6335fcb-a90a-452b-814e-acddd02655f1" />
    <UnitTestResult executionId="a4bad461-6cf6-41f2-b342-e2b23d34f500" testId="f87bdbf8-6366-f4cc-9c50-055e8e1058ed" testName="TestMakeExistingDir" computerName="DKSR-EFI-06" duration="00:00:00.0006984" startTime="2024-01-09T15:46:38.6840027+01:00" endTime="2024-01-09T15:46:38.6840027+01:00" testType="13cdc9d9-ddb5-4fa4-a97d-d965ccfc6d4b" outcome="Passed" testListId="8c84fa94-04c1-424b-9868-57a2d4851a1d" relativeResultsDirectory="a4bad461-6cf6-41f2-b342-e2b23d34f500" />
    <UnitTestResult executionId="15fd5fb1-f452-42f1-8ff8-37f2f4cb0822" testId="c5a9b9e3-ddc7-d599-f7fe-3844f6f9e15e" testName="TestGetHostInfo" computerName="DKSR-EFI-06" duration="00:00:00.0006163" startTime="2024-01-09T15:47:57.7815403+01:00" endTime="2024-01-09T15:47:57.7815403+01:00" testType="13cdc9d9-ddb5-4fa4-a97d-d965ccfc6d4b" outcome="Passed" testListId="8c84fa94-04c1-424b-9868-57a2d4851a1d" relativeResultsDirectory="15fd5fb1-f452-42f1-8ff8-37f2f4cb0822" />
    <UnitTestResult executionId="be48712d-1327-49b9-84c3-426901ce894d" testId="ecfc6ba1-5f0a-aa01-e635-13a76143e3af" testName="NonExistingFile_ShouldNotBeImported" computerName="DKSR-EFI-06" duration="00:00:00.0032836" startTime="2024-01-09T15:45:09.1700087+01:00" endTime="2024-01-09T15:45:09.1700087+01:00" testType="13cdc9d9-ddb5-4fa4-a97d-d965ccfc6d4b" outcome="Passed" testListId="8c84fa94-04c1-424b-9868-57a2d4851a1d" relativeResultsDirectory="be48712d-1327-49b9-84c3-426901ce894d" />
    <UnitTestResult executionId="9991d272-b886-4154-b182-63331569685d" testId="c11becfa-b802-6cdb-ce4e-e4281ec502ee" testName="TestParseFull" computerName="DKSR-EFI-06" startTime="2024-01-09T15:45:08.4513539+01:00" endTime="2024-01-09T15:45:08.4513539+01:00" testType="13cdc9d9-ddb5-4fa4-a97d-d965ccfc6d4b" outcome="NotExecuted" testListId="8c84fa94-04c1-424b-9868-57a2d4851a1d" relativeResultsDirectory="9991d272-b886-4154-b182-63331569685d">
      <Output></Output>
    </UnitTestResult>
    <UnitTestResult executionId="4fa88eee-14aa-4604-93d4-7a48b08738d6" testId="8b238217-430f-05ee-47e5-89c18f51b0b9" testName="TestConstructor" computerName="DKSR-EFI-06" duration="00:00:00.0011840" startTime="2024-01-09T15:45:08.0606306+01:00" endTime="2024-01-09T15:45:08.0606306+01:00" testType="13cdc9d9-ddb5-4fa4-a97d-d965ccfc6d4b" outcome="Passed" testListId="8c84fa94-04c1-424b-9868-57a2d4851a1d" relativeResultsDirectory="4fa88eee-14aa-4604-93d4-7a48b08738d6" />
    <UnitTestResult executionId="9eb063b8-b263-4caa-afef-29edd5d02649" testId="50cf843a-7917-122d-91e8-dbab549c9083" testName="FileSharePackageUploaderTask_ShouldFail_IfVerifyToolThrowsTrustVerificationException" computerName="DKSR-EFI-06" duration="00:00:00.0340953" startTime="2024-01-09T15:45:09.0450077+01:00" endTime="2024-01-09T15:45:09.0762590+01:00" testType="13cdc9d9-ddb5-4fa4-a97d-d965ccfc6d4b" outcome="Passed" testListId="8c84fa94-04c1-424b-9868-57a2d4851a1d" relativeResultsDirectory="9eb063b8-b263-4caa-afef-29edd5d02649" />
    <UnitTestResult executionId="b3de4f74-770d-4e20-bd5c-8ed6ef52d8c9" testId="6a8fa308-ac39-ccff-224f-2c11a1875cff" testName="TestStopHostTaskWithInvalidHost" computerName="DKSR-EFI-06" duration="00:00:00.0023934" startTime="2024-01-09T15:47:17.6460726+01:00" endTime="2024-01-09T15:47:17.6460726+01:00" testType="13cdc9d9-ddb5-4fa4-a97d-d965ccfc6d4b" outcome="Passed" testListId="8c84fa94-04c1-424b-9868-57a2d4851a1d" relativeResultsDirectory="b3de4f74-770d-4e20-bd5c-8ed6ef52d8c9" />
    <UnitTestResult executionId="75a4b54f-d390-4c00-a8cc-6aeba83bdad1" testId="c808a093-8195-0aab-e564-4015d1f64b86" testName="TestConstructorWithErrorCodeNonExistingService" computerName="DKSR-EFI-06" duration="00:00:00.0004393" startTime="2024-01-09T15:45:07.3887532+01:00" endTime="2024-01-09T15:45:07.3887532+01:00" testType="13cdc9d9-ddb5-4fa4-a97d-d965ccfc6d4b" outcome="Passed" testListId="8c84fa94-04c1-424b-9868-57a2d4851a1d" relativeResultsDirectory="75a4b54f-d390-4c00-a8cc-6aeba83bdad1" />
    <UnitTestResult executionId="bf9dc5a8-a3ac-4cfe-9796-b3f6be38f380" testId="6ac90c63-c23f-6f1a-ea9b-05c892b344e8" testName="TestConstructor" computerName="DKSR-EFI-06" duration="00:00:00.0010054" startTime="2024-01-09T15:45:09.0137571+01:00" endTime="2024-01-09T15:45:09.0137571+01:00" testType="13cdc9d9-ddb5-4fa4-a97d-d965ccfc6d4b" outcome="Passed" testListId="8c84fa94-04c1-424b-9868-57a2d4851a1d" relativeResultsDirectory="bf9dc5a8-a3ac-4cfe-9796-b3f6be38f380" />
    <UnitTestResult executionId="9f5bca02-599b-44e3-9373-51ec2cf5ec36" testId="84fc2d45-9c65-24ed-a603-3dd6b23b161b" testName="TestUploadPackageWithInvalidHost" computerName="DKSR-EFI-06" duration="00:00:00.0025462" startTime="2024-01-09T15:46:49.7958873+01:00" endTime="2024-01-09T15:46:49.7958873+01:00" testType="13cdc9d9-ddb5-4fa4-a97d-d965ccfc6d4b" outcome="Passed" testListId="8c84fa94-04c1-424b-9868-57a2d4851a1d" relativeResultsDirectory="9f5bca02-599b-44e3-9373-51ec2cf5ec36" />
    <UnitTestResult executionId="d168e2f4-9900-4c51-87a9-4369db841aa0" testId="4ebe8040-de48-1757-191f-73ec1eccf02d" testName="TestWaitForAllTasksWithTimeout" computerName="DKSR-EFI-06" duration="00:00:03.1548131" startTime="2024-01-09T15:47:48.4667768+01:00" endTime="2024-01-09T15:47:51.6232854+01:00" testType="13cdc9d9-ddb5-4fa4-a97d-d965ccfc6d4b" outcome="Passed" testListId="8c84fa94-04c1-424b-9868-57a2d4851a1d" relativeResultsDirectory="d168e2f4-9900-4c51-87a9-4369db841aa0" />
    <UnitTestResult executionId="57341e38-f0a9-48e2-9c5b-3fcdb51b5bf2" testId="5f070273-889c-c350-6e7c-2ac18b92811d" testName="ExistingZipPackageWithReadOnlyAttribute_ShouldBeOverwritten" computerName="DKSR-EFI-06" startTime="2024-01-09T15:45:09.1700087+01:00" endTime="2024-01-09T15:45:09.1700087+01:00" testType="13cdc9d9-ddb5-4fa4-a97d-d965ccfc6d4b" outcome="NotExecuted" testListId="8c84fa94-04c1-424b-9868-57a2d4851a1d" relativeResultsDirectory="57341e38-f0a9-48e2-9c5b-3fcdb51b5bf2">
      <Output></Output>
    </UnitTestResult>
    <UnitTestResult executionId="4d45a22f-ca21-4d0a-a39a-22d4af851358" testId="7b0075a6-a37e-989f-ba7f-1766dadf06a6" testName="TestConstructorWithUserNamePassword" computerName="DKSR-EFI-06" duration="00:00:00.0005305" startTime="2024-01-09T15:47:57.7502825+01:00" endTime="2024-01-09T15:47:57.7502825+01:00" testType="13cdc9d9-ddb5-4fa4-a97d-d965ccfc6d4b" outcome="Passed" testListId="8c84fa94-04c1-424b-9868-57a2d4851a1d" relativeResultsDirectory="4d45a22f-ca21-4d0a-a39a-22d4af851358" />
    <UnitTestResult executionId="c312846d-3d64-4319-aa66-2cfe1a56b36f" testId="a01967fd-fbe7-36ce-1ca1-d3fd457b8d42" testName="TestConstructorWithMessageAndInnerException" computerName="DKSR-EFI-06" duration="00:00:00.0006701" startTime="2024-01-09T15:45:07.3731306+01:00" endTime="2024-01-09T15:45:07.3731306+01:00" testType="13cdc9d9-ddb5-4fa4-a97d-d965ccfc6d4b" outcome="Passed" testListId="8c84fa94-04c1-424b-9868-57a2d4851a1d" relativeResultsDirectory="c312846d-3d64-4319-aa66-2cfe1a56b36f" />
    <UnitTestResult executionId="1a21b89a-719f-4938-93f0-e63d7f329050" testId="0f0f7131-42bd-3008-39e4-936130039165" testName="TestConstructor" computerName="DKSR-EFI-06" duration="00:00:00.0244975" startTime="2024-01-09T15:45:08.9200070+01:00" endTime="2024-01-09T15:45:08.9512569+01:00" testType="13cdc9d9-ddb5-4fa4-a97d-d965ccfc6d4b" outcome="Passed" testListId="8c84fa94-04c1-424b-9868-57a2d4851a1d" relativeResultsDirectory="1a21b89a-719f-4938-93f0-e63d7f329050" />
    <UnitTestResult executionId="4175441c-6a86-423c-8266-208f564d4d42" testId="e977703f-2970-df2c-d9d1-2e6c523b5ab1" testName="TestConstructorWithMetadata" computerName="DKSR-EFI-06" duration="00:00:00.0037902" startTime="2024-01-09T15:46:42.7942700+01:00" endTime="2024-01-09T15:46:42.8098988+01:00" testType="13cdc9d9-ddb5-4fa4-a97d-d965ccfc6d4b" outcome="Passed" testListId="8c84fa94-04c1-424b-9868-57a2d4851a1d" relativeResultsDirectory="4175441c-6a86-423c-8266-208f564d4d42" />
    <UnitTestResult executionId="cc280239-dc3f-4890-a5c1-2fc6e9b6e530" testId="21a039f5-a92d-7952-0779-2ef36815aea5" testName="TestTaskStopOnCompletedTask" computerName="DKSR-EFI-06" duration="00:00:00.0012890" startTime="2024-01-09T15:46:38.6214846+01:00" endTime="2024-01-09T15:46:38.6214846+01:00" testType="13cdc9d9-ddb5-4fa4-a97d-d965ccfc6d4b" outcome="Passed" testListId="8c84fa94-04c1-424b-9868-57a2d4851a1d" relativeResultsDirectory="cc280239-dc3f-4890-a5c1-2fc6e9b6e530" />
    <UnitTestResult executionId="90e4f181-ae71-4d54-9750-742e363d9f78" testId="a17e8d02-5a28-ea2d-f09e-368bfc7a6e40" testName="TestIsTasksRunningOnRepository" computerName="DKSR-EFI-06" duration="00:00:00.1715572" startTime="2024-01-09T15:46:49.6239617+01:00" endTime="2024-01-09T15:46:49.7958873+01:00" testType="13cdc9d9-ddb5-4fa4-a97d-d965ccfc6d4b" outcome="Passed" testListId="8c84fa94-04c1-424b-9868-57a2d4851a1d" relativeResultsDirectory="90e4f181-ae71-4d54-9750-742e363d9f78" />
    <UnitTestResult executionId="3024090f-5be0-4fe9-a052-fdd654569391" testId="398e487f-9dca-6d67-fd26-4c9254a8ff88" testName="TestRebooterTaskConstructor" computerName="DKSR-EFI-06" duration="00:00:00.0006270" startTime="2024-01-09T15:46:38.7308828+01:00" endTime="2024-01-09T15:46:38.7308828+01:00" testType="13cdc9d9-ddb5-4fa4-a97d-d965ccfc6d4b" outcome="Passed" testListId="8c84fa94-04c1-424b-9868-57a2d4851a1d" relativeResultsDirectory="3024090f-5be0-4fe9-a052-fdd654569391" />
    <UnitTestResult executionId="e362358c-90d1-4078-aa14-e2c61fb10244" testId="7f9ed6cf-7a79-9d37-5f62-7db0e658076c" testName="TestGetInstalledPackagesParallel" computerName="DKSR-EFI-06" duration="00:00:00.0438297" startTime="2024-01-09T15:47:05.3151239+01:00" endTime="2024-01-09T15:47:05.3620617+01:00" testType="13cdc9d9-ddb5-4fa4-a97d-d965ccfc6d4b" outcome="Passed" testListId="8c84fa94-04c1-424b-9868-57a2d4851a1d" relativeResultsDirectory="e362358c-90d1-4078-aa14-e2c61fb10244" />
    <UnitTestResult executionId="612aecb1-4f1d-4b8c-ba5a-5902a0b362bc" testId="9f360e22-795c-5c17-8bb8-33a39a68517b" testName="TestStopAllHostTaskAllLevels" computerName="DKSR-EFI-06" duration="00:00:03.1088446" startTime="2024-01-09T15:47:30.0265932+01:00" endTime="2024-01-09T15:47:33.1364581+01:00" testType="13cdc9d9-ddb5-4fa4-a97d-d965ccfc6d4b" outcome="Passed" testListId="8c84fa94-04c1-424b-9868-57a2d4851a1d" relativeResultsDirectory="612aecb1-4f1d-4b8c-ba5a-5902a0b362bc" />
    <UnitTestResult executionId="7d3fe203-8e2e-4b46-9eb1-5b240f6e89cb" testId="e0aa219f-1854-91b3-3e29-4258ec3f3da6" testName="TestStopHostTaskWithInvalidHost" computerName="DKSR-EFI-06" duration="00:00:00.0013378" startTime="2024-01-09T15:46:48.8893416+01:00" endTime="2024-01-09T15:46:48.8893416+01:00" testType="13cdc9d9-ddb5-4fa4-a97d-d965ccfc6d4b" outcome="Passed" testListId="8c84fa94-04c1-424b-9868-57a2d4851a1d" relativeResultsDirectory="7d3fe203-8e2e-4b46-9eb1-5b240f6e89cb" />
    <UnitTestResult executionId="10275d5b-7731-45b5-a081-01412e766687" testId="f3eff344-b8fc-0e39-5989-18b02610ed7c" testName="TestIP" computerName="DKSR-EFI-06" duration="00:00:00.0005675" startTime="2024-01-09T15:47:57.7971708+01:00" endTime="2024-01-09T15:47:57.7971708+01:00" testType="13cdc9d9-ddb5-4fa4-a97d-d965ccfc6d4b" outcome="Passed" testListId="8c84fa94-04c1-424b-9868-57a2d4851a1d" relativeResultsDirectory="10275d5b-7731-45b5-a081-01412e766687" />
    <UnitTestResult executionId="bb4c7201-a096-4ec4-a9c8-b2cc4882db10" testId="a2237cff-2fec-9f3d-16cc-4fd05503957e" testName="TestGetPackageUnInstaller" computerName="DKSR-EFI-06" duration="00:00:00.0096626" startTime="2024-01-09T15:47:57.7659142+01:00" endTime="2024-01-09T15:47:57.7815403+01:00" testType="13cdc9d9-ddb5-4fa4-a97d-d965ccfc6d4b" outcome="Passed" testListId="8c84fa94-04c1-424b-9868-57a2d4851a1d" relativeResultsDirectory="bb4c7201-a096-4ec4-a9c8-b2cc4882db10" />
    <UnitTestResult executionId="688dca62-68f8-42fd-8958-0f31c15c5fd7" testId="5830e48c-ec35-ee5c-5f9f-1b8deedc3e70" testName="Test_With_ArgmunentsXmlFileV1_When_ExtractingTheArguments_Then_TheArgumentsAreCorrect" computerName="DKSR-EFI-06" duration="00:00:00.0230562" startTime="2024-01-09T15:47:57.7971708+01:00" endTime="2024-01-09T15:47:57.8284293+01:00" testType="13cdc9d9-ddb5-4fa4-a97d-d965ccfc6d4b" outcome="Passed" testListId="8c84fa94-04c1-424b-9868-57a2d4851a1d" relativeResultsDirectory="688dca62-68f8-42fd-8958-0f31c15c5fd7" />
    <UnitTestResult executionId="1588f479-2fe2-4ed0-8676-4ba1c1b92a8f" testId="33675f94-c719-761f-5636-41fb611944c3" testName="TestSetValue" computerName="DKSR-EFI-06" duration="00:00:00.0001475" startTime="2024-01-09T15:45:08.4668821+01:00" endTime="2024-01-09T15:45:08.4668821+01:00" testType="13cdc9d9-ddb5-4fa4-a97d-d965ccfc6d4b" outcome="Passed" testListId="8c84fa94-04c1-424b-9868-57a2d4851a1d" relativeResultsDirectory="1588f479-2fe2-4ed0-8676-4ba1c1b92a8f" />
    <UnitTestResult executionId="bc61dfdc-d7f0-484e-bac2-5c78ca2a6a70" testId="a0116380-da24-5eef-9985-8a188dfc4704" testName="Test_With_LicenseTypeAndParameters_When_CreateXmlStreamInV1_Then_CorrectXMLStreamIsCreated" computerName="DKSR-EFI-06" duration="00:00:00.0017852" startTime="2024-01-09T15:47:57.7971708+01:00" endTime="2024-01-09T15:47:57.7971708+01:00" testType="13cdc9d9-ddb5-4fa4-a97d-d965ccfc6d4b" outcome="Passed" testListId="8c84fa94-04c1-424b-9868-57a2d4851a1d" relativeResultsDirectory="bc61dfdc-d7f0-484e-bac2-5c78ca2a6a70" />
    <UnitTestResult executionId="b46774d3-5412-48e1-9e4f-104f9399f940" testId="dda34e2b-0d6b-f778-6cc1-d3fd58535a8e" testName="TestGetHostName" computerName="DKSR-EFI-06" duration="00:00:00.0005126" startTime="2024-01-09T15:45:08.9668825+01:00" endTime="2024-01-09T15:45:08.9668825+01:00" testType="13cdc9d9-ddb5-4fa4-a97d-d965ccfc6d4b" outcome="Passed" testListId="8c84fa94-04c1-424b-9868-57a2d4851a1d" relativeResultsDirectory="b46774d3-5412-48e1-9e4f-104f9399f940" />
    <UnitTestResult executionId="6b367c48-d1c4-40aa-a946-308ba7461a78" testId="1cff3eca-d525-091e-65e2-230ac0996f0f" testName="TestConstructor" computerName="DKSR-EFI-06" duration="00:00:00.0027006" startTime="2024-01-09T15:45:08.4356294+01:00" endTime="2024-01-09T15:45:08.4513539+01:00" testType="13cdc9d9-ddb5-4fa4-a97d-d965ccfc6d4b" outcome="Passed" testListId="8c84fa94-04c1-424b-9868-57a2d4851a1d" relativeResultsDirectory="6b367c48-d1c4-40aa-a946-308ba7461a78" />
    <UnitTestResult executionId="4da8dcfe-5e84-4bdb-b81f-7dce628cae76" testId="b53777b6-9b17-4b3f-bddc-b6f07e3ad483" testName="TestInjection" computerName="DKSR-EFI-06" duration="00:00:04.0212373" startTime="2024-01-09T15:46:29.9939538+01:00" endTime="2024-01-09T15:46:34.0263952+01:00" testType="13cdc9d9-ddb5-4fa4-a97d-d965ccfc6d4b" outcome="Passed" testListId="8c84fa94-04c1-424b-9868-57a2d4851a1d" relativeResultsDirectory="4da8dcfe-5e84-4bdb-b81f-7dce628cae76" />
    <UnitTestResult executionId="5b15dad3-c872-49e7-a44e-4c240439f5c4" testId="0c1ed704-8205-a20a-83ff-3afa740995be" testName="TestConstructor" computerName="DKSR-EFI-06" duration="00:00:00.0005729" startTime="2024-01-09T15:45:07.3575037+01:00" endTime="2024-01-09T15:45:07.3575037+01:00" testType="13cdc9d9-ddb5-4fa4-a97d-d965ccfc6d4b" outcome="Passed" testListId="8c84fa94-04c1-424b-9868-57a2d4851a1d" relativeResultsDirectory="5b15dad3-c872-49e7-a44e-4c240439f5c4" />
    <UnitTestResult executionId="63525cb6-962d-49ca-980e-1130b4b4c610" testId="330e6a9d-2d5c-ac83-143d-e6e550e3720b" testName="TestConstructorWithErrorCodeAccessDenied" computerName="DKSR-EFI-06" duration="00:00:00.0005104" startTime="2024-01-09T15:45:07.3887532+01:00" endTime="2024-01-09T15:45:07.3887532+01:00" testType="13cdc9d9-ddb5-4fa4-a97d-d965ccfc6d4b" outcome="Passed" testListId="8c84fa94-04c1-424b-9868-57a2d4851a1d" relativeResultsDirectory="63525cb6-962d-49ca-980e-1130b4b4c610" />
    <UnitTestResult executionId="d75cb8bd-9c78-4579-87b6-e9ab55edcc13" testId="f7d42701-2ea6-710a-c26e-6a5c6247f8de" testName="TestStopAllRepositoryTask" computerName="DKSR-EFI-06" duration="00:00:00.0776702" startTime="2024-01-09T15:46:49.5458084+01:00" endTime="2024-01-09T15:46:49.6239617+01:00" testType="13cdc9d9-ddb5-4fa4-a97d-d965ccfc6d4b" outcome="Passed" testListId="8c84fa94-04c1-424b-9868-57a2d4851a1d" relativeResultsDirectory="d75cb8bd-9c78-4579-87b6-e9ab55edcc13" />
    <UnitTestResult executionId="cb6beb17-e8c1-4d6e-86fe-a35c79e2f449" testId="0e31cfb4-c48c-f98b-c02a-b0ce70005a5e" testName="TestInstallString" computerName="DKSR-EFI-06" duration="00:00:00.0045113" startTime="2024-01-09T15:45:08.4513539+01:00" endTime="2024-01-09T15:45:08.4513539+01:00" testType="13cdc9d9-ddb5-4fa4-a97d-d965ccfc6d4b" outcome="Passed" testListId="8c84fa94-04c1-424b-9868-57a2d4851a1d" relativeResultsDirectory="cb6beb17-e8c1-4d6e-86fe-a35c79e2f449" />
    <UnitTestResult executionId="a8e0eae2-e1e7-4020-8134-f067a060a63a" testId="69b26249-94e9-7c44-10dc-7b2701eb66e6" testName="TestCreateRealFilePathWithUNCPath" computerName="DKSR-EFI-06" duration="00:00:00.0004566" startTime="2024-01-09T15:45:07.4512560+01:00" endTime="2024-01-09T15:45:07.4512560+01:00" testType="13cdc9d9-ddb5-4fa4-a97d-d965ccfc6d4b" outcome="Passed" testListId="8c84fa94-04c1-424b-9868-57a2d4851a1d" relativeResultsDirectory="a8e0eae2-e1e7-4020-8134-f067a060a63a" />
    <UnitTestResult executionId="097ad421-4016-46a1-b7e0-30807df967f8" testId="49529985-1ba0-c238-eae3-48cc6bd0feac" testName="TestUploadPackageWithInvalidRepository" computerName="DKSR-EFI-06" duration="00:00:00.0013810" startTime="2024-01-09T15:46:49.7958873+01:00" endTime="2024-01-09T15:46:49.7958873+01:00" testType="13cdc9d9-ddb5-4fa4-a97d-d965ccfc6d4b" outcome="Passed" testListId="8c84fa94-04c1-424b-9868-57a2d4851a1d" relativeResultsDirectory="097ad421-4016-46a1-b7e0-30807df967f8" />
    <UnitTestResult executionId="097c3d97-8cbc-4fd6-81af-c95ab90d91b6" testId="abd4b833-c358-500a-7788-db40ecef5e75" testName="TestStopAllRepositoryTasks" computerName="DKSR-EFI-06" duration="00:00:03.0620791" startTime="2024-01-09T15:47:39.2629785+01:00" endTime="2024-01-09T15:47:42.3257416+01:00" testType="13cdc9d9-ddb5-4fa4-a97d-d965ccfc6d4b" outcome="Passed" testListId="8c84fa94-04c1-424b-9868-57a2d4851a1d" relativeResultsDirectory="097c3d97-8cbc-4fd6-81af-c95ab90d91b6" />
    <UnitTestResult executionId="485f38eb-ff52-48b3-a2d5-d64a5d3ad9d8" testId="48e43d53-7c28-80cb-4d94-a851e7def8d6" testName="TestStart" computerName="DKSR-EFI-06" duration="00:00:00.0016017" startTime="2024-01-09T15:46:38.0588482+01:00" endTime="2024-01-09T15:46:38.0588482+01:00" testType="13cdc9d9-ddb5-4fa4-a97d-d965ccfc6d4b" outcome="Passed" testListId="8c84fa94-04c1-424b-9868-57a2d4851a1d" relativeResultsDirectory="485f38eb-ff52-48b3-a2d5-d64a5d3ad9d8" />
    <UnitTestResult executionId="07a52dc3-1bef-4415-b7a8-80fd1f393ff8" testId="d3b84e20-e2d1-bc9e-eadc-945089fa4f50" testName="TestDNS" computerName="DKSR-EFI-06" duration="00:00:00.0002336" startTime="2024-01-09T15:47:57.7971708+01:00" endTime="2024-01-09T15:47:57.7971708+01:00" testType="13cdc9d9-ddb5-4fa4-a97d-d965ccfc6d4b" outcome="Passed" testListId="8c84fa94-04c1-424b-9868-57a2d4851a1d" relativeResultsDirectory="07a52dc3-1bef-4415-b7a8-80fd1f393ff8" />
    <UnitTestResult executionId="9bbf7174-dfab-4a30-bfc5-253a2f05dc33" testId="facdbc00-3344-ebbb-65de-f4f2d40c143a" testName="TestDifferentPassword" computerName="DKSR-EFI-06" duration="00:00:00.0027562" startTime="2024-01-09T15:45:09.0450077+01:00" endTime="2024-01-09T15:45:09.0450077+01:00" testType="13cdc9d9-ddb5-4fa4-a97d-d965ccfc6d4b" outcome="Passed" testListId="8c84fa94-04c1-424b-9868-57a2d4851a1d" relativeResultsDirectory="9bbf7174-dfab-4a30-bfc5-253a2f05dc33" />
    <UnitTestResult executionId="d58bf06b-612a-46ca-bef4-85b7ba714b76" testId="856c68f3-4881-d96b-cb1b-41d24780a2bb" testName="TestConstructor" computerName="DKSR-EFI-06" duration="00:00:00.0006525" startTime="2024-01-09T15:45:12.1075098+01:00" endTime="2024-01-09T15:45:12.1075098+01:00" testType="13cdc9d9-ddb5-4fa4-a97d-d965ccfc6d4b" outcome="Passed" testListId="8c84fa94-04c1-424b-9868-57a2d4851a1d" relativeResultsDirectory="d58bf06b-612a-46ca-bef4-85b7ba714b76" />
    <UnitTestResult executionId="449584aa-c0a9-4744-84a5-19f76fae15fc" testId="a7b1190d-96a0-cc80-f0bd-b3feded255cb" testName="TestIsTasksRunningOnHost" computerName="DKSR-EFI-06" duration="00:00:00.0580822" startTime="2024-01-09T15:46:49.0143788+01:00" endTime="2024-01-09T15:46:49.0769023+01:00" testType="13cdc9d9-ddb5-4fa4-a97d-d965ccfc6d4b" outcome="Passed" testListId="8c84fa94-04c1-424b-9868-57a2d4851a1d" relativeResultsDirectory="449584aa-c0a9-4744-84a5-19f76fae15fc" />
    <UnitTestResult executionId="fe8bea21-e362-4ba4-b6a3-2549dd1e15f8" testId="3cb4d030-e34c-4c73-8e37-551b04141e43" testName="TestConstructor" computerName="DKSR-EFI-06" duration="00:00:00.0006119" startTime="2024-01-09T15:46:38.6840027+01:00" endTime="2024-01-09T15:46:38.6840027+01:00" testType="13cdc9d9-ddb5-4fa4-a97d-d965ccfc6d4b" outcome="Passed" testListId="8c84fa94-04c1-424b-9868-57a2d4851a1d" relativeResultsDirectory="fe8bea21-e362-4ba4-b6a3-2549dd1e15f8" />
    <UnitTestResult executionId="61aae297-b633-4058-8fc4-a5e0a788c4e9" testId="59a687c4-cb9f-631c-69ed-da984b9e6b7a" testName="TestVersionInfo" computerName="DKSR-EFI-06" duration="00:00:00.0003285" startTime="2024-01-09T15:45:08.4825063+01:00" endTime="2024-01-09T15:45:08.4825063+01:00" testType="13cdc9d9-ddb5-4fa4-a97d-d965ccfc6d4b" outcome="Passed" testListId="8c84fa94-04c1-424b-9868-57a2d4851a1d" relativeResultsDirectory="61aae297-b633-4058-8fc4-a5e0a788c4e9" />
    <UnitTestResult executionId="5d585f91-21d7-4c53-b65f-f5689fdabce6" testId="9e542a9d-17aa-18eb-fcd9-68e906b0cbf9" testName="TestGetPackages" computerName="DKSR-EFI-06" duration="00:00:00.0006909" startTime="2024-01-09T15:46:23.3207354+01:00" endTime="2024-01-09T15:46:23.3207354+01:00" testType="13cdc9d9-ddb5-4fa4-a97d-d965ccfc6d4b" outcome="Passed" testListId="8c84fa94-04c1-424b-9868-57a2d4851a1d" relativeResultsDirectory="5d585f91-21d7-4c53-b65f-f5689fdabce6" />
    <UnitTestResult executionId="74ea8457-d087-4629-800f-35724c1168c5" testId="33b4f16b-c0a6-76f0-1897-1fedd2028106" testName="TestConstructorWithMultipleObservers" computerName="DKSR-EFI-06" duration="00:00:00.0004818" startTime="2024-01-09T15:46:42.7942700+01:00" endTime="2024-01-09T15:46:42.7942700+01:00" testType="13cdc9d9-ddb5-4fa4-a97d-d965ccfc6d4b" outcome="Passed" testListId="8c84fa94-04c1-424b-9868-57a2d4851a1d" relativeResultsDirectory="74ea8457-d087-4629-800f-35724c1168c5" />
    <UnitTestResult executionId="7da66071-de1b-408c-a9f2-7a36cd4e9187" testId="725b3199-f97f-4e4e-3df7-e4d50227cc9c" testName="TestUninstallDynamicFiles" computerName="DKSR-EFI-06" duration="00:00:00.0047497" startTime="2024-01-09T15:45:08.4200054+01:00" endTime="2024-01-09T15:45:08.4200054+01:00" testType="13cdc9d9-ddb5-4fa4-a97d-d965ccfc6d4b" outcome="Passed" testListId="8c84fa94-04c1-424b-9868-57a2d4851a1d" relativeResultsDirectory="7da66071-de1b-408c-a9f2-7a36cd4e9187" />
    <UnitTestResult executionId="40d969ea-7fa3-44b0-9504-38bf5e66b074" testId="d08fd0d0-106c-6df0-e83c-5d210fcd79c8" testName="TestAttachObserver" computerName="DKSR-EFI-06" duration="00:00:00.0008644" startTime="2024-01-09T15:46:42.7786423+01:00" endTime="2024-01-09T15:46:42.7942700+01:00" testType="13cdc9d9-ddb5-4fa4-a97d-d965ccfc6d4b" outcome="Passed" testListId="8c84fa94-04c1-424b-9868-57a2d4851a1d" relativeResultsDirectory="40d969ea-7fa3-44b0-9504-38bf5e66b074" />
    <UnitTestResult executionId="4b1d0337-c20f-4e91-8908-345e9327acf9" testId="a39446df-6f24-60d3-7536-413204661085" testName="TestCopyFileWithPauseAndUnpause" computerName="DKSR-EFI-06" duration="00:00:02.2742120" startTime="2024-01-09T15:45:09.3418816+01:00" endTime="2024-01-09T15:45:11.6231365+01:00" testType="13cdc9d9-ddb5-4fa4-a97d-d965ccfc6d4b" outcome="Passed" testListId="8c84fa94-04c1-424b-9868-57a2d4851a1d" relativeResultsDirectory="4b1d0337-c20f-4e91-8908-345e9327acf9" />
    <UnitTestResult executionId="07f74664-4d9c-42cb-ba54-5cf054ccae37" testId="476ef389-cb99-4565-a578-a52bf7decd04" testName="IsTrusted_ShouldThrow_WhenPackageNotSigned" computerName="DKSR-EFI-06" startTime="2024-01-09T15:47:57.7971708+01:00" endTime="2024-01-09T15:47:57.7971708+01:00" testType="13cdc9d9-ddb5-4fa4-a97d-d965ccfc6d4b" outcome="NotExecuted" testListId="8c84fa94-04c1-424b-9868-57a2d4851a1d" relativeResultsDirectory="07f74664-4d9c-42cb-ba54-5cf054ccae37">
      <Output></Output>
    </UnitTestResult>
    <UnitTestResult executionId="6ec7d69d-f09b-4eee-bc7a-8ce6b9197fdb" testId="3dff1f41-5a6c-1f6b-dc94-6936d92863d6" testName="TestStop" computerName="DKSR-EFI-06" duration="00:00:00.1241302" startTime="2024-01-09T15:46:29.4938646+01:00" endTime="2024-01-09T15:46:29.6188927+01:00" testType="13cdc9d9-ddb5-4fa4-a97d-d965ccfc6d4b" outcome="Passed" testListId="8c84fa94-04c1-424b-9868-57a2d4851a1d" relativeResultsDirectory="6ec7d69d-f09b-4eee-bc7a-8ce6b9197fdb" />
    <UnitTestResult executionId="96ffecb7-8b5a-43c9-8df6-c644e16244d2" testId="81256e9c-7576-e53d-a206-ff8d79a392bb" testName="TestDifferentUserName" computerName="DKSR-EFI-06" duration="00:00:00.0021945" startTime="2024-01-09T15:45:09.0450077+01:00" endTime="2024-01-09T15:45:09.0450077+01:00" testType="13cdc9d9-ddb5-4fa4-a97d-d965ccfc6d4b" outcome="Passed" testListId="8c84fa94-04c1-424b-9868-57a2d4851a1d" relativeResultsDirectory="96ffecb7-8b5a-43c9-8df6-c644e16244d2" />
    <UnitTestResult executionId="c6a0bd72-d7b3-4eb0-a684-11118f139fe6" testId="b61c59b3-029a-0817-1252-32f71c8216f9" testName="TestRunFailureTasksLast" computerName="DKSR-EFI-06" duration="00:00:02.0140566" startTime="2024-01-09T15:46:27.3528641+01:00" endTime="2024-01-09T15:46:29.3688545+01:00" testType="13cdc9d9-ddb5-4fa4-a97d-d965ccfc6d4b" outcome="Passed" testListId="8c84fa94-04c1-424b-9868-57a2d4851a1d" relativeResultsDirectory="c6a0bd72-d7b3-4eb0-a684-11118f139fe6" />
    <UnitTestResult executionId="499e467f-f6d3-475b-b188-ab55dd4580b0" testId="cbf74680-c91c-0984-eb66-6d8ceb9c17ab" testName="TestGetActionTasks" computerName="DKSR-EFI-06" duration="00:00:00.0098778" startTime="2024-01-09T15:47:57.7502825+01:00" endTime="2024-01-09T15:47:57.7502825+01:00" testType="13cdc9d9-ddb5-4fa4-a97d-d965ccfc6d4b" outcome="Passed" testListId="8c84fa94-04c1-424b-9868-57a2d4851a1d" relativeResultsDirectory="499e467f-f6d3-475b-b188-ab55dd4580b0" />
    <UnitTestResult executionId="04c26cc9-07b7-4d12-88a3-ec6e8051f32b" testId="46745519-9ecc-7f3f-f79a-bc558a311ac6" testName="TestConstructor" computerName="DKSR-EFI-06" duration="00:00:00.0008517" startTime="2024-01-09T15:46:42.7942700+01:00" endTime="2024-01-09T15:46:42.7942700+01:00" testType="13cdc9d9-ddb5-4fa4-a97d-d965ccfc6d4b" outcome="Passed" testListId="8c84fa94-04c1-424b-9868-57a2d4851a1d" relativeResultsDirectory="04c26cc9-07b7-4d12-88a3-ec6e8051f32b" />
    <UnitTestResult executionId="035204f3-f26e-4094-849e-787e32d9f717" testId="729c0c4c-75b6-3606-8352-31e30f6054ad" testName="TestConstructorWithErrorCodeUnknownFailure" computerName="DKSR-EFI-06" duration="00:00:00.0004697" startTime="2024-01-09T15:45:07.3887532+01:00" endTime="2024-01-09T15:45:07.3887532+01:00" testType="13cdc9d9-ddb5-4fa4-a97d-d965ccfc6d4b" outcome="Passed" testListId="8c84fa94-04c1-424b-9868-57a2d4851a1d" relativeResultsDirectory="035204f3-f26e-4094-849e-787e32d9f717" />
    <UnitTestResult executionId="6db7df78-9acf-460c-9466-bb80c574001c" testId="c3800336-306f-d7b8-9385-05631f008da4" testName="TestStopRepositoryTasksWithNullManager" computerName="DKSR-EFI-06" duration="00:00:00.0015043" startTime="2024-01-09T15:46:49.4832862+01:00" endTime="2024-01-09T15:46:49.4832862+01:00" testType="13cdc9d9-ddb5-4fa4-a97d-d965ccfc6d4b" outcome="Passed" testListId="8c84fa94-04c1-424b-9868-57a2d4851a1d" relativeResultsDirectory="6db7df78-9acf-460c-9466-bb80c574001c" />
    <UnitTestResult executionId="caee716c-ebc8-42d3-a80f-3caaa33ad42f" testId="b4ef782b-9320-c210-3644-282eb256ccea" testName="TestStartWithErrorInDoRun" computerName="DKSR-EFI-06" duration="00:00:00.0013395" startTime="2024-01-09T15:46:38.1213574+01:00" endTime="2024-01-09T15:46:38.1213574+01:00" testType="13cdc9d9-ddb5-4fa4-a97d-d965ccfc6d4b" outcome="Passed" testListId="8c84fa94-04c1-424b-9868-57a2d4851a1d" relativeResultsDirectory="caee716c-ebc8-42d3-a80f-3caaa33ad42f" />
    <UnitTestResult executionId="b88ae202-9d48-4ffc-a815-d88be4df806b" testId="7468abf9-8496-a9ce-938c-e8b14b5f2200" testName="TestGetDeleteLocalPackage" computerName="DKSR-EFI-06" duration="00:00:00.0012126" startTime="2024-01-09T15:47:57.7815403+01:00" endTime="2024-01-09T15:47:57.7815403+01:00" testType="13cdc9d9-ddb5-4fa4-a97d-d965ccfc6d4b" outcome="Passed" testListId="8c84fa94-04c1-424b-9868-57a2d4851a1d" relativeResultsDirectory="b88ae202-9d48-4ffc-a815-d88be4df806b" />
    <UnitTestResult executionId="a07e8bc1-1bea-4393-938c-5a34f664bbd7" testId="d83a4903-12f4-40d7-6107-dfc77d36cf8a" testName="TestConstructor" computerName="DKSR-EFI-06" duration="00:00:00.0004157" startTime="2024-01-09T15:45:08.4200054+01:00" endTime="2024-01-09T15:45:08.4200054+01:00" testType="13cdc9d9-ddb5-4fa4-a97d-d965ccfc6d4b" outcome="Passed" testListId="8c84fa94-04c1-424b-9868-57a2d4851a1d" relativeResultsDirectory="a07e8bc1-1bea-4393-938c-5a34f664bbd7" />
    <UnitTestResult executionId="518d6faa-5067-4799-9c97-2a5f45d50970" testId="6c12d520-15aa-b4cf-0a08-c96da7cf1722" testName="TestConstructorWithErrorCodeServiceRequestTimeout" computerName="DKSR-EFI-06" duration="00:00:00.0004662" startTime="2024-01-09T15:45:07.3731306+01:00" endTime="2024-01-09T15:45:07.3731306+01:00" testType="13cdc9d9-ddb5-4fa4-a97d-d965ccfc6d4b" outcome="Passed" testListId="8c84fa94-04c1-424b-9868-57a2d4851a1d" relativeResultsDirectory="518d6faa-5067-4799-9c97-2a5f45d50970" />
    <UnitTestResult executionId="5895fece-cef0-41d6-99d4-d4fa75c8b6dd" testId="dfe5eb18-fc86-0989-8caf-49b9107cfa43" testName="TestAddTaskWhileRunning" computerName="DKSR-EFI-06" duration="00:00:00.1247770" startTime="2024-01-09T15:46:29.6188927+01:00" endTime="2024-01-09T15:46:29.7439158+01:00" testType="13cdc9d9-ddb5-4fa4-a97d-d965ccfc6d4b" outcome="Passed" testListId="8c84fa94-04c1-424b-9868-57a2d4851a1d" relativeResultsDirectory="5895fece-cef0-41d6-99d4-d4fa75c8b6dd" />
    <UnitTestResult executionId="81371322-0957-4837-91b0-a3a47391e4c1" testId="ab424643-ee10-dbb4-356f-30ee770a2155" testName="TestDeleteLocalPackageParallel" computerName="DKSR-EFI-06" duration="00:00:00.0277463" startTime="2024-01-09T15:47:51.6232854+01:00" endTime="2024-01-09T15:47:51.6545469+01:00" testType="13cdc9d9-ddb5-4fa4-a97d-d965ccfc6d4b" outcome="Passed" testListId="8c84fa94-04c1-424b-9868-57a2d4851a1d" relativeResultsDirectory="81371322-0957-4837-91b0-a3a47391e4c1" />
    <UnitTestResult executionId="56ebb9ce-a9f9-478e-9556-c0d869a93d9d" testId="b4bc3446-4a33-e238-ffe8-f27ad8971712" testName="TestGetRepositoryLocationIdentifier" computerName="DKSR-EFI-06" duration="00:00:00.0001732" startTime="2024-01-09T15:45:07.4668774+01:00" endTime="2024-01-09T15:45:07.4668774+01:00" testType="13cdc9d9-ddb5-4fa4-a97d-d965ccfc6d4b" outcome="Passed" testListId="8c84fa94-04c1-424b-9868-57a2d4851a1d" relativeResultsDirectory="56ebb9ce-a9f9-478e-9556-c0d869a93d9d" />
[...]
    <TestEntry testId="28db9034-3e2b-b2bb-67c2-1c43a25b6448" executionId="9c8946cf-97cd-482d-8cd9-5ce9e0e4b9b4" testListId="8c84fa94-04c1-424b-9868-57a2d4851a1d" />
    <TestEntry testId="aeb69c69-f399-d401-e754-f443149b61bf" executionId="ad611609-0497-416d-a076-e1bb2b6d0024" testListId="8c84fa94-04c1-424b-9868-57a2d4851a1d" />
    <TestEntry testId="dfd7d47b-3150-15b1-892c-f707b58a7859" executionId="02dba0ba-bbfa-459f-91e2-6001fa6292b2" testListId="8c84fa94-04c1-424b-9868-57a2d4851a1d" />
    <TestEntry testId="d506503d-311a-ec67-c05f-4000d3531d44" executionId="9ed47fe3-3313-4d79-9522-3d1715e0295c" testListId="8c84fa94-04c1-424b-9868-57a2d4851a1d" />
    <TestEntry testId="a52af099-adde-616a-e493-3c951c853af5" executionId="4c2423ce-c39e-4806-b2a0-aab9d1b01175" testListId="8c84fa94-04c1-424b-9868-57a2d4851a1d" />
    <TestEntry testId="80f38fd0-6f01-962d-1286-fff70fb35efb" executionId="dc64fdf1-3a0c-4852-8e11-bb86eae872e3" testListId="8c84fa94-04c1-424b-9868-57a2d4851a1d" />
    <TestEntry testId="c40bd895-725a-1fb2-ec21-aeab0bc59909" executionId="874aaecd-3851-4742-86a6-610cb7b6e6ce" testListId="8c84fa94-04c1-424b-9868-57a2d4851a1d" />
    <TestEntry testId="f936dbe2-1850-5119-1e00-9716f608d0a4" executionId="5a85921e-9d1b-4b98-bba1-f0bb85061d3a" testListId="8c84fa94-04c1-424b-9868-57a2d4851a1d" />
    <TestEntry testId="56fd3714-911e-3c1d-d65a-ddc9984079a7" executionId="1a1d61aa-40d9-40ec-839a-bab06d9bccf8" testListId="8c84fa94-04c1-424b-9868-57a2d4851a1d" />
    <TestEntry testId="6d0fa322-8959-7bc7-9627-74995f65e2a9" executionId="53542155-1ab1-41ab-85e9-1929a4ad0c70" testListId="8c84fa94-04c1-424b-9868-57a2d4851a1d" />
    <TestEntry testId="6a8d8c2c-5a74-d0ec-0a79-8c551b112800" executionId="724eb37c-cd3d-47e1-b8cf-157b520f3152" testListId="8c84fa94-04c1-424b-9868-57a2d4851a1d" />
    <TestEntry testId="968b0cfd-4e46-39af-8c32-7a63d2e0218b" executionId="d11e8e82-8d76-4b66-8ab6-d9547f58a8b5" testListId="8c84fa94-04c1-424b-9868-57a2d4851a1d" />
    <TestEntry testId="5dde1ad8-2a5f-9e49-d80b-87af96b9782f" executionId="87531a59-b9c6-4640-bac9-b690885959ce" testListId="8c84fa94-04c1-424b-9868-57a2d4851a1d" />
    <TestEntry testId="3ae92588-2163-e713-7477-64228713a6b8" executionId="7714eced-fcfc-4566-920c-a8b83198d074" testListId="8c84fa94-04c1-424b-9868-57a2d4851a1d" />
    <TestEntry testId="5323add9-9438-8c53-0fca-d94870660b43" executionId="0d7a4ed5-b94b-4a0a-8694-aeeae9bf850a" testListId="8c84fa94-04c1-424b-9868-57a2d4851a1d" />
    <TestEntry testId="cef844ae-f7df-59dd-115d-a7bcafd90e57" executionId="3568c2c9-6508-41a4-8f33-f5b8c522383e" testListId="8c84fa94-04c1-424b-9868-57a2d4851a1d" />
    <TestEntry testId="d40e99cb-258c-705b-832c-694aa024eb9b" executionId="524edf8d-e2c6-48cb-8c7a-8611a36d8331" testListId="8c84fa94-04c1-424b-9868-57a2d4851a1d" />
    <TestEntry testId="9fbd03c1-13ed-30d2-53e4-a629d9907b7f" executionId="5e75b551-980a-4979-b84a-934a560f03f4" testListId="8c84fa94-04c1-424b-9868-57a2d4851a1d" />
    <TestEntry testId="b3fb1e37-e2e5-a2a7-3eb9-4154e4ee124e" executionId="26004788-df2e-4560-ac41-496ece2a71c2" testListId="8c84fa94-04c1-424b-9868-57a2d4851a1d" />
    <TestEntry testId="7836a48f-abf6-7e36-5e54-4c0b983c976a" executionId="035ced2c-71df-4c07-913c-39865d7481af" testListId="8c84fa94-04c1-424b-9868-57a2d4851a1d" />
    <TestEntry testId="fd9e40ea-9126-c861-9dea-563c66bcf20c" executionId="a001d481-7264-40bb-9f94-92c7dbaf4050" testListId="8c84fa94-04c1-424b-9868-57a2d4851a1d" />
    <TestEntry testId="7b27a646-3b79-71b7-4cd1-43571fd2570e" executionId="63af867c-90f6-4369-96be-daffa636b4af" testListId="8c84fa94-04c1-424b-9868-57a2d4851a1d" />
    <TestEntry testId="dca228a0-81df-8712-dc7f-0dc5c847777d" executionId="e3f1448c-e561-477d-bfda-143cf5a7a262" testListId="8c84fa94-04c1-424b-9868-57a2d4851a1d" />
    <TestEntry testId="a041f741-20d8-3a12-5a12-ac603b3ef6bc" executionId="24045d9e-5bb2-4f5d-b5ce-e59a03601b24" testListId="8c84fa94-04c1-424b-9868-57a2d4851a1d" />
    <TestEntry testId="0a929c64-a22a-2fcf-f8de-0fe5c4abfe0f" executionId="38afb9db-62b6-40f5-82e2-43595db5878c" testListId="8c84fa94-04c1-424b-9868-57a2d4851a1d" />
    <TestEntry testId="36a635b8-d4a5-9a69-60b9-668002b58b49" executionId="7981d1a4-c2cc-4676-b7d4-01f67f3bec4f" testListId="8c84fa94-04c1-424b-9868-57a2d4851a1d" />
    <TestEntry testId="67c4869c-15f5-900e-172f-81dfbb8d8f9d" executionId="36812b0c-ecf2-4735-8bc0-dfa63c53fa3e" testListId="8c84fa94-04c1-424b-9868-57a2d4851a1d" />
    <TestEntry testId="d165a1f9-3d44-76cb-b902-4ddbe0cccecb" executionId="c2cf08d9-8478-406e-8898-7391d623a92f" testListId="8c84fa94-04c1-424b-9868-57a2d4851a1d" />
    <TestEntry testId="3915b03e-a985-a2c2-3ccc-dadf5b35e158" executionId="df7d6c07-a765-428a-93a1-3468b6725048" testListId="8c84fa94-04c1-424b-9868-57a2d4851a1d" />
    <TestEntry testId="7066b9b5-1610-d275-dc55-593de5802882" executionId="f41a8a11-b5b4-4448-b9ce-03cc992f1f2d" testListId="8c84fa94-04c1-424b-9868-57a2d4851a1d" />
    <TestEntry testId="df6b692b-8f1d-16a6-725c-b3998737cbae" executionId="5428bcd8-1059-4bb8-9479-e31eef274f79" testListId="8c84fa94-04c1-424b-9868-57a2d4851a1d" />
    <TestEntry testId="cc0e8736-e37c-0fe0-2c61-f81f9c25390d" executionId="d02cb9be-9488-4867-8eec-2e2d06fe1a08" testListId="8c84fa94-04c1-424b-9868-57a2d4851a1d" />
    <TestEntry testId="6596a401-a376-8fd2-668a-6808ccafe6e7" executionId="f567790c-a110-4b7a-8988-de6211a6a192" testListId="8c84fa94-04c1-424b-9868-57a2d4851a1d" />
    <TestEntry testId="62662b40-9dbf-8863-d09c-a0274ba353cf" executionId="d19424b2-e8ab-4f05-8728-a8ed8d533126" testListId="8c84fa94-04c1-424b-9868-57a2d4851a1d" />
    <TestEntry testId="3d1ea2f1-5577-20c9-e32d-81d23fe5a514" executionId="00a1b0af-4f94-4867-a157-1e79c3f9d9e7" testListId="8c84fa94-04c1-424b-9868-57a2d4851a1d" />
    <TestEntry testId="f1d3bc99-16dc-eb0d-4f79-920ef3df3a07" executionId="07474ebd-ac09-4fbd-b641-519a761053bc" testListId="8c84fa94-04c1-424b-9868-57a2d4851a1d" />
    <TestEntry testId="fca63c0e-d16d-4503-2a64-6b01e464c0f0" executionId="6556013c-cebe-47f4-9c9f-04ab2d52b4fe" testListId="8c84fa94-04c1-424b-9868-57a2d4851a1d" />
    <TestEntry testId="23436098-962c-b201-5a6c-05e35b01769d" executionId="8cde6b86-7c15-425e-9089-8733a26d3c68" testListId="8c84fa94-04c1-424b-9868-57a2d4851a1d" />
    <TestEntry testId="04753381-ed85-90b5-1a05-be092499cb90" executionId="91056b7f-505a-470f-bab8-23c5978a65c2" testListId="8c84fa94-04c1-424b-9868-57a2d4851a1d" />
    <TestEntry testId="0b54b4a5-32e6-48ab-16a8-27ca219e6ec9" executionId="a9993789-2162-4b34-9e1e-5d0256ae60e1" testListId="8c84fa94-04c1-424b-9868-57a2d4851a1d" />
    <TestEntry testId="f9648dbe-f664-0e7d-f48a-463671a37fa4" executionId="2c5439e7-6c12-4c36-a349-31ddf67d818e" testListId="8c84fa94-04c1-424b-9868-57a2d4851a1d" />
    <TestEntry testId="a2e12f75-2242-2b8d-51b3-d7a0e150a45c" executionId="3b0cd087-c4aa-40b0-a78a-b934cd6a0156" testListId="8c84fa94-04c1-424b-9868-57a2d4851a1d" />
    <TestEntry testId="a33f8d13-deba-b734-2914-a26d82968c05" executionId="8d5fe08f-5256-4286-b7ca-44b232e7de8c" testListId="8c84fa94-04c1-424b-9868-57a2d4851a1d" />
    <TestEntry testId="056db6d2-8d71-1089-b705-b6a45c621744" executionId="b1364e3d-5f9a-4aa0-8b4c-1516da82b3a8" testListId="8c84fa94-04c1-424b-9868-57a2d4851a1d" />
    <TestEntry testId="8bcfbbc0-c915-02f3-dbac-e543225952bc" executionId="2c16ca9c-d62a-49da-8f3e-b5f3608b019a" testListId="8c84fa94-04c1-424b-9868-57a2d4851a1d" />
    <TestEntry testId="a3e7e124-513f-599e-5dcf-9092069c6e07" executionId="44bab53f-d7cc-42b3-a6e9-5943d7ad7487" testListId="8c84fa94-04c1-424b-9868-57a2d4851a1d" />
    <TestEntry testId="dd7db48f-87b8-61de-b17c-06d3ef83a055" executionId="486439a3-1021-4b87-a531-c544b49b0774" testListId="8c84fa94-04c1-424b-9868-57a2d4851a1d" />
    <TestEntry testId="fb684710-7aee-b5ee-ca08-6c8c8894727b" executionId="30a6756b-1aec-47cb-bb1a-c7706af8a8ee" testListId="8c84fa94-04c1-424b-9868-57a2d4851a1d" />
    <TestEntry testId="3be3dd6c-70a8-fb50-940e-ef5b6d783571" executionId="0756e732-bf7a-4c39-887d-55ee928c67be" testListId="8c84fa94-04c1-424b-9868-57a2d4851a1d" />
    <TestEntry testId="169ff10c-e66e-16ab-a678-ea53f5925307" executionId="2561f017-8a9f-4bf1-81f9-b838bcbad534" testListId="8c84fa94-04c1-424b-9868-57a2d4851a1d" />
    <TestEntry testId="3538f6df-51fc-46bb-bdd2-8a9a714c9781" executionId="b8268bdf-4cee-4cb5-a0cc-cd74bc0aa40a" testListId="8c84fa94-04c1-424b-9868-57a2d4851a1d" />
    <TestEntry testId="40352d1e-7af0-87a6-2cbd-75971fbe368c" executionId="389445b4-f379-4213-8728-b3d59f39e9cd" testListId="8c84fa94-04c1-424b-9868-57a2d4851a1d" />
    <TestEntry testId="9e34c367-5723-2d6b-b206-e27de106d084" executionId="a32720bd-651d-48a7-b843-7492ef6802e7" testListId="8c84fa94-04c1-424b-9868-57a2d4851a1d" />
    <TestEntry testId="e2fb3b49-d247-3780-d8ba-70eea61fc9c3" executionId="41ba0216-eac6-4a68-ab5f-bacec79b3f43" testListId="8c84fa94-04c1-424b-9868-57a2d4851a1d" />
    <TestEntry testId="6a762779-34b5-9625-f1df-b0709303efc2" executionId="079b30b3-10b7-4ac0-9da1-cfa83639d026" testListId="8c84fa94-04c1-424b-9868-57a2d4851a1d" />
    <TestEntry testId="86d1cc4f-8091-b22e-336f-4cb0386e426c" executionId="66210225-da65-4266-b642-603df68904dc" testListId="8c84fa94-04c1-424b-9868-57a2d4851a1d" />
    <TestEntry testId="0f15567d-8946-0afb-e177-08aff03eae03" executionId="dbb46d91-bad3-40c9-ad02-aff2d7d0b88c" testListId="8c84fa94-04c1-424b-9868-57a2d4851a1d" />
    <TestEntry testId="bb42b17f-ff3f-6784-6f3c-e7ff14203605" executionId="48a4fd5a-d8a2-4941-bed4-34b3a4f63b8b" testListId="8c84fa94-04c1-424b-9868-57a2d4851a1d" />
    <TestEntry testId="136de879-175a-bc3d-7320-1d7a216765a0" executionId="1a09a0d8-3e8f-4a20-9381-a9133edb53bf" testListId="8c84fa94-04c1-424b-9868-57a2d4851a1d" />
    <TestEntry testId="c0d78bc9-8b22-4b83-e487-b28dbfa43be1" executionId="b8306767-9d40-4824-b48e-8827aa79ad62" testListId="8c84fa94-04c1-424b-9868-57a2d4851a1d" />
    <TestEntry testId="5a880289-fba4-8a86-5ba1-cfa26e3284b5" executionId="b82afa7a-18ec-4601-a73e-234b2653dbfd" testListId="8c84fa94-04c1-424b-9868-57a2d4851a1d" />
    <TestEntry testId="e054dcdd-51af-3c68-d12e-6dc73cf4eb19" executionId="abd73736-2b8e-4cb7-b6bf-3c4ef10b6ee3" testListId="8c84fa94-04c1-424b-9868-57a2d4851a1d" />
    <TestEntry testId="da47f623-7c3a-9404-4444-2b2c7c59f762" executionId="14062b33-0427-4d36-9d4b-eb2cd3f3da7b" testListId="8c84fa94-04c1-424b-9868-57a2d4851a1d" />
    <TestEntry testId="9b73a5d8-1c11-0cec-419f-e56feb2831ba" executionId="a8f63b47-d2b3-4868-a077-f417ef9b33bd" testListId="8c84fa94-04c1-424b-9868-57a2d4851a1d" />
    <TestEntry testId="6df818c5-73c8-7004-d8bf-eb24c08d331c" executionId="a187ba0d-2c72-4c53-8ff0-a21f4eac3ebc" testListId="8c84fa94-04c1-424b-9868-57a2d4851a1d" />
    <TestEntry testId="910d9e71-a6d1-f7ea-624f-20cad78d3822" executionId="8f2c939f-3f6a-4bd0-91d4-a548fe953ca7" testListId="8c84fa94-04c1-424b-9868-57a2d4851a1d" />
    <TestEntry testId="88cce5da-1134-4d90-54f2-f1e25810b263" executionId="ca22e130-c530-4848-8fb0-dac6c462f655" testListId="8c84fa94-04c1-424b-9868-57a2d4851a1d" />
    <TestEntry testId="6904d3c0-7be0-62c4-0ee3-07e51655142b" executionId="5bafc844-7108-4749-98a8-c46c2f3e1b1b" testListId="8c84fa94-04c1-424b-9868-57a2d4851a1d" />
    <TestEntry testId="49f154a2-52b8-d09b-0cc0-999f7d82fc57" executionId="4c6cbbaf-f3fa-4376-8dde-614e41dba4dd" testListId="8c84fa94-04c1-424b-9868-57a2d4851a1d" />
    <TestEntry testId="470e3884-a013-e07a-6032-a69655df1b7d" executionId="4529c55b-885f-4032-8643-ac5c3ed52856" testListId="8c84fa94-04c1-424b-9868-57a2d4851a1d" />
    <TestEntry testId="f1542d8f-aea4-6399-622a-dbd039a58b9a" executionId="702d784f-accf-47c9-b002-9ef32d6e665d" testListId="8c84fa94-04c1-424b-9868-57a2d4851a1d" />
    <TestEntry testId="d8a26e5e-a3ae-ca28-4ef4-d1f662c46cd6" executionId="8126bc45-0026-42bd-8aca-8b07fd88c305" testListId="8c84fa94-04c1-424b-9868-57a2d4851a1d" />
    <TestEntry testId="efc14a12-eb7c-c0b5-a73c-f0dcb17c28e9" executionId="979c9b30-324f-4b1c-b4ec-06b8c8b4600f" testListId="8c84fa94-04c1-424b-9868-57a2d4851a1d" />
    <TestEntry testId="d2a38c12-1133-cc13-9e43-5bdd0cf775fc" executionId="eb3415dd-bc73-4cce-b249-54f1cde9b180" testListId="8c84fa94-04c1-424b-9868-57a2d4851a1d" />
    <TestEntry testId="ba7f02fd-cb3c-c5bd-bb46-ccacb6d55dfc" executionId="c3ddd8bd-56c7-4e15-a773-6b7d2916c3ff" testListId="8c84fa94-04c1-424b-9868-57a2d4851a1d" />
    <TestEntry testId="227cdad4-e657-f59d-ef9e-12d753b423d0" executionId="d648ef43-43d6-4ea1-a4c5-c790aa42e046" testListId="8c84fa94-04c1-424b-9868-57a2d4851a1d" />
    <TestEntry testId="0b25e965-3296-4277-c598-c67475b071d1" executionId="bf625655-cd30-4948-a62c-ed8df24a0d19" testListId="8c84fa94-04c1-424b-9868-57a2d4851a1d" />
    <TestEntry testId="c5470e5b-7c09-9f0a-1bc9-4794fa6f7f0d" executionId="223ef26b-2f32-4d43-a285-e6499e7173ea" testListId="8c84fa94-04c1-424b-9868-57a2d4851a1d" />
    <TestEntry testId="8b04072f-eeb4-1721-94fb-a629d1232d5b" executionId="0190dc55-876b-4f9a-b6fc-5f427f6255c1" testListId="8c84fa94-04c1-424b-9868-57a2d4851a1d" />
    <TestEntry testId="f4901ffe-89d3-e081-0aa9-7b9d56b57c0f" executionId="594bf1a5-5ce0-41f8-b157-1ab821b26f12" testListId="8c84fa94-04c1-424b-9868-57a2d4851a1d" />
    <TestEntry testId="505bf6e1-ce44-5a68-88c1-fb6651bb0490" executionId="875b544d-3139-4432-9137-580e9f7d5f5e" testListId="8c84fa94-04c1-424b-9868-57a2d4851a1d" />
    <TestEntry testId="507dcade-d9c5-591a-a8c8-41d99aa32547" executionId="3eada049-998f-4ef9-a2da-4523096027cd" testListId="8c84fa94-04c1-424b-9868-57a2d4851a1d" />
    <TestEntry testId="61bc1cb9-fa1c-14ae-4514-4fe458a0c1ea" executionId="e2f6bfb6-3588-40b6-8e81-bb5cb88678fe" testListId="8c84fa94-04c1-424b-9868-57a2d4851a1d" />
    <TestEntry testId="d4187810-f371-b966-4ddc-9f7511ff3c2e" executionId="e9e67c24-f93d-4f10-be51-36ad8590762f" testListId="8c84fa94-04c1-424b-9868-57a2d4851a1d" />
    <TestEntry testId="f1681b95-2edd-308e-08f8-900cdf2ed21f" executionId="c8efa55f-ed6c-4a6f-b9c4-a733cceb1f27" testListId="8c84fa94-04c1-424b-9868-57a2d4851a1d" />
    <TestEntry testId="123eb3ff-4a58-1eca-6d67-d756df1179d7" executionId="7d23842b-d03b-47e6-96e9-46459112e305" testListId="8c84fa94-04c1-424b-9868-57a2d4851a1d" />
    <TestEntry testId="f9b9c561-1fe4-1995-c5fe-f02674753531" executionId="baea4299-03bb-4624-bc68-42c9b61d047a" testListId="8c84fa94-04c1-424b-9868-57a2d4851a1d" />
    <TestEntry testId="6cef3e8d-2ebd-6290-5a28-0c415e30adc8" executionId="2e658d9d-50f0-4717-8d21-0f69a3a5ba9b" testListId="8c84fa94-04c1-424b-9868-57a2d4851a1d" />
    <TestEntry testId="bc4a1af8-3d51-4179-a551-c278715b53c7" executionId="9feabaa9-6f4c-4be4-a4e5-ae48578d9298" testListId="8c84fa94-04c1-424b-9868-57a2d4851a1d" />
    <TestEntry testId="9207245b-a7fa-82ff-1427-4b3d12e39613" executionId="f33929eb-d94e-4c3f-bf13-0578fb637614" testListId="8c84fa94-04c1-424b-9868-57a2d4851a1d" />
    <TestEntry testId="f8d56533-4831-9e9d-1d46-8aa065d52bd7" executionId="ddf09577-2d9a-48fd-b4c1-76f518644780" testListId="8c84fa94-04c1-424b-9868-57a2d4851a1d" />
    <TestEntry testId="76542709-be8d-6929-2c1e-1e0af7b93f0e" executionId="5abb2755-8d02-4681-b250-f7fc1483a76d" testListId="8c84fa94-04c1-424b-9868-57a2d4851a1d" />
    <TestEntry testId="1396e80d-ac6c-7b7b-e5dd-cce3f57d2022" executionId="a6dc4c5e-16cc-409f-9c96-118d9b8b8cfb" testListId="8c84fa94-04c1-424b-9868-57a2d4851a1d" />
    <TestEntry testId="b2a70d06-beb1-52cd-a2cd-c3fbd2a0e80f" executionId="af1e6a48-0f9f-41c4-868a-79fe8dcbee6f" testListId="8c84fa94-04c1-424b-9868-57a2d4851a1d" />
    <TestEntry testId="7bced07e-5002-455f-f0b3-e4b378be8923" executionId="d7321a3d-50d5-450d-8b9d-1c7f668ce241" testListId="8c84fa94-04c1-424b-9868-57a2d4851a1d" />
    <TestEntry testId="12aa105f-10e1-59b7-7310-0c550e8398f0" executionId="f4f75fec-739e-42ca-8ce7-c47ea37c946c" testListId="8c84fa94-04c1-424b-9868-57a2d4851a1d" />
    <TestEntry testId="e4acf489-b013-782f-a6fa-a1ae4b61107d" executionId="a9302cf2-46b7-488c-ab11-43e5409e9c9f" testListId="8c84fa94-04c1-424b-9868-57a2d4851a1d" />
    <TestEntry testId="b1e328f4-c08c-066b-0de5-353098f02c6d" executionId="96f01616-05d0-4f0f-9b1c-1d2de78af9b7" testListId="8c84fa94-04c1-424b-9868-57a2d4851a1d" />
    <TestEntry testId="3add4a08-97e9-90f7-a8c6-705b9e10368c" executionId="f045b6b6-d46b-495b-9cff-0a3a34ef88ed" testListId="8c84fa94-04c1-424b-9868-57a2d4851a1d" />
    <TestEntry testId="b4150eb4-7116-6d8e-ac8b-e76f559058b0" executionId="1aeff7c0-ae5a-4976-88cd-97e4b1a8b1e5" testListId="8c84fa94-04c1-424b-9868-57a2d4851a1d" />
    <TestEntry testId="d6af3bbc-50d4-c2cf-6b87-9647ae787cde" executionId="a8951bab-87a4-413f-95e2-20613014d401" testListId="8c84fa94-04c1-424b-9868-57a2d4851a1d" />
    <TestEntry testId="97023402-6dfa-1a85-9a19-e49c35df9c6b" executionId="2e73d1bb-090a-436a-ad4a-323e817fac6f" testListId="8c84fa94-04c1-424b-9868-57a2d4851a1d" />
    <TestEntry testId="d1de3b4d-2e01-3204-b28f-98879a6cc328" executionId="3618826e-2f6b-41a8-9a73-7b58634f5e8f" testListId="8c84fa94-04c1-424b-9868-57a2d4851a1d" />
    <TestEntry testId="ea065467-0433-ed80-40ec-d47c6bf0c0ec" executionId="e048a82d-7671-455b-99ff-e1a120e134cd" testListId="8c84fa94-04c1-424b-9868-57a2d4851a1d" />
    <TestEntry testId="37e26fc7-40a0-7e47-0f13-ec833e365aba" executionId="d8205b28-6268-423a-ae02-dbe8ae59d4ff" testListId="8c84fa94-04c1-424b-9868-57a2d4851a1d" />
    <TestEntry testId="a4208f47-51bb-3553-6e35-32df31a81552" executionId="52b69e56-45ff-433e-929d-b81a32d00f3a" testListId="8c84fa94-04c1-424b-9868-57a2d4851a1d" />
  </TestEntries>
  <TestLists>
    <TestList name="Results Not in a List" id="8c84fa94-04c1-424b-9868-57a2d4851a1d" />
    <TestList name="All Loaded Results" id="19431567-8539-422a-85d7-44ee4e166bda" />
  </TestLists>
  <ResultSummary outcome="Completed">
    <Counters total="356" executed="333" passed="333" failed="0" error="0" timeout="0" aborted="0" inconclusive="0" passedButRunAborted="0" notRunnable="0" notExecuted="0" disconnected="0" warning="0" completed="0" inProgress="0" pending="0" />
    <Output>
      <StdOut>Test 'TestCreateDirectory' was skipped in the test run.&#xD;
Test 'TestConstructor' was skipped in the test run.&#xD;
Test 'TestParseFull' was skipped in the test run.&#xD;
Test 'TestParseFullTranslate' was skipped in the test run.&#xD;
Test 'TestParseMinimum' was skipped in the test run.&#xD;
Test 'TestParseXmlThatDoesNotValidateSchema' was skipped in the test run.&#xD;
Test 'TestStartProcess' was skipped in the test run.&#xD;
Test 'TestTerminateProcess' was skipped in the test run.&#xD;
Test 'TestImportPackage_ShouldSucceed_WhenInstallerConatainsValidPackageXml' was skipped in the test run.&#xD;
Test 'ZipPackageUncompressed_ShouldBeImportedSuccessfully' was skipped in the test run.&#xD;
Test 'ZipPackageCompressed_ShouldBeImportedSuccessfully' was skipped in the test run.&#xD;
Test 'ZipPackageNoPackageXml_ShouldNotBeImported' was skipped in the test run.&#xD;
Test 'ExistingZipPackage_ShouldBeOverwritten' was skipped in the test run.&#xD;
Test 'ExistingExePackage_ShouldBeOverwritten' was skipped in the test run.&#xD;
Test 'ExistingExePackageWithReadOnlyAttribute_ShouldBeOverwritten' was skipped in the test run.&#xD;
Test 'ExistingZipPackageWithReadOnlyAttribute_ShouldBeOverwritten' was skipped in the test run.&#xD;
Test 'TestGetPackages' was skipped in the test run.&#xD;
Test 'TestGetPackagesWithNullRepositoryPath' was skipped in the test run.&#xD;
Test 'TestMakeDirWithWithCorrectSecurity' was skipped in the test run.&#xD;
Test 'TestRebooterTaskInvalidHostName' was skipped in the test run.&#xD;
Test 'IsTrusted_ShouldNotThrow_WhenPackageIsSigned' was skipped in the test run.&#xD;
Test 'IsTrusted_ShouldThrow_WhenPackageIsSignedButTampered' was skipped in the test run.&#xD;
Test 'IsTrusted_ShouldThrow_WhenPackageNotSigned' was skipped in the test run.&#xD;
</StdOut>
    </Output>
  </ResultSummary>
</TestRun>